Sat Dec 05 14:16:19 2015

Project path: C:\!projekt\parallella_proj\database

Env. WDIR: C:\WDIR\EEVX.1.1;C:\MentorGraphics\EEVX.1.1\SDD_HOME\standard;
WDIRs: 
	C:\WDIR\EEVX.1.1
	C:\MentorGraphics\EEVX.1.1\SDD_HOME\standard

Loaded cns files: 
	C:\WDIR\EEVX.1.1\user.cns=ed25-9677-f80c-7960-1561-2656-5612-6550-5497-17a1-4f6c-0fdc
	C:\MentorGraphics\EEVX.1.1\SDD_HOME\standard\ce_ee.cns=7.10.35

Loaded cns - data stored in database: C:\WDIR\EEVX.1.1\user.cns=ed25-9677-f80c-7960-1561-2656-5612-6550-5497-17a1-4f6c-0fdc;C:\MentorGraphics\EEVX.1.1\SDD_HOME\standard\ce_ee.cns=7.10.35
Before global upgrade from version: 7.10.35 to version: 7.10.35

BeforeGlobalUpgrade took 16ms, 0s

Upgrade snapshot DxD
UpgradeSnapshot took 69ms, 0s

Upgrade snapshot __ise_DxD
UpgradeSnapshot took 0ms, 0s

Upgrade snapshot xIOPT
UpgradeSnapshot took 0ms, 0s

Upgrade snapshot parallella_layout_temp
UpgradeSnapshot took 84ms, 0s

Upgrade snapshot parallella
UpgradeSnapshot took 63ms, 0s

Upgrade snapshot parallella_RefSync
UpgradeSnapshot took 67ms, 0s

Upgrade snapshot parallella_LDDTemp
UpgradeSnapshot took 69ms, 0s

After global upgrade
Set database cns file versions: ce_ee.cns=7.10.35;user.cns=ed25-9677-f80c-7960-1561-2656-5612-6550-5497-17a1-4f6c-0fdc
AfterGlobalUpgrade took 0ms, 0s

