Fri Nov 06 23:00:27 2015

Project path: C:\WDIR\EEVX.1.1\proj_test3\database

Env. WDIR: C:\WDIR\EEVX.1.1;C:\MentorGraphics\EEVX.1.1\SDD_HOME\standard;
WDIRs: 
	C:\WDIR\EEVX.1.1
	C:\MentorGraphics\EEVX.1.1\SDD_HOME\standard

Loaded cns files: 
	C:\WDIR\EEVX.1.1\user.cns=2d84-9f9c-cca2-35f0-4906-e069-906e-0650-7a91-dc3c-4c7a-fbba
	C:\MentorGraphics\EEVX.1.1\SDD_HOME\standard\ce_ee.cns=7.10.35

Loaded cns - data stored in database: C:\WDIR\EEVX.1.1\user.cns=2d84-9f9c-cca2-35f0-4906-e069-906e-0650-7a91-dc3c-4c7a-fbba;C:\MentorGraphics\EEVX.1.1\SDD_HOME\standard\ce_ee.cns=7.10.35
Before global upgrade from version: 7.10.35 to version: 7.10.35

BeforeGlobalUpgrade took 5ms, 0s

Upgrade snapshot DxD
UpgradeSnapshot took 18ms, 0s

Upgrade snapshot __ise_DxD
UpgradeSnapshot took 0ms, 0s

Upgrade snapshot xIOPT
UpgradeSnapshot took 0ms, 0s

Upgrade snapshot Board1_layout_temp
UpgradeSnapshot took 18ms, 0s

Upgrade snapshot Board1
UpgradeSnapshot took 19ms, 0s

Upgrade snapshot Board1_RefSync
UpgradeSnapshot took 18ms, 0s

Upgrade snapshot Board1_LDDTemp
UpgradeSnapshot took 18ms, 0s

After global upgrade
Set database cns file versions: ce_ee.cns=7.10.35;user.cns=2d84-9f9c-cca2-35f0-4906-e069-906e-0650-7a91-dc3c-4c7a-fbba
AfterGlobalUpgrade took 0ms, 0s

