Sat Nov 07 09:32:18 2015

Project path: C:\Users\PCBD5\Desktop\MentorV2\parallella_proj\database

Env. WDIR: C:\WDIR\EEVX.1.1;C:\MentorGraphics\EEVX.1.1\SDD_HOME\standard;
WDIRs: 
	C:\WDIR\EEVX.1.1
	C:\MentorGraphics\EEVX.1.1\SDD_HOME\standard

Loaded cns files: 
	C:\WDIR\EEVX.1.1\user.cns=c5f0-f648-fd70-b072-317b-d368-17bd-3650-8533-819d-f859-b809
	C:\MentorGraphics\EEVX.1.1\SDD_HOME\standard\ce_ee.cns=7.10.35

Loaded cns - data stored in database: C:\WDIR\EEVX.1.1\user.cns=c5f0-f648-fd70-b072-317b-d368-17bd-3650-8533-819d-f859-b809;C:\MentorGraphics\EEVX.1.1\SDD_HOME\standard\ce_ee.cns=7.10.35
Before global upgrade from version: 7.10.35 to version: 7.10.35

BeforeGlobalUpgrade took 30ms, 0s

Upgrade snapshot DxD
UpgradeSnapshot took 130ms, 0s

Upgrade snapshot __ise_DxD
UpgradeSnapshot took 0ms, 0s

Upgrade snapshot xIOPT
UpgradeSnapshot took 0ms, 0s

Upgrade snapshot parallella_layout_temp
UpgradeSnapshot took 220ms, 0s

Upgrade snapshot parallella
UpgradeSnapshot took 110ms, 0s

Upgrade snapshot parallella_RefSync
UpgradeSnapshot took 120ms, 0s

Upgrade snapshot parallella_LDDTemp
UpgradeSnapshot took 116ms, 0s

After global upgrade
Set database cns file versions: ce_ee.cns=7.10.35;user.cns=c5f0-f648-fd70-b072-317b-d368-17bd-3650-8533-819d-f859-b809
AfterGlobalUpgrade took 0ms, 0s

