Thu Nov 17 21:50:49 2016

Project path: C:\WDIR\EEVX.2\DxProjects\parallella_proj\database

Env. WDIR: C:\WDIR\EEVX.2;C:\MentorGraphics\EEVX.2\SDD_HOME\standard;
WDIRs: 
	C:\WDIR\EEVX.2
	C:\MentorGraphics\EEVX.2\SDD_HOME\standard

Loaded cns files: 
	C:\WDIR\EEVX.2\user.cns=f137-e5a7-d596-06a1-2284-3187-2843-1850-7d63-dc3c-4c7a-fbba
	C:\MentorGraphics\EEVX.2\SDD_HOME\standard\ce_ee.cns=7.10.56

Loaded cns - data stored in database: C:\WDIR\EEVX.2\user.cns=f137-e5a7-d596-06a1-2284-3187-2843-1850-7d63-dc3c-4c7a-fbba;C:\MentorGraphics\EEVX.2\SDD_HOME\standard\ce_ee.cns=7.10.56
Before global upgrade from version: 7.10.56 to version: 7.10.56

BeforeGlobalUpgrade took 7ms, 0s

Upgrade snapshot DxD
UpgradeSnapshot took 93ms, 0s

Upgrade snapshot __ise_DxD
UpgradeSnapshot took 0ms, 0s

Upgrade snapshot xIOPT
UpgradeSnapshot took 0ms, 0s

Upgrade snapshot parallella_layout_temp
UpgradeSnapshot took 26ms, 0s

Upgrade snapshot parallella
UpgradeSnapshot took 26ms, 0s

Upgrade snapshot parallella_RefSync
UpgradeSnapshot took 26ms, 0s

Upgrade snapshot parallella_LDDTemp
UpgradeSnapshot took 26ms, 0s

After global upgrade
Set database cns file versions: ce_ee.cns=7.10.56;user.cns=f137-e5a7-d596-06a1-2284-3187-2843-1850-7d63-dc3c-4c7a-fbba
AfterGlobalUpgrade took 19ms, 0s

