ICDB server [info]: Starting [Autosave] backup process
ICDB server [info]: Starting [Autosave] backup process
ICDB server [info]: [AutoSave] backup of size [1.1 MB] created successfully in location [C:\proj_test3\ProjectBackup\backups\2015-10-23 19.50.50 - auto.zip]
ICDB server [info]: [AutoSave] backup of size [1.1 MB] created successfully in location [C:\proj_test3\ProjectBackup\backups\2015-10-23 19.50.50 - auto.zip]
ICDB server [info]: Starting [Autosave] backup process
ICDB server [info]: Starting [Autosave] backup process
ICDB server [info]: [AutoSave] backup of size [1.2 MB] created successfully in location [C:\proj_test3\ProjectBackup\backups\2015-10-24 13.28.11 - auto.zip]
ICDB server [info]: [AutoSave] backup of size [1.2 MB] created successfully in location [C:\proj_test3\ProjectBackup\backups\2015-10-24 13.28.11 - auto.zip]
ICDB server [info]: Starting [Autosave] backup process
ICDB server [info]: [AutoSave] backup of size [1.5 MB] created successfully in location [C:\proj_test3\ProjectBackup\backups\2015-10-24 17.28.11 - auto.zip]
ICDB server [info]: Starting [Autosave] backup process
ICDB server [info]: Starting [Autosave] backup process
ICDB server [info]: [AutoSave] backup of size [2.3 MB] created successfully in location [C:\proj_test3\ProjectBackup\backups\2015-10-29 10.57.09 - auto.zip]
ICDB server [info]: [AutoSave] backup of size [2.3 MB] created successfully in location [C:\proj_test3\ProjectBackup\backups\2015-10-29 10.57.09 - auto.zip]
DRC> Info : Reading Check definitions : 'c:/mentorgraphics/eevx.1.1/sdd_home/standard/VerifyDefaults.ini' : OK
DRC> Reading GUI file 'c:/mentorgraphics/eevx.1.1/sdd_home/standard/VerifyDefaults.ini'
ICDB server [info]: Starting [Autosave] backup process
ICDB server [info]: Starting [Autosave] backup process
ICDB server [info]: [AutoSave] backup of size [2.3 MB] created successfully in location [C:\proj_test3\ProjectBackup\backups\2015-10-29 17.51.58 - auto.zip]
ICDB server [info]: [AutoSave] backup of size [2.3 MB] created successfully in location [C:\proj_test3\ProjectBackup\backups\2015-10-29 17.51.58 - auto.zip]
ICDB server [info]: Starting [SymbolUpdate] backup process
ICDB server [info]: [Symbol Update] backup of size [2.3 MB] created successfully in location [C:\proj_test3\ProjectBackup\backups\2015-10-29 19.13.12 - symUpd.zip]
ICDB server [info]: Starting [SymbolUpdate] backup process
ICDB server [info]: [Symbol Update] backup of size [2.3 MB] created successfully in location [C:\proj_test3\ProjectBackup\backups\2015-10-31 20.59.54 - symUpd.zip]
ICDB server [info]: Starting [Autosave] backup process
ICDB server [info]: [AutoSave] backup of size [2.3 MB] created successfully in location [C:\proj_test3\ProjectBackup\backups\2015-10-31 21.00.56 - auto.zip]
ICDB server [info]: Starting [Autosave] backup process
ICDB server [info]: [AutoSave] backup of size [2.4 MB] created successfully in location [C:\proj_test3\ProjectBackup\backups\2015-11-01 20.06.09 - auto.zip]
ICDB server [info]: Starting [SymbolUpdate] backup process
ICDB server [info]: [Symbol Update] backup of size [2.4 MB] created successfully in location [C:\proj_test3\ProjectBackup\backups\2015-11-01 20.48.51 - symUpd.zip]
ICDB server [info]: Starting [SymbolUpdate] backup process
ICDB server [info]: [Symbol Update] backup of size [2.5 MB] created successfully in location [C:\proj_test3\ProjectBackup\backups\2015-11-01 21.17.25 - symUpd.zip]
DRC> Info : Reading Check definitions : 'c:/mentorgraphics/eevx.1.1/sdd_home/standard/VerifyDefaults.ini' : OK
DRC> Reading GUI file 'c:/mentorgraphics/eevx.1.1/sdd_home/standard/VerifyDefaults.ini'
ICDB server [info]: Starting [Autosave] backup process
ICDB server [info]: [AutoSave] backup of size [2.6 MB] created successfully in location [C:\proj_test3\ProjectBackup\backups\2015-11-02 12.35.39 - auto.zip]
ICDB server [info]: Starting [Autosave] backup process
ICDB server [info]: [AutoSave] backup of size [3.1 MB] created successfully in location [C:\proj_test3\ProjectBackup\backups\2015-11-02 19.22.30 - auto.zip]
DRC> Info : Reading Check definitions : 'c:/mentorgraphics/eevx.1.1/sdd_home/standard/VerifyDefaults.ini' : OK
DRC> Reading GUI file 'c:/mentorgraphics/eevx.1.1/sdd_home/standard/VerifyDefaults.ini'
ICDB server [info]: Starting [Autosave] backup process
ICDB server [info]: [AutoSave] backup of size [3.1 MB] created successfully in location [C:\proj_test3\ProjectBackup\backups\2015-11-04 19.15.41 - auto.zip]
Selected objects contain constraints that will not be copied
Selected objects contain constraints that will not be copied
DRC> Info : Reading Check definitions : 'c:/mentorgraphics/eevx.1.1/sdd_home/standard/VerifyDefaults.ini' : OK
DRC> Reading GUI file 'c:/mentorgraphics/eevx.1.1/sdd_home/standard/VerifyDefaults.ini'
ICDB server [info]: Starting [Autosave] backup process
ICDB server [info]: [AutoSave] backup of size [3.1 MB] created successfully in location [C:\proj_test3\ProjectBackup\backups\2015-11-05 12.10.04 - auto.zip]
ICDB server [info]: Starting [Autosave] backup process
ICDB server [info]: [AutoSave] backup of size [3.4 MB] created successfully in location [C:\proj_test3\ProjectBackup\backups\2015-11-05 16.10.04 - auto.zip]
ICDB server [info]: Starting [Autosave] backup process
ICDB server [info]: [AutoSave] backup of size [3.4 MB] created successfully in location [C:\WDIR\EEVX.1.1\proj_test3\ProjectBackup\backups\2015-11-06 23.00.34 - auto.zip]
ICDB server [info]: Starting [Autosave] backup process
ICDB server [info]: [AutoSave] backup of size [3.5 MB] created successfully in location [\\LAB717-10-PC\Users\PCBD5\Desktop\MentorV2\parallella_proj\ProjectBackup\backups\2015-11-07 09.45.23 - auto.zip]
ICDB server [info]: Starting [Autosave] backup process
ICDB server [info]: [AutoSave] backup of size [3.3 MB] created successfully in location [\\LAB717-10-PC\Users\PCBD5\Desktop\MentorV2\parallella_proj\ProjectBackup\backups\2015-11-07 13.45.23 - auto.zip]
ICDB server [info]: Starting [Autosave] backup process
ICDB server [info]: [AutoSave] backup of size [3.3 MB] created successfully in location [\\LAB717-10-PC\Users\PCBD5\Desktop\MentorV2\parallella_proj\ProjectBackup\backups\2015-11-14 09.15.29 - auto.zip]
Selected objects contain constraints that will not be copied
Selected objects contain constraints that will not be copied
Selected objects contain constraints that will not be copied
Selected objects contain constraints that will not be copied
Selected objects contain constraints that will not be copied
ICDB server [info]: Starting [Autosave] backup process
ICDB server [info]: [AutoSave] backup of size [3.3 MB] created successfully in location [\\LAB717-10-PC\Users\PCBD5\Desktop\MentorV2\parallella_proj\ProjectBackup\backups\2015-11-14 13.15.29 - auto.zip]
ICDB server [info]: Starting [Autosave] backup process
ICDB server [info]: [AutoSave] backup of size [3.4 MB] created successfully in location [\\LAB717-10-PC\Users\PCBD5\Desktop\MentorV2\parallella_proj\ProjectBackup\backups\2015-11-21 10.08.36 - auto.zip]
ICDB server [info]: Starting [Autosave] backup process
ICDB server [info]: [AutoSave] backup of size [3.7 MB] created successfully in location [\\LAB717-10-PC\Users\PCBD5\Desktop\MentorV2\parallella_proj\ProjectBackup\backups\2015-11-21 14.08.36 - auto.zip]
ICDB server [info]: Starting [Autosave] backup process
ICDB server [info]: [AutoSave] backup of size [3.6 MB] created successfully in location [\\LAB717-10-PC\Users\PCBD5\Desktop\MentorV2\parallella_proj\ProjectBackup\backups\2015-11-28 09.29.52 - auto.zip]
ICDB server [info]: Starting [Autosave] backup process
ICDB server [info]: [AutoSave] backup of size [3.7 MB] created successfully in location [\\LAB717-10-PC\Users\PCBD5\Desktop\MentorV2\parallella_proj\ProjectBackup\backups\2015-12-05 10.39.47 - auto.zip]
ICDB server [info]: Starting [Autosave] backup process
ICDB server [info]: [AutoSave] backup of size [3.8 MB] created successfully in location [C:\!projekt\parallella_proj\ProjectBackup\backups\2015-12-05 14.39.47 - auto.zip]
ICDB server [info]: Starting [Autosave] backup process
ICDB server [info]: [AutoSave] backup of size [3.8 MB] created successfully in location [C:\!projekt\parallella_proj\ProjectBackup\backups\2015-12-05 20.52.53 - auto.zip]
ICDB server [info]: Starting [DxDiagnostics] backup process
ICDB server [info]: [xDX Diagnostics] backup of size [4.0 MB] created successfully in location [J:\!projekt\parallella_proj\ProjectBackup\backups\2016-10-28 14.40.56 - DxDiag.zip]
ICDB server [info]: Starting [Autosave] backup process
ICDB server [info]: [AutoSave] backup of size [4.0 MB] created successfully in location [J:\!projekt\parallella_proj\ProjectBackup\backups\2016-10-28 14.41.21 - auto.zip]
ICDB server [info]: Starting [Autosave] backup process
ICDB server [info]: [AutoSave] backup of size [4.2 MB] created successfully in location [K:\!projekt\parallella_proj\ProjectBackup\backups\2016-11-02 20.54.02 - auto.zip]
DRC> Info : Reading Check definitions : 'c:/mentorgraphics\eevx.2\sdd_home\standard\VerifyDefaults.ini' : OK
DRC> Reading GUI file 'c:/mentorgraphics\eevx.2\sdd_home\standard\VerifyDefaults.ini'
DRC> Info : Reading Check definitions : 'c:/mentorgraphics\eevx.2\sdd_home\standard\VerifyDefaults.ini' : OK
DRC> Reading GUI file 'c:/mentorgraphics\eevx.2\sdd_home\standard\VerifyDefaults.ini'
DRC> Info : Reading Check definitions : 'c:/mentorgraphics\eevx.2\sdd_home\standard\VerifyDefaults.ini' : OK
DRC> Reading GUI file 'c:/mentorgraphics\eevx.2\sdd_home\standard\VerifyDefaults.ini'
DRC> Info : Reading Check definitions : 'c:/mentorgraphics\eevx.2\sdd_home\standard\VerifyDefaults.ini' : OK
DRC> Reading GUI file 'c:/mentorgraphics\eevx.2\sdd_home\standard\VerifyDefaults.ini'
ICDB server [info]: Starting [Autosave] backup process
ICDB server [info]: [AutoSave] backup of size [4.9 MB] created successfully in location [H:\!projekt\parallella_proj\ProjectBackup\backups\2016-11-03 11.57.43 - auto.zip]
Selected objects contain constraints that will not be copied
Selected objects contain constraints that will not be copied
ICDB server [info]: Starting [Autosave] backup process
ICDB server [info]: [AutoSave] backup of size [4.3 MB] created successfully in location [I:\!projekt\parallella_proj\ProjectBackup\backups\2016-11-03 20.48.49 - auto.zip]
ICDB server [info]: Starting [Autosave] backup process
ICDB server [info]: [AutoSave] backup of size [4.4 MB] created successfully in location [J:\!projekt\parallella_proj\ProjectBackup\backups\2016-11-09 15.40.23 - auto.zip]
ICDB server [info]: Starting [Autosave] backup process
ICDB server [info]: [AutoSave] backup of size [4.4 MB] created successfully in location [J:\!projekt\parallella_proj\ProjectBackup\backups\2016-11-09 19.40.23 - auto.zip]
ICDB server [info]: Starting [Autosave] backup process
ICDB server [info]: [AutoSave] backup of size [4.2 MB] created successfully in location [C:\WDIR\EEVX.2\DxProjects\parallella_proj\ProjectBackup\backups\2016-11-17 21.51.23 - auto.zip]
ICDB server [info]: Starting [Autosave] backup process
ICDB server [info]: [AutoSave] backup of size [3.0 MB] created successfully in location [\\LAB717-3\Users\superstudent\Desktop\PCBD\!projekt_i_bibioteka\parallella_proj\ProjectBackup\backups\2017-11-18 10.19.58 - auto.zip]
ICDB server [info]: Starting [Autosave] backup process
ICDB server [info]: [AutoSave] backup of size [3.8 MB] created successfully in location [\\LAB717-3\Users\superstudent\Desktop\PCBD\!projekt_i_bibioteka\parallella_proj\ProjectBackup\backups\2017-11-18 14.19.58 - auto.zip]
ICDB server [info]: Starting [Autosave] backup process
ICDB server [info]: [AutoSave] backup of size [4.1 MB] created successfully in location [\\LAB717-3\Users\superstudent\Desktop\PCBD\!projekt_i_bibioteka\parallella_proj\ProjectBackup\backups\2017-11-25 09.21.13 - auto.zip]
Properties> This property is not defined in the Central Library Property Definition Editor. Please define the property before editing.
Properties> This property is not defined in the Central Library Property Definition Editor. Please define the property before editing.
ICDB server [info]: Starting [Autosave] backup process
ICDB server [info]: [AutoSave] backup of size [4.0 MB] created successfully in location [\\LAB717-3\Users\superstudent\Desktop\PCBD\!projekt_i_bibioteka\parallella_proj\ProjectBackup\backups\2017-11-25 13.21.13 - auto.zip]
ICDB server [info]: Starting [Autosave] backup process
ICDB server [info]: [AutoSave] backup of size [4.1 MB] created successfully in location [\\LAB717-3\Users\superstudent\Desktop\PCBD\!projekt_i_bibioteka\parallella_proj\ProjectBackup\backups\2017-12-02 08.44.58 - auto.zip]
ICDB server [info]: Starting [Autosave] backup process
ICDB server [info]: [AutoSave] backup of size [4.2 MB] created successfully in location [\\LAB717-3\Users\superstudent\Desktop\PCBD\!projekt_i_bibioteka\parallella_proj\ProjectBackup\backups\2017-12-02 12.44.58 - auto.zip]
ICDB server [info]: Starting [Autosave] backup process
ICDB server [info]: [AutoSave] backup of size [4.2 MB] created successfully in location [\\LAB717-3\Users\superstudent\Desktop\PCBD\!projekt_i_bibioteka\parallella_proj\ProjectBackup\backups\2017-12-16 08.46.59 - auto.zip]
ICDB server [info]: Starting [Autosave] backup process
ICDB server [info]: [AutoSave] backup of size [4.3 MB] created successfully in location [\\LAB717-3\Users\superstudent\Desktop\PCBD\!projekt_i_bibioteka\parallella_proj\ProjectBackup\backups\2017-12-16 12.46.59 - auto.zip]
ICDB server [info]: Starting [Autosave] backup process
ICDB server [info]: [AutoSave] backup of size [4.3 MB] created successfully in location [\\LAB717-3\Users\superstudent\Desktop\PCBD\!projekt_i_bibioteka\parallella_proj\ProjectBackup\backups\2018-01-13 11.14.43 - auto.zip]
ICDB server [info]: Starting [Autosave] backup process
ICDB server [info]: [AutoSave] backup of size [4.3 MB] created successfully in location [\\LAB717-3\Users\superstudent\Desktop\PCBD\!projekt_i_bibioteka\parallella_proj\ProjectBackup\backups\2018-02-03 10.17.27 - auto.zip]
Properties> This property is not defined in the Central Library Property Definition Editor. Please define the property before editing.
Properties> This property is not defined in the Central Library Property Definition Editor. Please define the property before editing.
ICDB server [info]: Starting [Autosave] backup process
ICDB server [info]: [AutoSave] backup of size [4.6 MB] created successfully in location [\\HOME-PC-W7\Users\HOME\Desktop\PCBD\!projekt_i_bibioteka\parallella_proj\ProjectBackup\backups\2018-02-16 14.18.39 - auto.zip]
ICDB server [info]: Starting [Autosave] backup process
ICDB server [info]: [AutoSave] backup of size [4.3 MB] created successfully in location [C:\Users\student1\Desktop\PCBD\!projekt_i_bibioteka\parallella_proj\ProjectBackup\backups\2018-02-17 09.16.26 - auto.zip]
ICDB server [info]: Starting [Autosave] backup process
ICDB server [info]: [AutoSave] backup of size [4.6 MB] created successfully in location [C:\Users\student1\Desktop\PCBD\!projekt_i_bibioteka\parallella_proj\ProjectBackup\backups\2018-02-17 13.16.26 - auto.zip]
Properties> This property is not defined in the Central Library Property Definition Editor. Please define the property before editing.
Properties> This property is not defined in the Central Library Property Definition Editor. Please define the property before editing.
Properties> This property is not defined in the Central Library Property Definition Editor. Please define the property before editing.
Properties> This property is not defined in the Central Library Property Definition Editor. Please define the property before editing.
ICDB server [info]: Starting [Autosave] backup process
ICDB server [info]: [AutoSave] backup of size [4.6 MB] created successfully in location [C:\Users\student1\Desktop\PCBD\!projekt_i_bibioteka\parallella_proj\ProjectBackup\backups\2018-02-24 09.02.58 - auto.zip]
ICDB server [info]: Starting [Autosave] backup process
ICDB server [info]: [AutoSave] backup of size [4.6 MB] created successfully in location [C:\Users\student1\Desktop\PCBD\!projekt_i_bibioteka\parallella_proj\ProjectBackup\backups\2018-02-24 13.02.58 - auto.zip]
ICDB server [info]: Starting [Autosave] backup process
ICDB server [info]: [AutoSave] backup of size [4.6 MB] created successfully in location [C:\Users\student1\Desktop\PCBD\!projekt_i_bibioteka\parallella_proj\ProjectBackup\backups\2018-03-03 08.50.17 - auto.zip]
ICDB server [info]: Starting [Autosave] backup process
ICDB server [info]: [AutoSave] backup of size [4.6 MB] created successfully in location [C:\Users\student1\Desktop\PCBD\!projekt_i_bibioteka\parallella_proj\ProjectBackup\backups\2018-03-03 12.50.17 - auto.zip]
ICDB server [info]: Starting [Autosave] backup process
ICDB server [info]: [AutoSave] backup of size [4.6 MB] created successfully in location [\\HOME-PC-W7\Users\HOME\Desktop\PCBD\!projekt_i_bibioteka\parallella_proj\ProjectBackup\backups\2018-03-09 11.16.39 - auto.zip]
ICDB server [info]: Starting [Autosave] backup process
ICDB server [info]: [AutoSave] backup of size [4.6 MB] created successfully in location [\\HOME-PC-W7\Users\HOME\Desktop\PCBD\!projekt_i_bibioteka\parallella_proj\ProjectBackup\backups\2018-03-09 15.16.39 - auto.zip]
ICDB server [info]: Starting [Autosave] backup process
ICDB server [info]: [AutoSave] backup of size [4.6 MB] created successfully in location [C:\Users\student1\Desktop\PCBD\!projekt_i_bibioteka\parallella_proj\ProjectBackup\backups\2018-03-10 09.00.01 - auto.zip]
ICDB server [info]: Starting [Autosave] backup process
ICDB server [info]: [AutoSave] backup of size [4.6 MB] created successfully in location [C:\Users\student1\Desktop\PCBD\!projekt_i_bibioteka\parallella_proj\ProjectBackup\backups\2018-03-10 13.00.01 - auto.zip]
ICDB server [info]: Starting [Autosave] backup process
ICDB server [info]: [AutoSave] backup of size [4.7 MB] created successfully in location [E:\Pulpit\PCBD\!projekt_i_bibioteka\parallella_proj\ProjectBackup\backups\2018-03-16 08.31.51 - auto.zip]
ICDB server [info]: Starting [Autosave] backup process
ICDB server [info]: [AutoSave] backup of size [4.7 MB] created successfully in location [E:\Pulpit\PCBD\!projekt_i_bibioteka\parallella_proj\ProjectBackup\backups\2018-03-16 13.58.47 - auto.zip]
ICDB server [info]: Starting [Autosave] backup process
ICDB server [info]: [AutoSave] backup of size [4.7 MB] created successfully in location [\\HOME-PC-W7\Users\HOME\Desktop\PCBD\!projekt_i_bibioteka\parallella_proj\ProjectBackup\backups\2018-03-16 21.34.13 - auto.zip]
ICDB server [info]: Starting [Autosave] backup process
ICDB server [info]: [AutoSave] backup of size [4.7 MB] created successfully in location [\\HOME-PC-W7\Users\HOME\Desktop\PCBD\!projekt_i_bibioteka\parallella_proj\ProjectBackup\backups\2018-03-23 11.16.49 - auto.zip]
ICDB server [info]: Starting [Autosave] backup process
ICDB server [info]: [AutoSave] backup of size [4.7 MB] created successfully in location [E:\Pulpit\PCBD\!projekt_i_bibioteka\parallella_proj\ProjectBackup\backups\2018-03-24 09.25.11 - auto.zip]
Properties> This property is not defined in the Central Library Property Definition Editor. Please define the property before editing.
Properties> This property is not defined in the Central Library Property Definition Editor. Please define the property before editing.
Properties> This property is not defined in the Central Library Property Definition Editor. Please define the property before editing.
Properties> This property is not defined in the Central Library Property Definition Editor. Please define the property before editing.
Properties> This property is not defined in the Central Library Property Definition Editor. Please define the property before editing.
ICDB server [info]: Starting [Autosave] backup process
ICDB server [info]: [AutoSave] backup of size [4.8 MB] created successfully in location [\\HOME-PC-W7\Users\HOME\Desktop\Projekt Parallella\PCBD-backup4\!projekt_i_bibioteka\parallella_proj\ProjectBackup\backups\2018-04-19 17.05.23 - auto.zip]
Selected objects contain constraints that will not be copied
Properties> This property is not defined in the Central Library Property Definition Editor. Please define the property before editing.
Properties> This property is not defined in the Central Library Property Definition Editor. Please define the property before editing.
Properties> This property is not defined in the Central Library Property Definition Editor. Please define the property before editing.
Properties> This property is not defined in the Central Library Property Definition Editor. Please define the property before editing.
Properties> This property is not defined in the Central Library Property Definition Editor. Please define the property before editing.
Properties> This property is not defined in the Central Library Property Definition Editor. Please define the property before editing.
Properties> This property is not defined in the Central Library Property Definition Editor. Please define the property before editing.
Properties> This property is not defined in the Central Library Property Definition Editor. Please define the property before editing.
Properties> This property is not defined in the Central Library Property Definition Editor. Please define the property before editing.
Properties> This property is not defined in the Central Library Property Definition Editor. Please define the property before editing.
Properties> This property is not defined in the Central Library Property Definition Editor. Please define the property before editing.
Properties> This property is not defined in the Central Library Property Definition Editor. Please define the property before editing.
Properties> This property is not defined in the Central Library Property Definition Editor. Please define the property before editing.
Properties> This property is not defined in the Central Library Property Definition Editor. Please define the property before editing.
Properties> This property is not defined in the Central Library Property Definition Editor. Please define the property before editing.
Properties> This property is not defined in the Central Library Property Definition Editor. Please define the property before editing.
Properties> This property is not defined in the Central Library Property Definition Editor. Please define the property before editing.
Properties> This property is not defined in the Central Library Property Definition Editor. Please define the property before editing.
Properties> This property is not defined in the Central Library Property Definition Editor. Please define the property before editing.
Properties> This property is not defined in the Central Library Property Definition Editor. Please define the property before editing.
Properties> This property is not defined in the Central Library Property Definition Editor. Please define the property before editing.
Properties> This property is not defined in the Central Library Property Definition Editor. Please define the property before editing.
Properties> This property is not defined in the Central Library Property Definition Editor. Please define the property before editing.
Properties> This property is not defined in the Central Library Property Definition Editor. Please define the property before editing.
Properties> This property is not defined in the Central Library Property Definition Editor. Please define the property before editing.
Properties> This property is not defined in the Central Library Property Definition Editor. Please define the property before editing.
Properties> This property is not defined in the Central Library Property Definition Editor. Please define the property before editing.
Properties> This property is not defined in the Central Library Property Definition Editor. Please define the property before editing.
Properties> This property is not defined in the Central Library Property Definition Editor. Please define the property before editing.
Properties> This property is not defined in the Central Library Property Definition Editor. Please define the property before editing.
Properties> This property is not defined in the Central Library Property Definition Editor. Please define the property before editing.
Properties> This property is not defined in the Central Library Property Definition Editor. Please define the property before editing.
Properties> This property is not defined in the Central Library Property Definition Editor. Please define the property before editing.
Properties> This property is not defined in the Central Library Property Definition Editor. Please define the property before editing.
Properties> This property is not defined in the Central Library Property Definition Editor. Please define the property before editing.
Properties> This property is not defined in the Central Library Property Definition Editor. Please define the property before editing.
Properties> This property is not defined in the Central Library Property Definition Editor. Please define the property before editing.
Properties> This property is not defined in the Central Library Property Definition Editor. Please define the property before editing.
Properties> This property is not defined in the Central Library Property Definition Editor. Please define the property before editing.
Properties> This property is not defined in the Central Library Property Definition Editor. Please define the property before editing.
Properties> This property is not defined in the Central Library Property Definition Editor. Please define the property before editing.
Properties> This property is not defined in the Central Library Property Definition Editor. Please define the property before editing.
Properties> This property is not defined in the Central Library Property Definition Editor. Please define the property before editing.
Properties> This property is not defined in the Central Library Property Definition Editor. Please define the property before editing.
Properties> This property is not defined in the Central Library Property Definition Editor. Please define the property before editing.
Properties> This property is not defined in the Central Library Property Definition Editor. Please define the property before editing.
Properties> This property is not defined in the Central Library Property Definition Editor. Please define the property before editing.
Output> On sheet: parallella.2 - No border symbol defined for sheet size Custom Landscape.
Output> On sheet: parallella.2 - No border symbol defined for sheet size Custom Landscape.
Properties> This property is not defined in the Central Library Property Definition Editor. Please define the property before editing.
Properties> This property is not defined in the Central Library Property Definition Editor. Please define the property before editing.
Properties> This property is not defined in the Central Library Property Definition Editor. Please define the property before editing.
Properties> This property is not defined in the Central Library Property Definition Editor. Please define the property before editing.
Grid Spacing value should be between 0.001 and 1.00
Properties> This property is not defined in the Central Library Property Definition Editor. Please define the property before editing.
Properties> This property is not defined in the Central Library Property Definition Editor. Please define the property before editing.
Properties> This property is not defined in the Central Library Property Definition Editor. Please define the property before editing.
Properties> This property is not defined in the Central Library Property Definition Editor. Please define the property before editing.
Properties> This property is not defined in the Central Library Property Definition Editor. Please define the property before editing.
Properties> This property is not defined in the Central Library Property Definition Editor. Please define the property before editing.
Output> On sheet: parallella.BANK0 - No border symbol defined for sheet size Custom Landscape.
Properties> This property is not defined in the Central Library Property Definition Editor. Please define the property before editing.
Properties> This property is not defined in the Central Library Property Definition Editor. Please define the property before editing.
Properties> This property is not defined in the Central Library Property Definition Editor. Please define the property before editing.
Properties> This property is not defined in the Central Library Property Definition Editor. Please define the property before editing.
Properties> This property is not defined in the Central Library Property Definition Editor. Please define the property before editing.
Properties> This property is not defined in the Central Library Property Definition Editor. Please define the property before editing.
Properties> This property is not defined in the Central Library Property Definition Editor. Please define the property before editing.
Properties> This property is not defined in the Central Library Property Definition Editor. Please define the property before editing.
Properties> This property is not defined in the Central Library Property Definition Editor. Please define the property before editing.
Properties> This property is not defined in the Central Library Property Definition Editor. Please define the property before editing.
Properties> This property is not defined in the Central Library Property Definition Editor. Please define the property before editing.
Properties> This property is not defined in the Central Library Property Definition Editor. Please define the property before editing.
Properties> This property is not defined in the Central Library Property Definition Editor. Please define the property before editing.
Properties> This property is not defined in the Central Library Property Definition Editor. Please define the property before editing.
Properties> This property is not defined in the Central Library Property Definition Editor. Please define the property before editing.
Properties> This property is not defined in the Central Library Property Definition Editor. Please define the property before editing.
Properties> This property is not defined in the Central Library Property Definition Editor. Please define the property before editing.
Properties> This property is not defined in the Central Library Property Definition Editor. Please define the property before editing.
Properties> This property is not defined in the Central Library Property Definition Editor. Please define the property before editing.
Properties> This property is not defined in the Central Library Property Definition Editor. Please define the property before editing.
Properties> This property is not defined in the Central Library Property Definition Editor. Please define the property before editing.
Properties> This property is not defined in the Central Library Property Definition Editor. Please define the property before editing.
Properties> This property is not defined in the Central Library Property Definition Editor. Please define the property before editing.
Properties> This property is not defined in the Central Library Property Definition Editor. Please define the property before editing.
Properties> This property is not defined in the Central Library Property Definition Editor. Please define the property before editing.
Properties> This property is not defined in the Central Library Property Definition Editor. Please define the property before editing.
Properties> This property is not defined in the Central Library Property Definition Editor. Please define the property before editing.
Properties> This property is not defined in the Central Library Property Definition Editor. Please define the property before editing.
Properties> This property is not defined in the Central Library Property Definition Editor. Please define the property before editing.
Properties> This property is not defined in the Central Library Property Definition Editor. Please define the property before editing.
Properties> This property is not defined in the Central Library Property Definition Editor. Please define the property before editing.
Properties> This property is not defined in the Central Library Property Definition Editor. Please define the property before editing.
Properties> This property is not defined in the Central Library Property Definition Editor. Please define the property before editing.
Properties> This property is not defined in the Central Library Property Definition Editor. Please define the property before editing.
Properties> This property is not defined in the Central Library Property Definition Editor. Please define the property before editing.
Properties> This property is not defined in the Central Library Property Definition Editor. Please define the property before editing.
Properties> This property is not defined in the Central Library Property Definition Editor. Please define the property before editing.
Properties> This property is not defined in the Central Library Property Definition Editor. Please define the property before editing.
ICDB server [info]: Starting [Autosave] backup process
ICDB server [info]: [AutoSave] backup of size [4.8 MB] created successfully in location [\\HOME-PC-W7\Users\HOME\Desktop\Projekt Parallella\PCBD-backup4\!projekt_i_bibioteka\parallella_proj\ProjectBackup\backups\2018-04-19 21.05.23 - auto.zip]
ICDB server [info]: Starting [Autosave] backup process
ICDB server [info]: [AutoSave] backup of size [4.8 MB] created successfully in location [E:\Pulpit\Projekt Parallella\PCBD\!projekt_i_bibioteka\parallella_proj\ProjectBackup\backups\2018-04-21 21.10.34 - auto.zip]
ICDB server [critical]: Server stopping: Requesting emergency server stop: System goes to SLEEP<!#!><severity>3</severity>
Properties> This property is not defined in the Central Library Property Definition Editor. Please define the property before editing.
Properties> This property is not defined in the Central Library Property Definition Editor. Please define the property before editing.
ICDB server [info]: Starting [Autosave] backup process
ICDB server [info]: [AutoSave] backup of size [4.8 MB] created successfully in location [E:\Pulpit\Projekt Parallella\PCBD\!projekt_i_bibioteka\parallella_proj\ProjectBackup\backups\2018-04-22 10.02.52 - auto.zip]
Properties> This property is not defined in the Central Library Property Definition Editor. Please define the property before editing.
Properties> This property is not defined in the Central Library Property Definition Editor. Please define the property before editing.
ICDB server [critical]: Server stopping: Requesting emergency server stop: System goes to SLEEP<!#!><severity>3</severity>
ICDB server [critical]: Server stopping: Requesting emergency server stop: System goes to SLEEP<!#!><severity>3</severity>
ICDB server [critical]: Server stopping: Requesting emergency server stop: System goes to SLEEP<!#!><severity>3</severity>
ICDB server [info]: Starting [Autosave] backup process
ICDB server [info]: [AutoSave] backup of size [4.9 MB] created successfully in location [E:\Pulpit\Projekt Parallella\PCBD\!projekt_i_bibioteka\parallella_proj\ProjectBackup\backups\2018-04-22 15.48.59 - auto.zip]
Selected objects contain constraints that will not be copied
Output> On sheet: Schematic1.1 - No border symbol defined for sheet size B Landscape.
Output> On sheet: parallella.24 - No border symbol defined for sheet size B Landscape.
ICDB server [info]: Starting [Autosave] backup process
ICDB server [info]: [AutoSave] backup of size [4.9 MB] created successfully in location [E:\Pulpit\Projekt Parallella\PCBD\!projekt_i_bibioteka\parallella_proj\ProjectBackup\backups\2018-04-25 10.33.22 - auto.zip]
ICDB server [critical]: Server stopping: Requesting emergency server stop: System goes to SLEEP<!#!><severity>3</severity>
ICDB server [info]: Starting [Autosave] backup process
ICDB server [info]: [AutoSave] backup of size [5.0 MB] created successfully in location [E:\Pulpit\Projekt Parallella\PCBD\!projekt_i_bibioteka\parallella_proj\ProjectBackup\backups\2018-04-25 14.33.22 - auto.zip]
ICDB server [info]: Starting [Autosave] backup process
ICDB server [info]: [AutoSave] backup of size [5.0 MB] created successfully in location [\\HOME-PC-W7\Users\HOME\Desktop\Projekt Parallella\PCBD\!projekt_i_bibioteka\parallella_proj\ProjectBackup\backups\2018-04-26 08.21.15 - auto.zip]
Properties> This property is not defined in the Central Library Property Definition Editor. Please define the property before editing.
Properties> This property is not defined in the Central Library Property Definition Editor. Please define the property before editing.
Properties> This property is not defined in the Central Library Property Definition Editor. Please define the property before editing.
Properties> This property is not defined in the Central Library Property Definition Editor. Please define the property before editing.
ICDB server [info]: Starting [Autosave] backup process
ICDB server [info]: [AutoSave] backup of size [5.0 MB] created successfully in location [\\HOME-PC-W7\Users\HOME\Desktop\Projekt Parallella\PCBD\!projekt_i_bibioteka\parallella_proj\ProjectBackup\backups\2018-04-26 12.21.15 - auto.zip]
ICDB server [info]: Starting [Autosave] backup process
ICDB server [info]: [AutoSave] backup of size [5.0 MB] created successfully in location [\\HOME-PC-W7\Users\HOME\Desktop\Projekt Parallella\PCBD\!projekt_i_bibioteka\parallella_proj\ProjectBackup\backups\2018-04-27 09.34.06 - auto.zip]
ICDB server [info]: Starting [Autosave] backup process
ICDB server [info]: [AutoSave] backup of size [5.0 MB] created successfully in location [\\HOME-PC-W7\Users\HOME\Desktop\Projekt Parallella\PCBD\!projekt_i_bibioteka\parallella_proj\ProjectBackup\backups\2018-04-27 13.34.06 - auto.zip]
ICDB server [info]: Starting [Autosave] backup process
ICDB server [info]: [AutoSave] backup of size [5.7 MB] created successfully in location [\\HOME-PC-W7\Users\HOME\Desktop\Projekt Parallella\PCBD\!projekt_i_bibioteka\parallella_proj\ProjectBackup\backups\2018-04-27 17.34.06 - auto.zip]
ICDB server [info]: Starting [Autosave] backup process
ICDB server [info]: [AutoSave] backup of size [5.7 MB] created successfully in location [\\HOME-PC-W7\Users\HOME\Desktop\Projekt Parallella\PCBD\!projekt_i_bibioteka\parallella_proj\ProjectBackup\backups\2018-04-28 07.52.57 - auto.zip]
ICDB server [info]: Starting [Autosave] backup process
ICDB server [info]: [AutoSave] backup of size [5.8 MB] created successfully in location [\\HOME-PC-W7\Users\HOME\Desktop\Projekt Parallella\PCBD\!projekt_i_bibioteka\parallella_proj\ProjectBackup\backups\2018-04-28 16.45.15 - auto.zip]
ICDB server [info]: Starting [Autosave] backup process
ICDB server [info]: [AutoSave] backup of size [5.1 MB] created successfully in location [E:\Pulpit\Projekt Parallella\PCBD\!projekt_i_bibioteka\parallella_proj\ProjectBackup\backups\2018-04-28 20.45.15 - auto.zip]
ICDB server [critical]: Server stopping: Requesting emergency server stop: System goes to SLEEP<!#!><severity>3</severity>
Selected objects contain constraints that will not be copied
Selected objects contain constraints that will not be copied
ICDB server [critical]: Server stopping: Requesting emergency server stop: System goes to SLEEP<!#!><severity>3</severity>
ICDB server [info]: Starting [Autosave] backup process
ICDB server [info]: [AutoSave] backup of size [5.1 MB] created successfully in location [E:\Pulpit\Projekt Parallella\PCBD\!projekt_i_bibioteka\parallella_proj\ProjectBackup\backups\2018-04-29 07.34.56 - auto.zip]
ICDB server [info]: Starting [Autosave] backup process
ICDB server [info]: [AutoSave] backup of size [5.2 MB] created successfully in location [E:\Pulpit\Projekt Parallella\PCBD\!projekt_i_bibioteka\parallella_proj\ProjectBackup\backups\2018-04-29 11.43.21 - auto.zip]
Properties> This property is not defined in the Central Library Property Definition Editor. Please define the property before editing.
Properties> This property is not defined in the Central Library Property Definition Editor. Please define the property before editing.
Properties> This property is not defined in the Central Library Property Definition Editor. Please define the property before editing.
ICDB server [info]: Starting [Autosave] backup process
ICDB server [info]: [AutoSave] backup of size [5.2 MB] created successfully in location [\\HOME-PC-W7\Users\HOME\Desktop\Projekt Parallella\PCBD\!projekt_i_bibioteka\parallella_proj\ProjectBackup\backups\2018-05-04 22.26.54 - auto.zip]
ICDB server [info]: Starting [Autosave] backup process
ICDB server [info]: [AutoSave] backup of size [5.2 MB] created successfully in location [\\HOME-PC-W7\Users\HOME\Desktop\Projekt Parallella\PCBD\!projekt_i_bibioteka\parallella_proj\ProjectBackup\backups\2018-05-05 09.03.47 - auto.zip]
ICDB server [info]: Starting [Autosave] backup process
ICDB server [info]: [AutoSave] backup of size [5.2 MB] created successfully in location [\\HOME-PC-W7\Users\HOME\Desktop\Projekt Parallella\PCBD\!projekt_i_bibioteka\parallella_proj\ProjectBackup\backups\2018-05-05 18.52.24 - auto.zip]
Output> On sheet: parallella.ZYNQ-BANK35 - No border symbol defined for sheet size B Landscape.
Selected objects contain constraints that will not be copied
Output> On sheet: parallella.USB Supply - No border symbol defined for sheet size Custom Landscape.
Output> On sheet: parallella.ZYNQ-BANK500 - No border symbol defined for sheet size Custom Landscape.
Output> On sheet: parallella.ZYNQ-BANK500 - No border symbol defined for sheet size Custom Landscape.
Output> On sheet: parallella.ZYNQ-BANK35 - No border symbol defined for sheet size B Landscape.
Selected objects contain constraints that will not be copied
Selected objects contain constraints that will not be copied
ICDB server [info]: Starting [Autosave] backup process
ICDB server [info]: [AutoSave] backup of size [5.2 MB] created successfully in location [\\HOME-PC-W7\Users\HOME\Desktop\Projekt Parallella\PCBD\!projekt_i_bibioteka\parallella_proj\ProjectBackup\backups\2018-05-06 10.42.30 - auto.zip]
Selected objects contain constraints that will not be copied
Properties> This property is not defined in the Central Library Property Definition Editor. Please define the property before editing.
Properties> This property is not defined in the Central Library Property Definition Editor. Please define the property before editing.
Selected objects contain constraints that will not be copied
Selected objects contain constraints that will not be copied
Output> On sheet: parallella.USB Ports - No border symbol defined for sheet size C Landscape.
Selected objects contain constraints that will not be copied
Selected objects contain constraints that will not be copied
ICDB server [info]: Starting [Autosave] backup process
ICDB server [info]: [AutoSave] backup of size [5.3 MB] created successfully in location [\\HOME-PC-W7\Users\HOME\Desktop\Projekt Parallella\PCBD\!projekt_i_bibioteka\parallella_proj\ProjectBackup\backups\2018-05-08 17.27.18 - auto.zip]
Output> On sheet: parallella.ZYNQ-BANK0 - No border symbol defined for sheet size C Landscape.
Properties> This property is not defined in the Central Library Property Definition Editor. Please define the property before editing.
Properties> This property is not defined in the Central Library Property Definition Editor. Please define the property before editing.
Properties> This property is not defined in the Central Library Property Definition Editor. Please define the property before editing.
Properties> This property is not defined in the Central Library Property Definition Editor. Please define the property before editing.
Properties> This property is not defined in the Central Library Property Definition Editor. Please define the property before editing.
Output> On sheet: parallella.ZYNQ-BANK0 - No border symbol defined for sheet size C Landscape.
ICDB server [info]: Starting [Autosave] backup process
ICDB server [info]: [AutoSave] backup of size [5.3 MB] created successfully in location [\\HOME-PC-W7\Users\HOME\Desktop\Projekt Parallella\PCBD\!projekt_i_bibioteka\parallella_proj\ProjectBackup\backups\2018-05-09 12.12.54 - auto.zip]
Output> On sheet: parallella.ZYNQ-BANK0 - No border symbol defined for sheet size C Landscape.
Properties> This property is not defined in the Central Library Property Definition Editor. Please define the property before editing.
Properties> This property is not defined in the Central Library Property Definition Editor. Please define the property before editing.
Properties> This property is not defined in the Central Library Property Definition Editor. Please define the property before editing.
Properties> This property is not defined in the Central Library Property Definition Editor. Please define the property before editing.
Properties> This property is not defined in the Central Library Property Definition Editor. Please define the property before editing.
Properties> This property is not defined in the Central Library Property Definition Editor. Please define the property before editing.
Properties> This property is not defined in the Central Library Property Definition Editor. Please define the property before editing.
Properties> This property is not defined in the Central Library Property Definition Editor. Please define the property before editing.
Loading IPL... c:/mentorgraphics/eevx.2.2/sdd_home/standard/templates/dxdesigner/expedition\PartsListerDefaults.ipl
IPL load successful.
Loading IPL... c:/mentorgraphics/eevx.2.2/sdd_home/standard/templates/dxdesigner/expedition\PartsListerDefaults.ipl
IPL load successful.
Properties> This property is not defined in the Central Library Property Definition Editor. Please define the property before editing.
Properties> This property is not defined in the Central Library Property Definition Editor. Please define the property before editing.
Properties> This property is not defined in the Central Library Property Definition Editor. Please define the property before editing.
Properties> This property is not defined in the Central Library Property Definition Editor. Please define the property before editing.
Selected objects contain constraints that will not be copied
Selected objects contain constraints that will not be copied
Properties> This property is not defined in the Central Library Property Definition Editor. Please define the property before editing.
Properties> This property is not defined in the Central Library Property Definition Editor. Please define the property before editing.
Properties> This property is not defined in the Central Library Property Definition Editor. Please define the property before editing.
Properties> This property is not defined in the Central Library Property Definition Editor. Please define the property before editing.
Properties> This property is not defined in the Central Library Property Definition Editor. Please define the property before editing.
Properties> This property is not defined in the Central Library Property Definition Editor. Please define the property before editing.
Properties> This property is not defined in the Central Library Property Definition Editor. Please define the property before editing.
Properties> This property is not defined in the Central Library Property Definition Editor. Please define the property before editing.
Properties> This property is not defined in the Central Library Property Definition Editor. Please define the property before editing.
Properties> This property is not defined in the Central Library Property Definition Editor. Please define the property before editing.
Selected objects contain constraints that will not be copied
ICDB server [info]: Starting [Autosave] backup process
ICDB server [info]: [AutoSave] backup of size [5.3 MB] created successfully in location [\\HOME-PC-W7\Users\HOME\Desktop\Projekt 2Parallella\PCBD\!projekt_i_bibioteka\parallella_proj\ProjectBackup\backups\2018-05-10 15.47.08 - auto.zip]
ICDB server [info]: Starting [Autosave] backup process
ICDB server [info]: [AutoSave] backup of size [5.3 MB] created successfully in location [\\HOME-PC-W7\Users\HOME\Desktop\Projekt 2Parallella\PCBD\!projekt_i_bibioteka\parallella_proj\ProjectBackup\backups\2018-05-11 18.51.51 - auto.zip]
ICDB server [info]: Starting [Autosave] backup process
ICDB server [info]: [AutoSave] backup of size [5.2 MB] created successfully in location [\\HOME-PC-W7\Users\HOME\Desktop\Projekt 3Parallella\PCBD\!projekt_i_bibioteka\parallella_proj\ProjectBackup\backups\2018-05-12 12.09.06 - auto.zip]
ICDB server [info]: Starting [Autosave] backup process
ICDB server [info]: [AutoSave] backup of size [5.4 MB] created successfully in location [E:\Pulpit\Projekt 3Parallella\PCBD\!projekt_i_bibioteka\parallella_proj\ProjectBackup\backups\2018-05-13 08.58.51 - auto.zip]
ICDB server [critical]: Server stopping: Requesting emergency server stop: System goes to SLEEP<!#!><severity>3</severity>
HDL/FPGA Integration> Cannot start ModelSim<!#!><severity>3</severity>
HDL/FPGA Integration> Use Setup->Settings->HDL/FPGA Integration->ModelSim Executable Path to point to the vsim.exe<!#!><severity>3</severity>
ICDB server [critical]: Server stopping: Requesting emergency server stop: System goes to SLEEP<!#!><severity>3</severity>
ICDB server [critical]: Server stopping: Requesting emergency server stop: System goes to SLEEP<!#!><severity>3</severity>
ICDB server [info]: Starting [Autosave] backup process
ICDB server [info]: [AutoSave] backup of size [5.4 MB] created successfully in location [E:\Pulpit\Projekt 3Parallella\PCBD\!projekt_i_bibioteka\parallella_proj\ProjectBackup\backups\2018-05-13 12.58.51 - auto.zip]
ICDB server [critical]: Server stopping: Requesting emergency server stop: System goes to SLEEP<!#!><severity>3</severity>
ICDB server [info]: Starting [Autosave] backup process
ICDB server [info]: [AutoSave] backup of size [5.2 MB] created successfully in location [E:\Pulpit\Projekt 3Parallella\PCBD\!projekt_i_bibioteka\parallella_proj\ProjectBackup\backups\2018-05-15 10.14.11 - auto.zip]
ICDB server [critical]: Server stopping: Requesting emergency server stop: System goes to SLEEP<!#!><severity>3</severity>
ICDB server [info]: Starting [Autosave] backup process
ICDB server [info]: [AutoSave] backup of size [5.2 MB] created successfully in location [\\HOME-PC-W7\Users\HOME\Desktop\Projekt 4Parallella\PCBD\!projekt_i_bibioteka\parallella_proj\ProjectBackup\backups\2018-05-17 16.36.18 - auto.zip]
ICDB server [info]: Starting [Autosave] backup process
ICDB server [info]: [AutoSave] backup of size [5.2 MB] created successfully in location [\\HOME-PC-W7\Users\HOME\Desktop\Projekt 5Parallella\PCBD\!projekt_i_bibioteka\parallella_proj\ProjectBackup\backups\2018-05-18 15.02.25 - auto.zip]
ICDB server [critical]: Server stopping: Requesting emergency server stop: Got a message: WM_ENDSESSION<!#!><severity>3</severity>
Selected objects contain constraints that will not be copied
Selected objects contain constraints that will not be copied
ICDB server [info]: Starting [Autosave] backup process
ICDB server [info]: [AutoSave] backup of size [5.2 MB] created successfully in location [\\HOME-PC-W7\Users\HOME\Desktop\Projekt 5Parallella\PCBD\!projekt_i_bibioteka\parallella_proj\ProjectBackup\backups\2018-05-20 08.41.55 - auto.zip]
ICDB server [info]: Starting [Autosave] backup process
ICDB server [info]: [AutoSave] backup of size [5.2 MB] created successfully in location [\\HOME-PC-W7\Users\HOME\Desktop\Projekt 5Parallella\PCBD\!projekt_i_bibioteka\parallella_proj\ProjectBackup\backups\2018-05-20 12.41.55 - auto.zip]
ICDB server [info]: Starting [Autosave] backup process
ICDB server [info]: [AutoSave] backup of size [5.2 MB] created successfully in location [\\HOME-PC-W7\Users\HOME\Desktop\Projekt 5Parallella\PCBD\!projekt_i_bibioteka\parallella_proj\ProjectBackup\backups\2018-05-20 17.28.31 - auto.zip]
ICDB server [info]: Starting [Autosave] backup process
ICDB server [info]: [AutoSave] backup of size [5.3 MB] created successfully in location [\\HOME-PC-W7\Users\HOME\Desktop\Projekt 6Parallella\PCBD\!projekt_i_bibioteka\parallella_proj\ProjectBackup\backups\2018-05-21 18.41.56 - auto.zip]
ICDB server [info]: Starting [Autosave] backup process
ICDB server [info]: [AutoSave] backup of size [5.3 MB] created successfully in location [\\HOME-PC-W7\Users\HOME\Desktop\Projekt 6Parallella\PCBD\!projekt_i_bibioteka\parallella_proj\ProjectBackup\backups\2018-05-22 07.11.13 - auto.zip]
ICDB server [info]: Starting [Autosave] backup process
ICDB server [info]: [AutoSave] backup of size [5.4 MB] created successfully in location [\\HOME-PC-W7\Users\HOME\Desktop\Projekt 6Parallella\PCBD\!projekt_i_bibioteka\parallella_proj\ProjectBackup\backups\2018-05-22 11.11.13 - auto.zip]
ICDB server [info]: Starting [Autosave] backup process
ICDB server [info]: [AutoSave] backup of size [5.4 MB] created successfully in location [\\HOME-PC-W7\Users\HOME\Desktop\Projekt 6Parallella\PCBD\!projekt_i_bibioteka\parallella_proj\ProjectBackup\backups\2018-05-22 16.35.59 - auto.zip]
ICDB server [info]: Starting [Autosave] backup process
ICDB server [info]: [AutoSave] backup of size [5.7 MB] created successfully in location [E:\Pulpit\Projekt 6Parallella\PCBD\!projekt_i_bibioteka\parallella_proj\ProjectBackup\backups\2018-05-23 10.49.27 - auto.zip]
ICDB server [info]: Starting [Autosave] backup process
ICDB server [info]: [AutoSave] backup of size [5.8 MB] created successfully in location [\\HOME-PC-W7\Users\HOME\Desktop\Projekt 6Parallella\PCBD\!projekt_i_bibioteka\parallella_proj\ProjectBackup\backups\2018-05-23 17.39.00 - auto.zip]
ICDB server [info]: Starting [Autosave] backup process
ICDB server [info]: [AutoSave] backup of size [5.8 MB] created successfully in location [\\HOME-PC-W7\Users\HOME\Desktop\Projekt 6Parallella\PCBD\!projekt_i_bibioteka\parallella_proj\ProjectBackup\backups\2018-05-23 21.39.00 - auto.zip]
ICDB server [info]: Starting [Autosave] backup process
ICDB server [info]: [AutoSave] backup of size [5.8 MB] created successfully in location [\\HOME-PC-W7\Users\HOME\Desktop\Projekt 6Parallella\PCBD\!projekt_i_bibioteka\parallella_proj\ProjectBackup\backups\2018-05-24 07.45.05 - auto.zip]
ICDB server [info]: Starting [Autosave] backup process
ICDB server [info]: [AutoSave] backup of size [5.8 MB] created successfully in location [\\HOME-PC-W7\Users\HOME\Desktop\Projekt 6Parallella\PCBD\!projekt_i_bibioteka\parallella_proj\ProjectBackup\backups\2018-05-24 11.45.05 - auto.zip]
ICDB server [info]: Starting [Autosave] backup process
ICDB server [info]: [AutoSave] backup of size [5.9 MB] created successfully in location [\\HOME-PC-W7\Users\HOME\Desktop\Projekt 6Parallella\PCBD\!projekt_i_bibioteka\parallella_proj\ProjectBackup\backups\2018-05-24 15.45.05 - auto.zip]
ICDB server [info]: Starting [Autosave] backup process
ICDB server [info]: [AutoSave] backup of size [5.9 MB] created successfully in location [\\HOME-PC-W7\Users\HOME\Desktop\Projekt 6Parallella\PCBD\!projekt_i_bibioteka\parallella_proj\ProjectBackup\backups\2018-05-25 07.08.43 - auto.zip]
HDL/FPGA Integration> Cannot start ModelSim<!#!><severity>3</severity>
HDL/FPGA Integration> Use Setup->Settings->HDL/FPGA Integration->ModelSim Executable Path to point to the vsim.exe<!#!><severity>3</severity>
ICDB server [info]: Starting [Autosave] backup process
ICDB server [info]: [AutoSave] backup of size [5.9 MB] created successfully in location [\\HOME-PC-W7\Users\HOME\Desktop\Projekt 6Parallella\PCBD\!projekt_i_bibioteka\parallella_proj\ProjectBackup\backups\2018-05-25 11.08.43 - auto.zip]
ICDB server [info]: Starting [Autosave] backup process
ICDB server [info]: [AutoSave] backup of size [5.9 MB] created successfully in location [\\HOME-PC-W7\Users\HOME\Desktop\Projekt 6Parallella\PCBD\!projekt_i_bibioteka\parallella_proj\ProjectBackup\backups\2018-05-27 13.53.58 - auto.zip]
Loading IPL... c:/mentorgraphics/eevx.2.2/sdd_home/standard/templates/dxdesigner/expedition\PartsListerDefaults.ipl
IPL load successful.
ICDB server [info]: Starting [Autosave] backup process
ICDB server [info]: [AutoSave] backup of size [5.9 MB] created successfully in location [\\HOME-PC-W7\Users\HOME\Desktop\Projekt 6Parallella\PCBD\!projekt_i_bibioteka\parallella_proj\ProjectBackup\backups\2018-05-27 17.53.58 - auto.zip]
ICDB server [info]: Starting [Autosave] backup process
ICDB server [info]: [AutoSave] backup of size [5.9 MB] created successfully in location [\\HOME-PC-W7\Users\HOME\Desktop\Projekt 6Parallella\PCBD\!projekt_i_bibioteka\parallella_proj\ProjectBackup\backups\2018-05-28 14.54.38 - auto.zip]
ICDB server [critical]: Server stopping: Requesting emergency server stop: Got a message: WM_ENDSESSION<!#!><severity>3</severity>
ICDB server [info]: Starting [Autosave] backup process
ICDB server [info]: [AutoSave] backup of size [5.9 MB] created successfully in location [\\HOME-PC-W7\Users\HOME\Desktop\Projekt 6Parallella\PCBD\!projekt_i_bibioteka\parallella_proj\ProjectBackup\backups\2018-05-29 07.03.55 - auto.zip]
ICDB server [info]: Starting [Autosave] backup process
ICDB server [info]: [AutoSave] backup of size [6.0 MB] created successfully in location [E:\Pulpit\Projekt 7Parallella\PCBD\!projekt_i_bibioteka\parallella_proj\ProjectBackup\backups\2018-05-30 10.57.23 - auto.zip]
ICDB server [critical]: Server stopping: Requesting emergency server stop: System goes to SLEEP<!#!><severity>3</severity>
ICDB server [critical]: Server stopping: Requesting emergency server stop: System goes to SLEEP<!#!><severity>3</severity>
ICDB server [info]: Starting [Autosave] backup process
ICDB server [info]: [AutoSave] backup of size [6.0 MB] created successfully in location [\\HOME-PC-W7\Users\HOME\Desktop\Projekt 8Parallella\PCBD\!projekt_i_bibioteka\parallella_proj\ProjectBackup\backups\2018-05-31 00.32.32 - auto.zip]
ICDB server [info]: Starting [Autosave] backup process
ICDB server [info]: [AutoSave] backup of size [6.0 MB] created successfully in location [\\HOME-PC-W7\Users\HOME\Desktop\Projekt 8Parallella\PCBD\!projekt_i_bibioteka\parallella_proj\ProjectBackup\backups\2018-05-31 21.15.36 - auto.zip]
ICDB server [info]: Starting [Autosave] backup process
ICDB server [info]: [AutoSave] backup of size [6.1 MB] created successfully in location [\\HOME-PC-W7\Users\HOME\Desktop\Projekt 8Parallella\PCBD\!projekt_i_bibioteka\parallella_proj\ProjectBackup\backups\2018-06-03 15.33.30 - auto.zip]
ICDB server [info]: Starting [Autosave] backup process
ICDB server [info]: [AutoSave] backup of size [6.1 MB] created successfully in location [\\HOME-PC-W7\Users\HOME\Desktop\Projekt 8Parallella\PCBD\!projekt_i_bibioteka\parallella_proj\ProjectBackup\backups\2018-06-03 19.33.30 - auto.zip]
ICDB server [critical]: Server stopping: Requesting emergency server stop: Got a message: WM_ENDSESSION<!#!><severity>3</severity>
ICDB server [info]: Starting [Autosave] backup process
ICDB server [info]: [AutoSave] backup of size [6.1 MB] created successfully in location [\\HOME-PC-W7\Users\HOME\Desktop\Projekt 8Parallella\PCBD\!projekt_i_bibioteka\parallella_proj\ProjectBackup\backups\2018-06-05 15.24.25 - auto.zip]
ICDB server [info]: Starting [Autosave] backup process
ICDB server [info]: [AutoSave] backup of size [6.1 MB] created successfully in location [\\HOME-PC-W7\Users\HOME\Desktop\Projekt 8Parallella\PCBD\!projekt_i_bibioteka\parallella_proj\ProjectBackup\backups\2018-06-07 07.38.03 - auto.zip]
ICDB server [info]: Starting [Autosave] backup process
ICDB server [info]: [AutoSave] backup of size [6.1 MB] created successfully in location [\\HOME-PC-W7\Users\HOME\Desktop\Projekt 8Parallella\PCBD\!projekt_i_bibioteka\parallella_proj\ProjectBackup\backups\2018-06-07 11.38.03 - auto.zip]
ICDB server [info]: Starting [Autosave] backup process
ICDB server [info]: [AutoSave] backup of size [6.1 MB] created successfully in location [\\HOME-PC-W7\Users\HOME\Desktop\Projekt 8Parallella\PCBD\!projekt_i_bibioteka\parallella_proj\ProjectBackup\backups\2018-06-07 15.38.03 - auto.zip]
ICDB server [info]: Starting [Autosave] backup process
ICDB server [info]: [AutoSave] backup of size [6.1 MB] created successfully in location [\\HOME-PC-W7\Users\HOME\Desktop\Projekt 8Parallella\PCBD\!projekt_i_bibioteka\parallella_proj\ProjectBackup\backups\2018-06-08 00.45.28 - auto.zip]
ICDB server [info]: Starting [Autosave] backup process
ICDB server [info]: [AutoSave] backup of size [6.2 MB] created successfully in location [\\HOME-PC-W7\Users\HOME\Desktop\Projekt 8Parallella\PCBD\!projekt_i_bibioteka\parallella_proj\ProjectBackup\backups\2018-06-08 08.02.35 - auto.zip]
ICDB server [info]: Starting [Autosave] backup process
ICDB server [info]: [AutoSave] backup of size [6.2 MB] created successfully in location [\\HOME-PC-W7\Users\HOME\Desktop\Projekt 8Parallella\PCBD\!projekt_i_bibioteka\parallella_proj\ProjectBackup\backups\2018-06-09 13.26.40 - auto.zip]
ICDB server [info]: Starting [Autosave] backup process
ICDB server [info]: [AutoSave] backup of size [6.2 MB] created successfully in location [\\HOME-PC-W7\Users\HOME\Desktop\Projekt 8Parallella\PCBD\!projekt_i_bibioteka\parallella_proj\ProjectBackup\backups\2018-06-09 21.09.00 - auto.zip]
ICDB server [info]: Starting [Autosave] backup process
ICDB server [info]: [AutoSave] backup of size [6.2 MB] created successfully in location [\\HOME-PC-W7\Users\HOME\Desktop\Projekt 8Parallella\PCBD\!projekt_i_bibioteka\parallella_proj\ProjectBackup\backups\2018-06-10 18.20.48 - auto.zip]
ICDB server [info]: Starting [Autosave] backup process
ICDB server [info]: [AutoSave] backup of size [6.2 MB] created successfully in location [\\HOME-PC-W7\Users\HOME\Desktop\Projekt 8Parallella\PCBD\!projekt_i_bibioteka\parallella_proj\ProjectBackup\backups\2018-06-11 08.12.39 - auto.zip]
ICDB server [info]: Starting [Autosave] backup process
ICDB server [info]: [AutoSave] backup of size [6.2 MB] created successfully in location [\\HOME-PC-W7\Users\HOME\Desktop\Projekt 8Parallella\PCBD\!projekt_i_bibioteka\parallella_proj\ProjectBackup\backups\2018-06-11 16.13.24 - auto.zip]
ICDB server [info]: Starting [Autosave] backup process
ICDB server [info]: [AutoSave] backup of size [6.2 MB] created successfully in location [\\HOME-PC-W7\Users\HOME\Desktop\Projekt 8Parallella\PCBD\!projekt_i_bibioteka\parallella_proj\ProjectBackup\backups\2018-06-12 09.07.29 - auto.zip]
ICDB server [info]: Starting [Autosave] backup process
ICDB server [info]: [AutoSave] backup of size [6.3 MB] created successfully in location [\\HOME-PC-W7\Users\HOME\Desktop\Projekt 8Parallella\PCBD\!projekt_i_bibioteka\parallella_proj\ProjectBackup\backups\2018-06-12 14.33.18 - auto.zip]
ICDB server [critical]: Server stopping: Requesting emergency server stop: System goes to SLEEP<!#!><severity>3</severity>
ICDB server [critical]: Server stopping: Requesting emergency server stop: System goes to SLEEP<!#!><severity>3</severity>
ICDB server [critical]: Server stopping: Requesting emergency server stop: System goes to SLEEP<!#!><severity>3</severity>
ICDB server [info]: Starting [Autosave] backup process
ICDB server [info]: [AutoSave] backup of size [6.3 MB] created successfully in location [E:\Pulpit\Projekt 8Parallella\PCBD\!projekt_i_bibioteka\parallella_proj\ProjectBackup\backups\2018-06-13 10.15.56 - auto.zip]
ICDB server [info]: Starting [Autosave] backup process
ICDB server [info]: [AutoSave] backup of size [6.3 MB] created successfully in location [E:\Pulpit\Projekt 8Parallella\PCBD\!projekt_i_bibioteka\parallella_proj\ProjectBackup\backups\2018-06-13 20.04.02 - auto.zip]
ICDB server [info]: Starting [Autosave] backup process
ICDB server [info]: [AutoSave] backup of size [6.4 MB] created successfully in location [E:\Pulpit\Projekt 8Parallella\PCBD\!projekt_i_bibioteka\parallella_proj\ProjectBackup\backups\2018-06-14 00.04.02 - auto.zip]
ICDB server [info]: Starting [Autosave] backup process
ICDB server [info]: [AutoSave] backup of size [6.4 MB] created successfully in location [\\HOME-PC-W7\Users\HOME\Desktop\Projekt 8Parallella\PCBD\!projekt_i_bibioteka\parallella_proj\ProjectBackup\backups\2018-06-14 08.14.21 - auto.zip]
ICDB server [info]: Starting [Autosave] backup process
ICDB server [info]: [AutoSave] backup of size [6.6 MB] created successfully in location [\\HOME-PC-W7\Users\HOME\Desktop\Projekt 8Parallella\PCBD\!projekt_i_bibioteka\parallella_proj\ProjectBackup\backups\2018-06-14 12.14.21 - auto.zip]
ICDB server [info]: Starting [Autosave] backup process
ICDB server [info]: [AutoSave] backup of size [6.6 MB] created successfully in location [\\HOME-PC-W7\Users\HOME\Desktop\Projekt 8Parallella\PCBD\!projekt_i_bibioteka\parallella_proj\ProjectBackup\backups\2018-06-14 16.14.21 - auto.zip]
ICDB server [info]: Starting [Autosave] backup process
ICDB server [info]: [AutoSave] backup of size [6.6 MB] created successfully in location [\\HOME-PC-W7\Users\HOME\Desktop\Projekt 8Parallella\PCBD\!projekt_i_bibioteka\parallella_proj\ProjectBackup\backups\2018-06-14 22.59.41 - auto.zip]
ICDB server [info]: Starting [Autosave] backup process
ICDB server [info]: [AutoSave] backup of size [6.6 MB] created successfully in location [E:\Pulpit\Projekt 8Parallella\PCBD\!projekt_i_bibioteka\parallella_proj\ProjectBackup\backups\2018-06-15 11.52.14 - auto.zip]
ICDB server [info]: Starting [Autosave] backup process
ICDB server [info]: [AutoSave] backup of size [6.6 MB] created successfully in location [E:\Pulpit\Projekt 8Parallella\PCBD\!projekt_i_bibioteka\parallella_proj\ProjectBackup\backups\2018-06-16 18.53.05 - auto.zip]
ICDB server [info]: Starting [Autosave] backup process
ICDB server [info]: [AutoSave] backup of size [6.7 MB] created successfully in location [\\HOME-PC-W7\Users\HOME\Desktop\Projekt 8Parallella\PCBD\!projekt_i_bibioteka\parallella_proj\ProjectBackup\backups\2018-06-16 22.53.05 - auto.zip]
ICDB server [info]: Starting [Autosave] backup process
ICDB server [info]: [AutoSave] backup of size [6.7 MB] created successfully in location [E:\Pulpit\Projekt 8Parallella\PCBD\!projekt_i_bibioteka\parallella_proj\ProjectBackup\backups\2018-06-17 08.32.31 - auto.zip]
ICDB server [critical]: Server stopping: Requesting emergency server stop: System goes to SLEEP<!#!><severity>3</severity>
ICDB server [info]: Starting [Autosave] backup process
ICDB server [info]: [AutoSave] backup of size [6.7 MB] created successfully in location [E:\Pulpit\Projekt 8Parallella\PCBD\!projekt_i_bibioteka\parallella_proj\ProjectBackup\backups\2018-06-17 12.32.31 - auto.zip]
ICDB server [info]: Starting [Autosave] backup process
ICDB server [info]: [AutoSave] backup of size [6.7 MB] created successfully in location [E:\Pulpit\Projekt 8Parallella\PCBD\!projekt_i_bibioteka\parallella_proj\ProjectBackup\backups\2018-06-17 17.24.50 - auto.zip]
ICDB server [info]: Starting [Autosave] backup process
ICDB server [info]: [AutoSave] backup of size [6.8 MB] created successfully in location [E:\Pulpit\Projekt 8Parallella\PCBD\!projekt_i_bibioteka\parallella_proj\ProjectBackup\backups\2018-06-18 11.41.55 - auto.zip]
ICDB server [info]: Starting [Autosave] backup process
ICDB server [info]: [AutoSave] backup of size [6.8 MB] created successfully in location [\\HOME-PC-W7\Users\HOME\Desktop\Parallella - Damian Kujawski\PCBD\!projekt_i_bibioteka\parallella_proj\ProjectBackup\backups\2018-06-18 20.27.12 - auto.zip]
ICDB server [info]: Starting [Autosave] backup process
ICDB server [info]: [AutoSave] backup of size [6.7 MB] created successfully in location [\\HOME-PC-W7\Users\HOME\Desktop\Parallella - Damian Kujawski\PCBD\!projekt_i_bibioteka\parallella_proj\ProjectBackup\backups\2018-06-19 00.27.12 - auto.zip]
ICDB server [info]: Starting [Autosave] backup process
ICDB server [info]: [AutoSave] backup of size [6.8 MB] created successfully in location [\\HOME-PC-W7\Users\HOME\Desktop\Parallella - Damian Kujawski\PCBD\!projekt_i_bibioteka\parallella_proj\ProjectBackup\backups\2018-06-19 08.01.35 - auto.zip]
ICDB server [info]: Starting [Autosave] backup process
ICDB server [info]: [AutoSave] backup of size [6.8 MB] created successfully in location [\\HOME-PC-W7\Users\HOME\Desktop\Parallella - Damian Kujawski\PCBD\!projekt_i_bibioteka\parallella_proj\ProjectBackup\backups\2018-06-19 12.01.35 - auto.zip]
ICDB server [info]: Starting [Autosave] backup process
ICDB server [info]: [AutoSave] backup of size [6.8 MB] created successfully in location [C:\Users\superstudent\Desktop\PCB\parallella_proj\ProjectBackup\backups\2018-06-21 13.56.55 - auto.zip]
