Generating 3D model for part CAP0402_0P47UF_X5R_3204028489.
	*Warning: No mapping for cell/part CAP0402_0P47UF_X5R_3204028489
Generating 3D model for part RES0402_887_4078261701.
	*Warning: No mapping for cell/part RES0402_887_4078261701
Generating 3D model for part RES0402_10K_3945013568.
	*Warning: No mapping for cell/part RES0402_10K_3945013568
Generating 3D model for part CAP0402_4P7UF_X5R_1098874854.
	*Warning: No mapping for cell/part CAP0402_4P7UF_X5R_1098874854
Generating 3D model for part RES0402_33_764070049.
	*Warning: No mapping for cell/part RES0402_33_764070049
Generating 3D model for part RES0402_100_156555446.
	*Warning: No mapping for cell/part RES0402_100_156555446
Generating 3D model for part CAP0805_6800PF_X7R_3118903320.
	*Warning: No mapping for cell/part CAP0805_6800PF_X7R_3118903320
Generating 3D model for part RES0402_20K_156555446.
	*Warning: No mapping for cell/part RES0402_20K_156555446
Generating 3D model for part USB_MICRO_AB_RA_SMT_482623604.
	*Warning: No mapping for cell/part USB_MICRO_AB_RA_SMT_482623604
Generating 3D model for part CAP0402_10NF_X7R_16V_4128244391.
	*Warning: No mapping for cell/part CAP0402_10NF_X7R_16V_4128244391
Generating 3D model for part CAP0402_0P1UF_X5R_35V_1098874854.
	*Warning: No mapping for cell/part CAP0402_0P1UF_X5R_35V_1098874854
Generating 3D model for part RES0402_4K99_4078261701.
	*Warning: No mapping for cell/part RES0402_4K99_4078261701
Generating 3D model for part CAP0603_1UF_X5R_1508181977.
	*Warning: No mapping for cell/part CAP0603_1UF_X5R_1508181977
Generating 3D model for part HDR_1X3_TH_VER_0.1P_2080350467.
	*Warning: No mapping for cell/part HDR_1X3_TH_VER_0.1P_2080350467
Generating 3D model for part CAP0402_0P47UF_X5R_1611255262.
	*Warning: No mapping for cell/part CAP0402_0P47UF_X5R_1611255262
Generating 3D model for part RES0402_620_3945013568.
	*Warning: No mapping for cell/part RES0402_620_3945013568
Generating 3D model for part CAP0402_4P7UF_X5R_3010768639.
	*Warning: No mapping for cell/part CAP0402_4P7UF_X5R_3010768639
Generating 3D model for part RES0402_22R1_764070049.
	*Warning: No mapping for cell/part RES0402_22R1_764070049
Generating 3D model for part SW_PB_SPST_2PIN_2317655100.
	*Warning: No mapping for cell/part SW_PB_SPST_2PIN_2317655100
Generating 3D model for part CAP0402_0P47UF_X5R_1098874854.
	*Warning: No mapping for cell/part CAP0402_0P47UF_X5R_1098874854
Generating 3D model for part PTH125_200PAD_2382017227.
	*Warning: No mapping for cell/part PTH125_200PAD_2382017227
Generating 3D model for part USB_MICRO_B_RA_SMT_3002825488.
	*Warning: No mapping for cell/part USB_MICRO_B_RA_SMT_3002825488
Generating 3D model for part CAP0402_0P1UF_X5R_35V_1611255262.
	*Warning: No mapping for cell/part CAP0402_0P1UF_X5R_35V_1611255262
Generating 3D model for part CAP0603_4P7UF_16V_X5R_891845306.
	*Warning: No mapping for cell/part CAP0603_4P7UF_16V_X5R_891845306
Generating 3D model for part TEST_TERM_RED_3538539447.
	*Warning: No mapping for cell/part TEST_TERM_RED_3538539447
Generating 3D model for part RES0402_0_3945013568.
	*Warning: No mapping for cell/part RES0402_0_3945013568
Generating 3D model for part RES0402_4K75_2700217080.
	*Warning: No mapping for cell/part RES0402_4K75_2700217080
Generating 3D model for part CAP0402_0P47UF_X5R_2230803170.
	*Warning: No mapping for cell/part CAP0402_0P47UF_X5R_2230803170
Generating 3D model for part DIODE_BAS16XV2T1G_1133758026.
	*Warning: No mapping for cell/part DIODE_BAS16XV2T1G_1133758026
Generating 3D model for part CAP0402_4P7UF_X5R_2230803170.
	*Warning: No mapping for cell/part CAP0402_4P7UF_X5R_2230803170
Generating 3D model for part FUSE0603_4A_4108337544.
	*Warning: No mapping for cell/part FUSE0603_4A_4108337544
Generating 3D model for part RES0402_0_346633774.
	*Warning: No mapping for cell/part RES0402_0_346633774
Generating 3D model for part CAP0402_10NF_X7R_16V_1611255262.
	*Warning: No mapping for cell/part CAP0402_10NF_X7R_16V_1611255262
Generating 3D model for part CAP0402_0P47UF_X5R_2551764330.
	*Warning: No mapping for cell/part CAP0402_0P47UF_X5R_2551764330
Generating 3D model for part CON_BSH_030_VERT_1658997228.
	*Warning: No mapping for cell/part CON_BSH_030_VERT_1658997228
Generating 3D model for part RES0402_33_156555446.
	*Warning: No mapping for cell/part RES0402_33_156555446
Generating 3D model for part RES0402_100_764070049.
	*Warning: No mapping for cell/part RES0402_100_764070049
Generating 3D model for part CAP0402_0P1UF_X5R_35V_4128244391.
	*Warning: No mapping for cell/part CAP0402_0P1UF_X5R_35V_4128244391
Generating 3D model for part IND_1P5UH_2A_1642504440.
	*Warning: No mapping for cell/part IND_1P5UH_2A_1642504440
Generating 3D model for part CON_POWER_PJ002A_TH_4267421034.
	*Warning: No mapping for cell/part CON_POWER_PJ002A_TH_4267421034
Generating 3D model for part CAP0402_0P1UF_X5R_35V_2551764330.
	*Warning: No mapping for cell/part CAP0402_0P1UF_X5R_35V_2551764330
Generating 3D model for part CAP0603_4P7UF_16V_X5R_45238400.
	*Warning: No mapping for cell/part CAP0603_4P7UF_16V_X5R_45238400
Generating 3D model for part RES0402_0_764070049.
	*Warning: No mapping for cell/part RES0402_0_764070049
Generating 3D model for part CAP0402_0P1UF_X5R_35V_3204028489.
	*Warning: No mapping for cell/part CAP0402_0P1UF_X5R_35V_3204028489
Generating 3D model for part CAP0603_10UF_X5R_891845306.
	*Warning: No mapping for cell/part CAP0603_10UF_X5R_891845306
Generating 3D model for part RES0402_22R1_346633774.
	*Warning: No mapping for cell/part RES0402_22R1_346633774
Generating 3D model for part NC7WZ16_3853465609.
	*Warning: No mapping for cell/part NC7WZ16_3853465609
Generating 3D model for part RES0402_4K75_156555446.
	*Warning: No mapping for cell/part RES0402_4K75_156555446
Generating 3D model for part CAP0402_0P1UF_X5R_35V_2230803170.
	*Warning: No mapping for cell/part CAP0402_0P1UF_X5R_35V_2230803170
Generating 3D model for part ZYNQ_7Z020_CLG400_1214219222.
	*Warning: No mapping for cell/part ZYNQ_7Z020_CLG400_1214219222
Generating 3D model for part NC7SZ125_3776610301.
	*Warning: No mapping for cell/part NC7SZ125_3776610301
Generating 3D model for part RES0402_0_2700217080.
	*Warning: No mapping for cell/part RES0402_0_2700217080
Generating 3D model for part RES0402_240_156555446.
	*Warning: No mapping for cell/part RES0402_240_156555446
Generating 3D model for part CAP0402_0P47UF_X5R_4128244391.
	*Warning: No mapping for cell/part CAP0402_0P47UF_X5R_4128244391
Generating 3D model for part CRYSTAL_4P_24MHZ_3441790328.
	*Warning: No mapping for cell/part CRYSTAL_4P_24MHZ_3441790328
Generating 3D model for part HDR_1X2_TH_VER_1375888632.
	*Warning: No mapping for cell/part HDR_1X2_TH_VER_1375888632
Generating 3D model for part CAP0402_10NF_X7R_16V_2551764330.
	*Warning: No mapping for cell/part CAP0402_10NF_X7R_16V_2551764330
Generating 3D model for part TEST_TERM_BLK_3538539447.
	*Warning: No mapping for cell/part TEST_TERM_BLK_3538539447
Generating 3D model for part CAP0603_4P7UF_16V_X5R_1391297578.
	*Warning: No mapping for cell/part CAP0603_4P7UF_16V_X5R_1391297578
Generating 3D model for part CAP0402_4P7UF_X5R_4128244391.
	*Warning: No mapping for cell/part CAP0402_4P7UF_X5R_4128244391
Generating 3D model for part RES0402_100_346633774.
	*Warning: No mapping for cell/part RES0402_100_346633774
Generating 3D model for part RES0402_33_4078261701.
	*Warning: No mapping for cell/part RES0402_33_4078261701
Generating 3D model for part RES0402_10K_2700217080.
	*Warning: No mapping for cell/part RES0402_10K_2700217080
Generating 3D model for part CAP0603_4P7UF_16V_X5R_1620189483.
	*Warning: No mapping for cell/part CAP0603_4P7UF_16V_X5R_1620189483
Generating 3D model for part RES0402_0_4099019853.
	*Warning: No mapping for cell/part RES0402_0_4099019853
Generating 3D model for part CAP0603_4P7UF_16V_X5R_4108337544.
	*Warning: No mapping for cell/part CAP0603_4P7UF_16V_X5R_4108337544
Generating 3D model for part CAP0805_10UF_16V_X5R_3980365107.
	*Warning: No mapping for cell/part CAP0805_10UF_16V_X5R_3980365107
Generating 3D model for part CAP0402_4P7UF_X5R_3204028489.
	*Warning: No mapping for cell/part CAP0402_4P7UF_X5R_3204028489
Generating 3D model for part RES0402_4K75_4099019853.
	*Warning: No mapping for cell/part RES0402_4K75_4099019853
Generating 3D model for part RES0402_22R1_156555446.
	*Warning: No mapping for cell/part RES0402_22R1_156555446
Generating 3D model for part CAP0603_10UF_X5R_45238400.
	*Warning: No mapping for cell/part CAP0603_10UF_X5R_45238400
Generating 3D model for part RES0402_0_156555446.
	*Warning: No mapping for cell/part RES0402_0_156555446
Generating 3D model for part CAP0402_10NF_X7R_16V_1098874854.
	*Warning: No mapping for cell/part CAP0402_10NF_X7R_16V_1098874854
Generating 3D model for part CON_BSH_030_VERT_672456720.
	*Warning: No mapping for cell/part CON_BSH_030_VERT_672456720
Generating 3D model for part CAP0402_4P7UF_X5R_2551764330.
	*Warning: No mapping for cell/part CAP0402_4P7UF_X5R_2551764330
Generating 3D model for part CAP0603_10UF_X5R_976383235.
	*Warning: No mapping for cell/part CAP0603_10UF_X5R_976383235
Generating 3D model for part RES0402_240_4078261701.
	*Warning: No mapping for cell/part RES0402_240_4078261701
Generating 3D model for part IC_SI51219_4093158963.
	*Warning: No mapping for cell/part IC_SI51219_4093158963
Generating 3D model for part RES0402_10K_1131342825.
	*Warning: No mapping for cell/part RES0402_10K_1131342825
Generating 3D model for part RES0402_10K_764070049.
	*Warning: No mapping for cell/part RES0402_10K_764070049
Generating 3D model for part IND_1P5UH_2A_143175969.
	*Warning: No mapping for cell/part IND_1P5UH_2A_143175969
Generating 3D model for part RES0402_27K4_156555446.
	*Warning: No mapping for cell/part RES0402_27K4_156555446
Generating 3D model for part CAP0805_10UF_16V_X5R_3118903320.
	*Warning: No mapping for cell/part CAP0805_10UF_16V_X5R_3118903320
Generating 3D model for part RES0402_10K_4078261701.
	*Warning: No mapping for cell/part RES0402_10K_4078261701
Generating 3D model for part CAP0603_4P7UF_16V_X5R_1093583191.
	*Warning: No mapping for cell/part CAP0603_4P7UF_16V_X5R_1093583191
Generating 3D model for part CAP0402_0P047UF_X5R_2551764330.
	*Warning: No mapping for cell/part CAP0402_0P047UF_X5R_2551764330
Generating 3D model for part CAP1210_100UF_X5R_LOESR_511185521.
	*Warning: No mapping for cell/part CAP1210_100UF_X5R_LOESR_511185521
Generating 3D model for part RES0402_20K_4099019853.
	*Warning: No mapping for cell/part RES0402_20K_4099019853
Generating 3D model for part IC_SPI_FLASH_QUAD_128Mb_1520582702.
	*Warning: No mapping for cell/part IC_SPI_FLASH_QUAD_128Mb_1520582702
Generating 3D model for part RES0402_1K_4099019853.
	*Warning: No mapping for cell/part RES0402_1K_4099019853
Generating 3D model for part CAP0603_1UF_X5R_1093583191.
	*Warning: No mapping for cell/part CAP0603_1UF_X5R_1093583191
Generating 3D model for part RES0402_8K06_1131342825.
	*Warning: No mapping for cell/part RES0402_8K06_1131342825
Generating 3D model for part CAP0603_4P7UF_16V_X5R_3514915059.
	*Warning: No mapping for cell/part CAP0603_4P7UF_16V_X5R_3514915059
Generating 3D model for part CAP0402_2P2UF_X5R_1611255262.
	*Warning: No mapping for cell/part CAP0402_2P2UF_X5R_1611255262
Generating 3D model for part CAP0402_0P047UF_X5R_1611255262.
	*Warning: No mapping for cell/part CAP0402_0P047UF_X5R_1611255262
Generating 3D model for part BLM15AG121SN1D_3945013568.
	*Warning: No mapping for cell/part BLM15AG121SN1D_3945013568
Generating 3D model for part 88E1318_QFN48_2943022504.
	*Warning: No mapping for cell/part 88E1318_QFN48_2943022504
Generating 3D model for part RES0402_0_4078261701.
	*Warning: No mapping for cell/part RES0402_0_4078261701
Generating 3D model for part RES0402_1K_1131342825.
	*Warning: No mapping for cell/part RES0402_1K_1131342825
Generating 3D model for part BLM15AG121SN1D_764070049.
	*Warning: No mapping for cell/part BLM15AG121SN1D_764070049
Generating 3D model for part DDR3_256MX32_4249951575.
	*Warning: No mapping for cell/part DDR3_256MX32_4249951575
Generating 3D model for part RES0402_1K_4078261701.
	*Warning: No mapping for cell/part RES0402_1K_4078261701
Generating 3D model for part RES0402_4K75_764070049.
	*Warning: No mapping for cell/part RES0402_4K75_764070049
Generating 3D model for part BLM15AG121SN1D_4099019853.
	*Warning: No mapping for cell/part BLM15AG121SN1D_4099019853
Generating 3D model for part CAP1210_100UF_X5R_LOESR_2218229138.
	*Warning: No mapping for cell/part CAP1210_100UF_X5R_LOESR_2218229138
Generating 3D model for part BLM15AG121SN1D_346633774.
	*Warning: No mapping for cell/part BLM15AG121SN1D_346633774
Generating 3D model for part CAP0603_10UF_X5R_1391297578.
	*Warning: No mapping for cell/part CAP0603_10UF_X5R_1391297578
Generating 3D model for part XTAL_4P_25MHZ_3441790328.
	*Warning: No mapping for cell/part XTAL_4P_25MHZ_3441790328
Generating 3D model for part MIC2025_1_USB_SW_2743928078.
	*Warning: No mapping for cell/part MIC2025_1_USB_SW_2743928078
Generating 3D model for part RES0603_69K8_2838027813.
	*Warning: No mapping for cell/part RES0603_69K8_2838027813
Generating 3D model for part BLM15AG121SN1D_4078261701.
	*Warning: No mapping for cell/part BLM15AG121SN1D_4078261701
Generating 3D model for part CAP0402_6PF_NPO_50V_3010768639.
	*Warning: No mapping for cell/part CAP0402_6PF_NPO_50V_3010768639
Generating 3D model for part CAP0402_0P047UF_X5R_2230803170.
	*Warning: No mapping for cell/part CAP0402_0P047UF_X5R_2230803170
Generating 3D model for part RES0402_1K_3945013568.
	*Warning: No mapping for cell/part RES0402_1K_3945013568
Generating 3D model for part USB3320_ULPI_XCVR_4291531105.
	*Warning: No mapping for cell/part USB3320_ULPI_XCVR_4291531105
Generating 3D model for part CAP0603_4P7UF_16V_X5R_3687870327.
	*Warning: No mapping for cell/part CAP0603_4P7UF_16V_X5R_3687870327
Generating 3D model for part RES0402_4K75_346633774.
	*Warning: No mapping for cell/part RES0402_4K75_346633774
Generating 3D model for part RES0402_10K_156555446.
	*Warning: No mapping for cell/part RES0402_10K_156555446
Generating 3D model for part BLM15AG121SN1D_2700217080.
	*Warning: No mapping for cell/part BLM15AG121SN1D_2700217080
Generating 3D model for part CAP0805_10UF_16V_X5R_1805641370.
	*Warning: No mapping for cell/part CAP0805_10UF_16V_X5R_1805641370
Generating 3D model for part RES0402_1K_764070049.
	*Warning: No mapping for cell/part RES0402_1K_764070049
Generating 3D model for part BLM18SG121TN1D_2312015160.
	*Warning: No mapping for cell/part BLM18SG121TN1D_2312015160
Generating 3D model for part CAP0402_0P047UF_X5R_3081935139.
	*Warning: No mapping for cell/part CAP0402_0P047UF_X5R_3081935139
Generating 3D model for part NC7SZ125_534119227.
	*Warning: No mapping for cell/part NC7SZ125_534119227
Generating 3D model for part CAP1210_100UF_X5R_LOESR_3540671980.
	*Warning: No mapping for cell/part CAP1210_100UF_X5R_LOESR_3540671980
Generating 3D model for part RES0402_20K_1131342825.
	*Warning: No mapping for cell/part RES0402_20K_1131342825
Generating 3D model for part RES0402_4K75_3945013568.
	*Warning: No mapping for cell/part RES0402_4K75_3945013568
Generating 3D model for part IC_ISL9305_DCDC_CONV_2970574230.
	*Warning: No mapping for cell/part IC_ISL9305_DCDC_CONV_2970574230
Generating 3D model for part CAP0603_10UF_X5R_3514915059.
	*Warning: No mapping for cell/part CAP0603_10UF_X5R_3514915059
Generating 3D model for part RES0402_4K75_4078261701.
	*Warning: No mapping for cell/part RES0402_4K75_4078261701
Generating 3D model for part RES0402_620_4099019853.
	*Warning: No mapping for cell/part RES0402_620_4099019853
Generating 3D model for part CAP0805_10UF_16V_X5R_1945848542.
	*Warning: No mapping for cell/part CAP0805_10UF_16V_X5R_1945848542
Generating 3D model for part RES0603_100K_740381181.
	*Warning: No mapping for cell/part RES0603_100K_740381181
Generating 3D model for part IND_1P5UH_2A_3838670844.
	*Warning: No mapping for cell/part IND_1P5UH_2A_3838670844
Generating 3D model for part RES0402_1K_346633774.
	*Warning: No mapping for cell/part RES0402_1K_346633774
Generating 3D model for part RES0402_4K75_1131342825.
	*Warning: No mapping for cell/part RES0402_4K75_1131342825
Generating 3D model for part CAP0402_0P1UF_X5R_35V_3010768639.
	*Warning: No mapping for cell/part CAP0402_0P1UF_X5R_35V_3010768639
Generating 3D model for part IC_ISL9307_DCDC_CONV_2092358932.
	*Warning: No mapping for cell/part IC_ISL9307_DCDC_CONV_2092358932
Generating 3D model for part CAP1210_100UF_X5R_LOESR_1210824429.
	*Warning: No mapping for cell/part CAP1210_100UF_X5R_LOESR_1210824429
Generating 3D model for part RES0402_240_2700217080.
	*Warning: No mapping for cell/part RES0402_240_2700217080
Generating 3D model for part EPIPHANY_E16G301_3745748857.
	*Warning: No mapping for cell/part EPIPHANY_E16G301_3745748857
Generating 3D model for part CAP0402_10NF_X7R_16V_3204028489.
	*Warning: No mapping for cell/part CAP0402_10NF_X7R_16V_3204028489
Generating 3D model for part LED_0603_5MA_RED_2249765557.
	*Warning: No mapping for cell/part LED_0603_5MA_RED_2249765557
Generating 3D model for part CAP0402_6PF_NPO_50V_2867719745.
	*Warning: No mapping for cell/part CAP0402_6PF_NPO_50V_2867719745
Generating 3D model for part CAP0402_0P47UF_X5R_3010768639.
	*Warning: No mapping for cell/part CAP0402_0P47UF_X5R_3010768639
Generating 3D model for part LED_0603_5MA_RED_3793000311.
	*Warning: No mapping for cell/part LED_0603_5MA_RED_3793000311
Generating 3D model for part CAP1210_100UF_X5R_LOESR_867444901.
	*Warning: No mapping for cell/part CAP1210_100UF_X5R_LOESR_867444901
Generating 3D model for part SN65LVDS4_3415895409.
	*Warning: No mapping for cell/part SN65LVDS4_3415895409
Generating 3D model for part HDMI_MICRO_D_RA_SMT_3373391141.
	*Warning: No mapping for cell/part HDMI_MICRO_D_RA_SMT_3373391141
Generating 3D model for part RES0402_56K2_1131342825.
	*Warning: No mapping for cell/part RES0402_56K2_1131342825
Generating 3D model for part RES0402_33_346633774.
	*Warning: No mapping for cell/part RES0402_33_346633774
Generating 3D model for part RES0402_100_2700217080.
	*Warning: No mapping for cell/part RES0402_100_2700217080
Generating 3D model for part LED_0603_5MA_GRN_3793000311.
	*Warning: No mapping for cell/part LED_0603_5MA_GRN_3793000311
Generating 3D model for part RES0402_1K_2700217080.
	*Warning: No mapping for cell/part RES0402_1K_2700217080
Generating 3D model for part RES0402_20K_3945013568.
	*Warning: No mapping for cell/part RES0402_20K_3945013568
Generating 3D model for part TPD12S016_2572242243.
	*Warning: No mapping for cell/part TPD12S016_2572242243
Generating 3D model for part RES0402_10K_346633774.
	*Warning: No mapping for cell/part RES0402_10K_346633774
Generating 3D model for part RES0402_33_2700217080.
	*Warning: No mapping for cell/part RES0402_33_2700217080
Generating 3D model for part CAP1210_100UF_X5R_LOESR_2330703354.
	*Warning: No mapping for cell/part CAP1210_100UF_X5R_LOESR_2330703354
Generating 3D model for part CAP0805_10UF_16V_X5R_2950346607.
	*Warning: No mapping for cell/part CAP0805_10UF_16V_X5R_2950346607
Generating 3D model for part LED_0603_5MA_GRN_1820703354.
	*Warning: No mapping for cell/part LED_0603_5MA_GRN_1820703354
Generating 3D model for part CAP0402_4P7UF_X5R_1611255262.
	*Warning: No mapping for cell/part CAP0402_4P7UF_X5R_1611255262
Generating 3D model for part RJ45-10_100_1000-BELFUSE_334995813.
	*Warning: No mapping for cell/part RJ45-10_100_1000-BELFUSE_334995813
Generating 3D model for part RES0603_24K9_2838027813.
	*Warning: No mapping for cell/part RES0603_24K9_2838027813
Generating 3D model for part CAP1210_100UF_X5R_LOESR_1198874788.
	*Warning: No mapping for cell/part CAP1210_100UF_X5R_LOESR_1198874788
Generating 3D model for part RES0402_1K_156555446.
	*Warning: No mapping for cell/part RES0402_1K_156555446
Generating 3D model for part LED_0603_5MA_GRN_2249765557.
	*Warning: No mapping for cell/part LED_0603_5MA_GRN_2249765557
Generating 3D model for part RES0402_80P6_4078261701.
	*Warning: No mapping for cell/part RES0402_80P6_4078261701
Generating 3D model for part CONN_MICROSD_CARD_2252057598.
	*Warning: No mapping for cell/part CONN_MICROSD_CARD_2252057598
Generating 3D model for part RES0402_240_4099019853.
	*Warning: No mapping for cell/part RES0402_240_4099019853
Generating 3D model for part LED_0603_5MA_GRN_1876650262.
	*Warning: No mapping for cell/part LED_0603_5MA_GRN_1876650262
Generating 3D model for part CAP0603_4P7UF_16V_X5R_772555011.
	*Warning: No mapping for cell/part CAP0603_4P7UF_16V_X5R_772555011
Generating 3D model for part RES0402_22R1_3945013568.
	*Warning: No mapping for cell/part RES0402_22R1_3945013568
Generating 3D model for part RES0402_22R1_4099019853.
	*Warning: No mapping for cell/part RES0402_22R1_4099019853
Generating 3D model for part CAP0402_0P1UF_X5R_35V_2867719745.
	*Warning: No mapping for cell/part CAP0402_0P1UF_X5R_35V_2867719745
Generating 3D model for part CAP0603_4P7UF_16V_X5R_3839503827.
	*Warning: No mapping for cell/part CAP0603_4P7UF_16V_X5R_3839503827
Generating 3D model for part RES0402_80P6_764070049.
	*Warning: No mapping for cell/part RES0402_80P6_764070049
Generating 3D model for part RES0402_240_1131342825.
	*Warning: No mapping for cell/part RES0402_240_1131342825
Generating 3D model for part RES0402_240_764070049.
	*Warning: No mapping for cell/part RES0402_240_764070049
Generating 3D model for part HDMI_DVI_XCVR_ADV7513_471808993.
	*Warning: No mapping for cell/part HDMI_DVI_XCVR_ADV7513_471808993
Generating 3D model for part VOLTMON_4IN_3P3_1317394781.
	*Warning: No mapping for cell/part VOLTMON_4IN_3P3_1317394781
Generating 3D model for part RES0402_10K_4099019853.
	*Warning: No mapping for cell/part RES0402_10K_4099019853
Generating 3D model for part CAP0603_10UF_X5R_4108337544.
	*Warning: No mapping for cell/part CAP0603_10UF_X5R_4108337544
Generating 3D model for part BLM18SG121TN1D_1273717443.
	*Warning: No mapping for cell/part BLM18SG121TN1D_1273717443
Generating 3D model for part CAP0402_6PF_NPO_50V_2230803170.
	*Warning: No mapping for cell/part CAP0402_6PF_NPO_50V_2230803170
Generating 3D model for part RES0402_20K_4078261701.
	*Warning: No mapping for cell/part RES0402_20K_4078261701
Generating 3D model for part RES0402_80P6_2700217080.
	*Warning: No mapping for cell/part RES0402_80P6_2700217080
Generating 3D model for part CAP0805_10UF_16V_X5R_351499748.
	*Warning: No mapping for cell/part CAP0805_10UF_16V_X5R_351499748
Generating 3D model for part CAP0805_10UF_16V_X5R_210384019.
	*Warning: No mapping for cell/part CAP0805_10UF_16V_X5R_210384019
Generating 3D model for part BLM18SG121TN1D_3753057822.
	*Warning: No mapping for cell/part BLM18SG121TN1D_3753057822
