--------------------------------------------------------------------------------
 Project integration - START (2015-11-07 11:55:46) 
--------------------------------------------------------------------------------
FE snapshot name: DxD
BE snapshot name: parallella_layout_temp
Top level block: (3-1-5)
Parameters: BAConnectivity,BAConstraints,FEWin,
--------------------------------------------------------------------------------
--------------------------------------------------------------------------------
 Connection synchronization - START (2015-11-07 11:55:46) 
--------------------------------------------------------------------------------
[Ok][Modification] - [BE->FE] [P: Block,parallella,(3-1-5)] [O: FlatComp,BLM18SG121TN1D.1,(213-1-8)]
	Property: Cell Name, Operation: Change
[Ok][Modification] - [BE->FE] [P: Block,parallella,(3-1-5)] [O: FlatComp,RES0402_0.1,(3-2-8)]
	Property: Cell Name, Operation: Change
[Ok][Modification] - [BE->FE] [P: Block,parallella,(3-1-5)] [O: FlatComp,RES0402_33.1,(7-2-8)]
	Property: Cell Name, Operation: Change
[Ok][Modification] - [BE->FE] [P: Block,parallella,(3-1-5)] [O: FlatComp,ZYNQ_7Z020_CLG400EE.1,(50-2-8)]
	Property: Cell Name, Operation: Change
[Ok][Modification] - [BE->FE] [P: Block,parallella,(3-1-5)] [O: FlatComp,NC7WZ16.1,(261-2-8)]
	Property: Cell Name, Operation: Change
[Ok][Modification] - [BE->FE] [P: Block,parallella,(3-1-5)] [O: FlatComp,CAP0402_6PF_NPO_50V.1,(293-2-8)]
	Property: Cell Name, Operation: Change
[Ok][Modification] - [BE->FE] [P: Block,parallella,(3-1-5)] [O: FlatComp,CAP0402_4P7UF_X5R.1,(3-3-8)]
	Property: Cell Name, Operation: Change
[Ok][Modification] - [BE->FE] [P: Block,parallella,(3-1-5)] [O: FlatComp,RES0402_80P6.1,(7-3-8)]
	Property: Cell Name, Operation: Change
[Ok][Modification] - [BE->FE] [P: Block,parallella,(3-1-5)] [O: FlatComp,CAP0402_0P47UF_X5R.1,(50-3-8)]
	Property: Cell Name, Operation: Change
[Ok][Modification] - [BE->FE] [P: Block,parallella,(3-1-5)] [O: FlatComp,CAP0402_0P47UF_X5R.1,(50-3-8)]
	Property: Cluster, Operation: Change
[Ok][Modification] - [BE->FE] [P: Block,parallella,(3-1-5)] [O: FlatComp,RES0402_4K75.1,(261-3-8)]
	Property: Cell Name, Operation: Change
[Ok][Modification] - [BE->FE] [P: Block,parallella,(3-1-5)] [O: FlatComp,CAP0402_6PF_NPO_50V.1,(293-3-8)]
	Property: Cell Name, Operation: Change
[Ok][Modification] - [BE->FE] [P: Block,parallella,(3-1-5)] [O: FlatComp,CAP0402_0P047UF_X5R.1,(3-4-8)]
	Property: Cell Name, Operation: Change
[Ok][Modification] - [BE->FE] [P: Block,parallella,(3-1-5)] [O: FlatComp,RES0402_33.1,(7-4-8)]
	Property: Cell Name, Operation: Change
[Ok][Modification] - [BE->FE] [P: Block,parallella,(3-1-5)] [O: FlatComp,CAP0402_0P47UF_X5R.1,(50-4-8)]
	Property: Cell Name, Operation: Change
[Ok][Modification] - [BE->FE] [P: Block,parallella,(3-1-5)] [O: FlatComp,ZYNQ_7Z020_CLG400AA.1,(261-4-8)]
	Property: Cell Name, Operation: Change
[Ok][Modification] - [BE->FE] [P: Block,parallella,(3-1-5)] [O: FlatComp,CAP0402_0P1UF_X5R_35V.1,(293-4-8)]
	Property: Cell Name, Operation: Change
[Ok][Modification] - [BE->FE] [P: Block,parallella,(3-1-5)] [O: FlatComp,CAP0402_0P047UF_X5R.1,(3-5-8)]
	Property: Cell Name, Operation: Change
[Ok][Modification] - [BE->FE] [P: Block,parallella,(3-1-5)] [O: FlatComp,CAP0402_0P47UF_X5R.1,(7-5-8)]
	Property: Cell Name, Operation: Change
[Ok][Modification] - [BE->FE] [P: Block,parallella,(3-1-5)] [O: FlatComp,CAP0603_4P7UF_16V_X5R.1,(50-5-8)]
	Property: Cell Name, Operation: Change
[Ok][Modification] - [BE->FE] [P: Block,parallella,(3-1-5)] [O: FlatComp,CAP0603_4P7UF_16V_X5R.1,(50-5-8)]
	Property: Cluster, Operation: Change
[Ok][Modification] - [BE->FE] [P: Block,parallella,(3-1-5)] [O: FlatComp,CAP0402_0P1UF_X5R_35V.1,(261-5-8)]
	Property: Cell Name, Operation: Change
[Ok][Modification] - [BE->FE] [P: Block,parallella,(3-1-5)] [O: FlatComp,CAP0402_0P1UF_X5R_35V.1,(293-5-8)]
	Property: Cell Name, Operation: Change
[Ok][Modification] - [BE->FE] [P: Block,parallella,(3-1-5)] [O: FlatComp,RES0402_0.1,(3-6-8)]
	Property: Cell Name, Operation: Change
[Ok][Modification] - [BE->FE] [P: Block,parallella,(3-1-5)] [O: FlatComp,RES0402_33.1,(7-6-8)]
	Property: Cell Name, Operation: Change
[Ok][Modification] - [BE->FE] [P: Block,parallella,(3-1-5)] [O: FlatComp,CAP1210_100UF_X5R_LOESR.1,(50-6-8)]
	Property: Cell Name, Operation: Change
[Ok][Modification] - [BE->FE] [P: Block,parallella,(3-1-5)] [O: FlatComp,CAP1210_100UF_X5R_LOESR.1,(50-6-8)]
	Property: Cluster, Operation: Change
[Ok][Modification] - [BE->FE] [P: Block,parallella,(3-1-5)] [O: FlatComp,RES0402_4K75.1,(261-6-8)]
	Property: Cell Name, Operation: Change
[Ok][Modification] - [BE->FE] [P: Block,parallella,(3-1-5)] [O: FlatComp,RES0402_0.1,(293-6-8)]
	Property: Cell Name, Operation: Change
[Ok][Modification] - [BE->FE] [P: Block,parallella,(3-1-5)] [O: FlatComp,RES0402_0.1,(3-7-8)]
	Property: Cell Name, Operation: Change
[Ok][Modification] - [BE->FE] [P: Block,parallella,(3-1-5)] [O: FlatComp,RES0402_33.1,(7-7-8)]
	Property: Cell Name, Operation: Change
[Ok][Modification] - [BE->FE] [P: Block,parallella,(3-1-5)] [O: FlatComp,CAP0402_0P47UF_X5R.1,(50-7-8)]
	Property: Cell Name, Operation: Change
[Ok][Modification] - [BE->FE] [P: Block,parallella,(3-1-5)] [O: FlatComp,RES0402_4K75.1,(261-7-8)]
	Property: Cell Name, Operation: Change
[Ok][Modification] - [BE->FE] [P: Block,parallella,(3-1-5)] [O: FlatComp,BLM15AG121SN1D.1,(293-7-8)]
	Property: Cell Name, Operation: Change
[Ok][Modification] - [BE->FE] [P: Block,parallella,(3-1-5)] [O: FlatComp,RES0402_1K.1,(3-8-8)]
	Property: Cell Name, Operation: Change
[Ok][Modification] - [BE->FE] [P: Block,parallella,(3-1-5)] [O: FlatComp,CAP0402_0P47UF_X5R.1,(7-8-8)]
	Property: Cell Name, Operation: Change
[Ok][Modification] - [BE->FE] [P: Block,parallella,(3-1-5)] [O: FlatComp,CAP0402_0P47UF_X5R.1,(50-8-8)]
	Property: Cell Name, Operation: Change
[Ok][Modification] - [BE->FE] [P: Block,parallella,(3-1-5)] [O: FlatComp,CAP0402_6PF_NPO_50V.1,(261-8-8)]
	Property: Cell Name, Operation: Change
[Ok][Modification] - [BE->FE] [P: Block,parallella,(3-1-5)] [O: FlatComp,CAP0402_0P1UF_X5R_35V.1,(293-8-8)]
	Property: Cell Name, Operation: Change
[Ok][Modification] - [BE->FE] [P: Block,parallella,(3-1-5)] [O: FlatComp,CAP0402_10NF_X7R_16V.1,(3-9-8)]
	Property: Cell Name, Operation: Change
[Ok][Modification] - [BE->FE] [P: Block,parallella,(3-1-5)] [O: FlatComp,RES0402_33.1,(7-9-8)]
	Property: Cell Name, Operation: Change
[Ok][Modification] - [BE->FE] [P: Block,parallella,(3-1-5)] [O: FlatComp,CAP0402_0P47UF_X5R.1,(50-9-8)]
	Property: Cell Name, Operation: Change
[Ok][Modification] - [BE->FE] [P: Block,parallella,(3-1-5)] [O: FlatComp,RES0402_22R1.1,(261-9-8)]
	Property: Cell Name, Operation: Change
[Ok][Modification] - [BE->FE] [P: Block,parallella,(3-1-5)] [O: FlatComp,XTAL_4P_25MHZ.1,(293-9-8)]
	Property: Cell Name, Operation: Change
[Ok][Modification] - [BE->FE] [P: Block,parallella,(3-1-5)] [O: FlatComp,ZYNQ_7Z020_CLG400CC.1,(3-10-8)]
	Property: Cell Name, Operation: Change
[Ok][Modification] - [BE->FE] [P: Block,parallella,(3-1-5)] [O: FlatComp,CAP0402_10NF_X7R_16V.1,(7-10-8)]
	Property: Cell Name, Operation: Change
[Ok][Modification] - [BE->FE] [P: Block,parallella,(3-1-5)] [O: FlatComp,CAP0402_0P47UF_X5R.1,(50-10-8)]
	Property: Cell Name, Operation: Change
[Ok][Modification] - [BE->FE] [P: Block,parallella,(3-1-5)] [O: FlatComp,CAP0402_0P47UF_X5R.1,(50-10-8)]
	Property: Cluster, Operation: Change
[Ok][Modification] - [BE->FE] [P: Block,parallella,(3-1-5)] [O: FlatComp,CAP1210_100UF_X5R_LOESR.1,(261-10-8)]
	Property: Cell Name, Operation: Change
[Ok][Modification] - [BE->FE] [P: Block,parallella,(3-1-5)] [O: FlatComp,CAP0603_10UF_X5R.1,(293-10-8)]
	Property: Cell Name, Operation: Change
[Ok][Modification] - [BE->FE] [P: Block,parallella,(3-1-5)] [O: FlatComp,RES0402_1K.1,(3-11-8)]
	Property: Cell Name, Operation: Change
[Ok][Modification] - [BE->FE] [P: Block,parallella,(3-1-5)] [O: FlatComp,CAP0402_0P47UF_X5R.1,(7-11-8)]
	Property: Cell Name, Operation: Change
[Ok][Modification] - [BE->FE] [P: Block,parallella,(3-1-5)] [O: FlatComp,CAP0603_4P7UF_16V_X5R.1,(50-11-8)]
	Property: Cell Name, Operation: Change
[Ok][Modification] - [BE->FE] [P: Block,parallella,(3-1-5)] [O: FlatComp,CAP0402_0P1UF_X5R_35V.1,(261-11-8)]
	Property: Cell Name, Operation: Change
[Ok][Modification] - [BE->FE] [P: Block,parallella,(3-1-5)] [O: FlatComp,RES0402_100.1,(293-11-8)]
	Property: Cell Name, Operation: Change
[Ok][Modification] - [BE->FE] [P: Block,parallella,(3-1-5)] [O: FlatComp,CAP0402_0P047UF_X5R.1,(3-12-8)]
	Property: Cell Name, Operation: Change
[Ok][Modification] - [BE->FE] [P: Block,parallella,(3-1-5)] [O: FlatComp,RES0402_33.1,(7-12-8)]
	Property: Cell Name, Operation: Change
[Ok][Modification] - [BE->FE] [P: Block,parallella,(3-1-5)] [O: FlatComp,CAP0402_0P47UF_X5R.1,(50-12-8)]
	Property: Cell Name, Operation: Change
[Ok][Modification] - [BE->FE] [P: Block,parallella,(3-1-5)] [O: FlatComp,RES0402_22R1.1,(261-12-8)]
	Property: Cell Name, Operation: Change
[Ok][Modification] - [BE->FE] [P: Block,parallella,(3-1-5)] [O: FlatComp,CAP0603_10UF_X5R.1,(293-12-8)]
	Property: Cell Name, Operation: Change
[Ok][Modification] - [BE->FE] [P: Block,parallella,(3-1-5)] [O: FlatComp,CAP0402_4P7UF_X5R.1,(3-13-8)]
	Property: Cell Name, Operation: Change
[Ok][Modification] - [BE->FE] [P: Block,parallella,(3-1-5)] [O: FlatComp,RES0402_33.1,(7-13-8)]
	Property: Cell Name, Operation: Change
[Ok][Modification] - [BE->FE] [P: Block,parallella,(3-1-5)] [O: FlatComp,CAP0603_4P7UF_16V_X5R.1,(50-13-8)]
	Property: Cell Name, Operation: Change
[Ok][Modification] - [BE->FE] [P: Block,parallella,(3-1-5)] [O: FlatComp,RES0402_22R1.1,(261-13-8)]
	Property: Cell Name, Operation: Change
[Ok][Modification] - [BE->FE] [P: Block,parallella,(3-1-5)] [O: FlatComp,CAP0402_0P1UF_X5R_35V.1,(293-13-8)]
	Property: Cell Name, Operation: Change
[Ok][Modification] - [BE->FE] [P: Block,parallella,(3-1-5)] [O: FlatComp,CAP1210_100UF_X5R_LOESR.1,(3-14-8)]
	Property: Cell Name, Operation: Change
[Ok][Modification] - [BE->FE] [P: Block,parallella,(3-1-5)] [O: FlatComp,CAP0402_0P1UF_X5R_35V.1,(7-14-8)]
	Property: Cell Name, Operation: Change
[Ok][Modification] - [BE->FE] [P: Block,parallella,(3-1-5)] [O: FlatComp,CAP1210_100UF_X5R_LOESR.1,(50-14-8)]
	Property: Cell Name, Operation: Change
[Ok][Modification] - [BE->FE] [P: Block,parallella,(3-1-5)] [O: FlatComp,IC_SI51219.1,(261-14-8)]
	Property: Cell Name, Operation: Change
[Ok][Modification] - [BE->FE] [P: Block,parallella,(3-1-5)] [O: FlatComp,BLM15AG121SN1D.1,(293-14-8)]
	Property: Cell Name, Operation: Change
[Ok][Modification] - [BE->FE] [P: Block,parallella,(3-1-5)] [O: FlatComp,RES0402_4K75.1,(3-15-8)]
	Property: Cell Name, Operation: Change
[Ok][Modification] - [BE->FE] [P: Block,parallella,(3-1-5)] [O: FlatComp,CAP0402_0P47UF_X5R.1,(7-15-8)]
	Property: Cell Name, Operation: Change
[Ok][Modification] - [BE->FE] [P: Block,parallella,(3-1-5)] [O: FlatComp,CAP0402_0P47UF_X5R.1,(50-15-8)]
	Property: Cell Name, Operation: Change
[Ok][Modification] - [BE->FE] [P: Block,parallella,(3-1-5)] [O: FlatComp,CAP0402_0P47UF_X5R.1,(50-15-8)]
	Property: Cluster, Operation: Change
[Ok][Modification] - [BE->FE] [P: Block,parallella,(3-1-5)] [O: FlatComp,RES0402_1K.1,(261-15-8)]
	Property: Cell Name, Operation: Change
[Ok][Modification] - [BE->FE] [P: Block,parallella,(3-1-5)] [O: FlatComp,BLM15AG121SN1D.1,(293-15-8)]
	Property: Cell Name, Operation: Change
[Ok][Modification] - [BE->FE] [P: Block,parallella,(3-1-5)] [O: FlatComp,RES0402_33.1,(7-16-8)]
	Property: Cell Name, Operation: Change
[Ok][Modification] - [BE->FE] [P: Block,parallella,(3-1-5)] [O: FlatComp,CAP0402_0P47UF_X5R.1,(50-16-8)]
	Property: Cell Name, Operation: Change
[Ok][Modification] - [BE->FE] [P: Block,parallella,(3-1-5)] [O: FlatComp,RES0402_240.1,(261-16-8)]
	Property: Cell Name, Operation: Change
[Ok][Modification] - [BE->FE] [P: Block,parallella,(3-1-5)] [O: FlatComp,CAP0603_10UF_X5R.1,(293-16-8)]
	Property: Cell Name, Operation: Change
[Ok][Modification] - [BE->FE] [P: Block,parallella,(3-1-5)] [O: FlatComp,CAP1210_100UF_X5R_LOESR.1,(7-17-8)]
	Property: Cell Name, Operation: Change
[Ok][Modification] - [BE->FE] [P: Block,parallella,(3-1-5)] [O: FlatComp,CAP0402_0P47UF_X5R.1,(50-17-8)]
	Property: Cell Name, Operation: Change
[Ok][Modification] - [BE->FE] [P: Block,parallella,(3-1-5)] [O: FlatComp,RES0402_22R1.1,(261-17-8)]
	Property: Cell Name, Operation: Change
[Ok][Modification] - [BE->FE] [P: Block,parallella,(3-1-5)] [O: FlatComp,RES0402_0.1,(293-17-8)]
	Property: Cell Name, Operation: Change
[Ok][Modification] - [BE->FE] [P: Block,parallella,(3-1-5)] [O: FlatComp,CAP0402_0P47UF_X5R.1,(7-18-8)]
	Property: Cell Name, Operation: Change
[Ok][Modification] - [BE->FE] [P: Block,parallella,(3-1-5)] [O: FlatComp,CAP0402_0P47UF_X5R.1,(50-18-8)]
	Property: Cell Name, Operation: Change
[Ok][Modification] - [BE->FE] [P: Block,parallella,(3-1-5)] [O: FlatComp,CAP0402_0P47UF_X5R.1,(50-18-8)]
	Property: Cluster, Operation: Change
[Ok][Modification] - [BE->FE] [P: Block,parallella,(3-1-5)] [O: FlatComp,BLM18SG121TN1D.1,(261-18-8)]
	Property: Cell Name, Operation: Change
[Ok][Modification] - [BE->FE] [P: Block,parallella,(3-1-5)] [O: FlatComp,CAP0402_0P1UF_X5R_35V.1,(293-18-8)]
	Property: Cell Name, Operation: Change
[Ok][Modification] - [BE->FE] [P: Block,parallella,(3-1-5)] [O: FlatComp,RES0402_33.1,(7-19-8)]
	Property: Cell Name, Operation: Change
[Ok][Modification] - [BE->FE] [P: Block,parallella,(3-1-5)] [O: FlatComp,CAP0603_4P7UF_16V_X5R.1,(50-19-8)]
	Property: Cell Name, Operation: Change
[Ok][Modification] - [BE->FE] [P: Block,parallella,(3-1-5)] [O: FlatComp,CRYSTAL_4P_24MHZ.1,(261-19-8)]
	Property: Cell Name, Operation: Change
[Ok][Modification] - [BE->FE] [P: Block,parallella,(3-1-5)] [O: FlatComp,RJ45_10_100_1000_BELFUSE.1,(293-19-8)]
	Property: Cell Name, Operation: Change
[Ok][Modification] - [BE->FE] [P: Block,parallella,(3-1-5)] [O: FlatComp,RES0402_33.1,(7-20-8)]
	Property: Cell Name, Operation: Change
[Ok][Modification] - [BE->FE] [P: Block,parallella,(3-1-5)] [O: FlatComp,CAP0402_0P47UF_X5R.1,(50-20-8)]
	Property: Cell Name, Operation: Change
[Ok][Modification] - [BE->FE] [P: Block,parallella,(3-1-5)] [O: FlatComp,RES0402_4K75.1,(261-20-8)]
	Property: Cell Name, Operation: Change
[Ok][Modification] - [BE->FE] [P: Block,parallella,(3-1-5)] [O: FlatComp,CAP0402_0P1UF_X5R_35V.1,(293-20-8)]
	Property: Cell Name, Operation: Change
[Ok][Modification] - [BE->FE] [P: Block,parallella,(3-1-5)] [O: FlatComp,CAP0402_0P47UF_X5R.1,(7-21-8)]
	Property: Cell Name, Operation: Change
[Ok][Modification] - [BE->FE] [P: Block,parallella,(3-1-5)] [O: FlatComp,CAP0402_0P47UF_X5R.1,(50-21-8)]
	Property: Cell Name, Operation: Change
[Ok][Modification] - [BE->FE] [P: Block,parallella,(3-1-5)] [O: FlatComp,CAP0402_0P47UF_X5R.1,(50-21-8)]
	Property: Cluster, Operation: Change
[Ok][Modification] - [BE->FE] [P: Block,parallella,(3-1-5)] [O: FlatComp,CAP0402_6PF_NPO_50V.1,(261-21-8)]
	Property: Cell Name, Operation: Change
[Ok][Modification] - [BE->FE] [P: Block,parallella,(3-1-5)] [O: FlatComp,CAP0402_0P1UF_X5R_35V.1,(293-21-8)]
	Property: Cell Name, Operation: Change
[Ok][Modification] - [BE->FE] [P: Block,parallella,(3-1-5)] [O: FlatComp,RES0402_33.1,(7-22-8)]
	Property: Cell Name, Operation: Change
[Ok][Modification] - [BE->FE] [P: Block,parallella,(3-1-5)] [O: FlatComp,CAP0402_0P47UF_X5R.1,(50-22-8)]
	Property: Cell Name, Operation: Change
[Ok][Modification] - [BE->FE] [P: Block,parallella,(3-1-5)] [O: FlatComp,BLM18SG121TN1D.1,(261-22-8)]
	Property: Cell Name, Operation: Change
[Ok][Modification] - [BE->FE] [P: Block,parallella,(3-1-5)] [O: FlatComp,CAP0402_0P1UF_X5R_35V.1,(293-22-8)]
	Property: Cell Name, Operation: Change
[Ok][Modification] - [BE->FE] [P: Block,parallella,(3-1-5)] [O: FlatComp,RES0402_33.1,(7-23-8)]
	Property: Cell Name, Operation: Change
[Ok][Modification] - [BE->FE] [P: Block,parallella,(3-1-5)] [O: FlatComp,CAP0402_0P47UF_X5R.1,(50-23-8)]
	Property: Cell Name, Operation: Change
[Ok][Modification] - [BE->FE] [P: Block,parallella,(3-1-5)] [O: FlatComp,RES0402_22R1.1,(261-23-8)]
	Property: Cell Name, Operation: Change
[Ok][Modification] - [BE->FE] [P: Block,parallella,(3-1-5)] [O: FlatComp,RES0402_0.1,(293-23-8)]
	Property: Cell Name, Operation: Change
[Ok][Modification] - [BE->FE] [P: Block,parallella,(3-1-5)] [O: FlatComp,RES0402_1K.1,(7-24-8)]
	Property: Cell Name, Operation: Change
[Ok][Modification] - [BE->FE] [P: Block,parallella,(3-1-5)] [O: FlatComp,CAP0603_4P7UF_16V_X5R.1,(50-24-8)]
	Property: Cell Name, Operation: Change
[Ok][Modification] - [BE->FE] [P: Block,parallella,(3-1-5)] [O: FlatComp,NC7WZ16.1,(261-24-8)]
	Property: Cell Name, Operation: Change
[Ok][Modification] - [BE->FE] [P: Block,parallella,(3-1-5)] [O: FlatComp,BLM15AG121SN1D.1,(293-24-8)]
	Property: Cell Name, Operation: Change
[Ok][Modification] - [BE->FE] [P: Block,parallella,(3-1-5)] [O: FlatComp,RES0402_33.1,(7-25-8)]
	Property: Cell Name, Operation: Change
[Ok][Modification] - [BE->FE] [P: Block,parallella,(3-1-5)] [O: FlatComp,CAP0603_4P7UF_16V_X5R.1,(50-25-8)]
	Property: Cell Name, Operation: Change
[Ok][Modification] - [BE->FE] [P: Block,parallella,(3-1-5)] [O: FlatComp,RES0402_0.1,(261-25-8)]
	Property: Cell Name, Operation: Change
[Ok][Modification] - [BE->FE] [P: Block,parallella,(3-1-5)] [O: FlatComp,CAP0402_0P1UF_X5R_35V.1,(293-25-8)]
	Property: Cell Name, Operation: Change
[Ok][Modification] - [BE->FE] [P: Block,parallella,(3-1-5)] [O: FlatComp,CAP0402_0P47UF_X5R.1,(7-26-8)]
	Property: Cell Name, Operation: Change
[Ok][Modification] - [BE->FE] [P: Block,parallella,(3-1-5)] [O: FlatComp,CAP1210_100UF_X5R_LOESR.1,(50-26-8)]
	Property: Cell Name, Operation: Change
[Ok][Modification] - [BE->FE] [P: Block,parallella,(3-1-5)] [O: FlatComp,CAP1210_100UF_X5R_LOESR.1,(50-26-8)]
	Property: Cluster, Operation: Change
[Ok][Modification] - [BE->FE] [P: Block,parallella,(3-1-5)] [O: FlatComp,CAP0402_0P1UF_X5R_35V.1,(261-26-8)]
	Property: Cell Name, Operation: Change
[Ok][Modification] - [BE->FE] [P: Block,parallella,(3-1-5)] [O: FlatComp,RES0402_100.1,(293-26-8)]
	Property: Cell Name, Operation: Change
[Ok][Modification] - [BE->FE] [P: Block,parallella,(3-1-5)] [O: FlatComp,RES0402_33.1,(7-27-8)]
	Property: Cell Name, Operation: Change
[Ok][Modification] - [BE->FE] [P: Block,parallella,(3-1-5)] [O: FlatComp,CAP1210_100UF_X5R_LOESR.1,(50-27-8)]
	Property: Cell Name, Operation: Change
[Ok][Modification] - [BE->FE] [P: Block,parallella,(3-1-5)] [O: FlatComp,RES0402_4K75.1,(261-27-8)]
	Property: Cell Name, Operation: Change
[Ok][Modification] - [BE->FE] [P: Block,parallella,(3-1-5)] [O: FlatComp,CAP0402_0P1UF_X5R_35V.1,(293-27-8)]
	Property: Cell Name, Operation: Change
[Ok][Modification] - [BE->FE] [P: Block,parallella,(3-1-5)] [O: FlatComp,RES0402_33.1,(7-28-8)]
	Property: Cell Name, Operation: Change
[Ok][Modification] - [BE->FE] [P: Block,parallella,(3-1-5)] [O: FlatComp,CAP1210_100UF_X5R_LOESR.1,(50-28-8)]
	Property: Cell Name, Operation: Change
[Ok][Modification] - [BE->FE] [P: Block,parallella,(3-1-5)] [O: FlatComp,CAP0402_0P1UF_X5R_35V.1,(261-28-8)]
	Property: Cell Name, Operation: Change
[Ok][Modification] - [BE->FE] [P: Block,parallella,(3-1-5)] [O: FlatComp,CAP0402_0P1UF_X5R_35V.1,(293-28-8)]
	Property: Cell Name, Operation: Change
[Ok][Modification] - [BE->FE] [P: Block,parallella,(3-1-5)] [O: FlatComp,RES0402_33.1,(7-29-8)]
	Property: Cell Name, Operation: Change
[Ok][Modification] - [BE->FE] [P: Block,parallella,(3-1-5)] [O: FlatComp,CAP0402_0P47UF_X5R.1,(50-29-8)]
	Property: Cell Name, Operation: Change
[Ok][Modification] - [BE->FE] [P: Block,parallella,(3-1-5)] [O: FlatComp,RES0402_0.1,(261-29-8)]
	Property: Cell Name, Operation: Change
[Ok][Modification] - [BE->FE] [P: Block,parallella,(3-1-5)] [O: FlatComp,BLM15AG121SN1D.1,(293-29-8)]
	Property: Cell Name, Operation: Change
[Ok][Modification] - [BE->FE] [P: Block,parallella,(3-1-5)] [O: FlatComp,RES0402_1K.1,(7-30-8)]
	Property: Cell Name, Operation: Change
[Ok][Modification] - [BE->FE] [P: Block,parallella,(3-1-5)] [O: FlatComp,CAP0603_4P7UF_16V_X5R.1,(50-30-8)]
	Property: Cell Name, Operation: Change
[Ok][Modification] - [BE->FE] [P: Block,parallella,(3-1-5)] [O: FlatComp,CAP0603_10UF_X5R.1,(261-30-8)]
	Property: Cell Name, Operation: Change
[Ok][Modification] - [BE->FE] [P: Block,parallella,(3-1-5)] [O: FlatComp,88E1318_QFN48BB.1,(293-30-8)]
	Property: Cell Name, Operation: Change
[Ok][Modification] - [BE->FE] [P: Block,parallella,(3-1-5)] [O: FlatComp,ZYNQ_7Z020_CLG400DD.1,(7-31-8)]
	Property: Cell Name, Operation: Change
[Ok][Modification] - [BE->FE] [P: Block,parallella,(3-1-5)] [O: FlatComp,CAP1210_100UF_X5R_LOESR.1,(50-31-8)]
	Property: Cell Name, Operation: Change
[Ok][Modification] - [BE->FE] [P: Block,parallella,(3-1-5)] [O: FlatComp,RES0402_0.1,(293-31-8)]
	Property: Cell Name, Operation: Change
[Ok][Modification] - [BE->FE] [P: Block,parallella,(3-1-5)] [O: FlatComp,RES0402_33.1,(7-32-8)]
	Property: Cell Name, Operation: Change
[Ok][Modification] - [BE->FE] [P: Block,parallella,(3-1-5)] [O: FlatComp,CAP0603_4P7UF_16V_X5R.1,(50-32-8)]
	Property: Cell Name, Operation: Change
[Ok][Modification] - [BE->FE] [P: Block,parallella,(3-1-5)] [O: FlatComp,CAP0402_0P1UF_X5R_35V.1,(293-32-8)]
	Property: Cell Name, Operation: Change
[Ok][Modification] - [BE->FE] [P: Block,parallella,(3-1-5)] [O: FlatComp,RES0402_33.1,(7-33-8)]
	Property: Cell Name, Operation: Change
[Ok][Modification] - [BE->FE] [P: Block,parallella,(3-1-5)] [O: FlatComp,CAP0603_10UF_X5R.1,(50-33-8)]
	Property: Cell Name, Operation: Change
[Ok][Modification] - [BE->FE] [P: Block,parallella,(3-1-5)] [O: FlatComp,CAP0402_0P1UF_X5R_35V.1,(293-33-8)]
	Property: Cell Name, Operation: Change
[Ok][Modification] - [BE->FE] [P: Block,parallella,(3-1-5)] [O: FlatComp,RES0402_33.1,(7-34-8)]
	Property: Cell Name, Operation: Change
[Ok][Modification] - [BE->FE] [P: Block,parallella,(3-1-5)] [O: FlatComp,CAP1210_100UF_X5R_LOESR.1,(50-34-8)]
	Property: Cell Name, Operation: Change
[Ok][Modification] - [BE->FE] [P: Block,parallella,(3-1-5)] [O: FlatComp,CAP0402_0P1UF_X5R_35V.1,(293-34-8)]
	Property: Cell Name, Operation: Change
[Ok][Modification] - [BE->FE] [P: Block,parallella,(3-1-5)] [O: FlatComp,RES0402_33.1,(7-35-8)]
	Property: Cell Name, Operation: Change
[Ok][Modification] - [BE->FE] [P: Block,parallella,(3-1-5)] [O: FlatComp,CAP0402_0P47UF_X5R.1,(50-35-8)]
	Property: Cell Name, Operation: Change
[Ok][Modification] - [BE->FE] [P: Block,parallella,(3-1-5)] [O: FlatComp,CAP0402_0P1UF_X5R_35V.1,(293-35-8)]
	Property: Cell Name, Operation: Change
[Ok][Modification] - [BE->FE] [P: Block,parallella,(3-1-5)] [O: FlatComp,RES0402_33.1,(7-36-8)]
	Property: Cell Name, Operation: Change
[Ok][Modification] - [BE->FE] [P: Block,parallella,(3-1-5)] [O: FlatComp,CAP0603_4P7UF_16V_X5R.1,(50-36-8)]
	Property: Cell Name, Operation: Change
[Ok][Modification] - [BE->FE] [P: Block,parallella,(3-1-5)] [O: FlatComp,CAP0603_4P7UF_16V_X5R.1,(50-36-8)]
	Property: Cluster, Operation: Change
[Ok][Modification] - [BE->FE] [P: Block,parallella,(3-1-5)] [O: FlatComp,CAP0603_10UF_X5R.1,(293-36-8)]
	Property: Cell Name, Operation: Change
[Ok][Modification] - [BE->FE] [P: Block,parallella,(3-1-5)] [O: FlatComp,CAP1210_100UF_X5R_LOESR.1,(7-37-8)]
	Property: Cell Name, Operation: Change
[Ok][Modification] - [BE->FE] [P: Block,parallella,(3-1-5)] [O: FlatComp,CAP0402_0P47UF_X5R.1,(50-37-8)]
	Property: Cell Name, Operation: Change
[Ok][Modification] - [BE->FE] [P: Block,parallella,(3-1-5)] [O: FlatComp,RES0402_4K99.1,(293-37-8)]
	Property: Cell Name, Operation: Change
[Ok][Modification] - [BE->FE] [P: Block,parallella,(3-1-5)] [O: FlatComp,RES0402_80P6.1,(7-38-8)]
	Property: Cell Name, Operation: Change
[Ok][Modification] - [BE->FE] [P: Block,parallella,(3-1-5)] [O: FlatComp,CAP0402_0P47UF_X5R.1,(50-38-8)]
	Property: Cell Name, Operation: Change
[Ok][Modification] - [BE->FE] [P: Block,parallella,(3-1-5)] [O: FlatComp,RES0402_0.1,(293-38-8)]
	Property: Cell Name, Operation: Change
[Ok][Modification] - [BE->FE] [P: Block,parallella,(3-1-5)] [O: FlatComp,RES0402_4K75.1,(7-39-8)]
	Property: Cell Name, Operation: Change
[Ok][Modification] - [BE->FE] [P: Block,parallella,(3-1-5)] [O: FlatComp,CAP0402_0P47UF_X5R.1,(50-39-8)]
	Property: Cell Name, Operation: Change
[Ok][Modification] - [BE->FE] [P: Block,parallella,(3-1-5)] [O: FlatComp,CAP0402_0P1UF_X5R_35V.1,(293-39-8)]
	Property: Cell Name, Operation: Change
[Ok][Modification] - [BE->FE] [P: Block,parallella,(3-1-5)] [O: FlatComp,CAP0402_4P7UF_X5R.1,(7-40-8)]
	Property: Cell Name, Operation: Change
[Ok][Modification] - [BE->FE] [P: Block,parallella,(3-1-5)] [O: FlatComp,CAP0603_4P7UF_16V_X5R.1,(50-40-8)]
	Property: Cell Name, Operation: Change
[Ok][Modification] - [BE->FE] [P: Block,parallella,(3-1-5)] [O: FlatComp,CAP0603_10UF_X5R.1,(293-40-8)]
	Property: Cell Name, Operation: Change
[Ok][Modification] - [BE->FE] [P: Block,parallella,(3-1-5)] [O: FlatComp,RES0402_33.1,(7-41-8)]
	Property: Cell Name, Operation: Change
[Ok][Modification] - [BE->FE] [P: Block,parallella,(3-1-5)] [O: FlatComp,CAP0402_0P47UF_X5R.1,(50-41-8)]
	Property: Cell Name, Operation: Change
[Ok][Modification] - [BE->FE] [P: Block,parallella,(3-1-5)] [O: FlatComp,CAP0603_10UF_X5R.1,(293-41-8)]
	Property: Cell Name, Operation: Change
[Ok][Modification] - [BE->FE] [P: Block,parallella,(3-1-5)] [O: FlatComp,RES0402_33.1,(7-42-8)]
	Property: Cell Name, Operation: Change
[Ok][Modification] - [BE->FE] [P: Block,parallella,(3-1-5)] [O: FlatComp,CAP0402_0P47UF_X5R.1,(50-42-8)]
	Property: Cell Name, Operation: Change
[Ok][Modification] - [BE->FE] [P: Block,parallella,(3-1-5)] [O: FlatComp,88E1318_QFN48AA.1,(293-42-8)]
	Property: Cell Name, Operation: Change
[Ok][Modification] - [BE->FE] [P: Block,parallella,(3-1-5)] [O: FlatComp,CAP0402_4P7UF_X5R.1,(7-43-8)]
	Property: Cell Name, Operation: Change
[Ok][Modification] - [BE->FE] [P: Block,parallella,(3-1-5)] [O: FlatComp,CAP0402_0P47UF_X5R.1,(50-43-8)]
	Property: Cell Name, Operation: Change
[Ok][Modification] - [BE->FE] [P: Block,parallella,(3-1-5)] [O: FlatComp,CAP0402_0P1UF_X5R_35V.1,(293-43-8)]
	Property: Cell Name, Operation: Change
[Ok][Modification] - [BE->FE] [P: Block,parallella,(3-1-5)] [O: FlatComp,RES0402_33.1,(7-44-8)]
	Property: Cell Name, Operation: Change
[Ok][Modification] - [BE->FE] [P: Block,parallella,(3-1-5)] [O: FlatComp,CAP0402_0P47UF_X5R.1,(50-44-8)]
	Property: Cell Name, Operation: Change
[Ok][Modification] - [BE->FE] [P: Block,parallella,(3-1-5)] [O: FlatComp,CAP0402_4P7UF_X5R.1,(7-45-8)]
	Property: Cell Name, Operation: Change
[Ok][Modification] - [BE->FE] [P: Block,parallella,(3-1-5)] [O: FlatComp,CAP0402_0P47UF_X5R.1,(50-45-8)]
	Property: Cell Name, Operation: Change
[Ok][Modification] - [BE->FE] [P: Block,parallella,(3-1-5)] [O: FlatComp,CAP0603_4P7UF_16V_X5R.1,(50-46-8)]
	Property: Cell Name, Operation: Change
[Ok][Modification] - [BE->FE] [P: Block,parallella,(3-1-5)] [O: FlatComp,CAP0603_4P7UF_16V_X5R.1,(50-47-8)]
	Property: Cell Name, Operation: Change
[Ok][Modification] - [BE->FE] [P: Block,parallella,(3-1-5)] [O: FlatComp,CAP1210_100UF_X5R_LOESR.1,(50-48-8)]
	Property: Cell Name, Operation: Change
[Ok][Modification] - [BE->FE] [P: Block,parallella,(3-1-5)] [O: FlatComp,CAP0603_4P7UF_16V_X5R.1,(50-49-8)]
	Property: Cell Name, Operation: Change
[Ok][Modification] - [BE->FE] [P: Block,parallella,(3-1-5)] [O: FlatComp,CAP0402_0P47UF_X5R.1,(50-51-8)]
	Property: Cell Name, Operation: Change
[Ok][Modification] - [BE->FE] [P: Block,parallella,(3-1-5)] [O: FlatComp,CAP0603_4P7UF_16V_X5R.1,(50-52-8)]
	Property: Cell Name, Operation: Change
[Ok][Modification] - [BE->FE] [P: Block,parallella,(3-1-5)] [O: FlatComp,CAP0603_4P7UF_16V_X5R.1,(50-53-8)]
	Property: Cell Name, Operation: Change
[Ok][Modification] - [BE->FE] [P: Block,parallella,(3-1-5)] [O: FlatComp,ZYNQ_7Z020_CLG400H.1,(50-54-8)]
	Property: Cell Name, Operation: Change
[Ok][Modification] - [BE->FE] [P: Block,parallella,(3-1-5)] [O: FlatComp,CAP0603_4P7UF_16V_X5R.1,(50-55-8)]
	Property: Cell Name, Operation: Change
[Ok][Modification] - [BE->FE] [P: Block,parallella,(3-1-5)] [O: FlatComp,CAP0603_4P7UF_16V_X5R.1,(50-55-8)]
	Property: Cluster, Operation: Change
[Ok][Modification] - [BE->FE] [P: Block,parallella,(3-1-5)] [O: FlatComp,RES0402_4K75.1,(261-64-8)]
	Property: Cell Name, Operation: Change
[Ok][Modification] - [BE->FE] [P: Block,parallella,(3-1-5)] [O: FlatComp,CAP0402_0P1UF_X5R_35V.1,(261-65-8)]
	Property: Cell Name, Operation: Change
[Ok][Modification] - [BE->FE] [P: Block,parallella,(3-1-5)] [O: FlatComp,ZYNQ_7Z020_CLG400BB.1,(261-66-8)]
	Property: Cell Name, Operation: Change
[Ok][Modification] - [BE->FE] [P: Block,parallella,(3-1-5)] [O: FlatComp,RES0402_20K.1,(261-67-8)]
	Property: Cell Name, Operation: Change
[Ok][Modification] - [BE->FE] [P: Block,parallella,(3-1-5)] [O: FlatComp,RES0402_4K75.1,(261-68-8)]
	Property: Cell Name, Operation: Change
[Ok][Modification] - [BE->FE] [P: Block,parallella,(3-1-5)] [O: FlatComp,RES0402_20K.1,(261-69-8)]
	Property: Cell Name, Operation: Change
[Ok][Modification] - [BE->FE] [P: Block,parallella,(3-1-5)] [O: FlatComp,RES0402_20K.1,(261-70-8)]
	Property: Cell Name, Operation: Change
[Ok][Modification] - [BE->FE] [P: Block,parallella,(3-1-5)] [O: FlatComp,CAP0402_0P47UF_X5R.1,(261-71-8)]
	Property: Cell Name, Operation: Change
[Ok][Modification] - [BE->FE] [P: Block,parallella,(3-1-5)] [O: FlatComp,RES0402_4K75.1,(261-72-8)]
	Property: Cell Name, Operation: Change
[Ok][Modification] - [BE->FE] [P: Block,parallella,(3-1-5)] [O: FlatComp,RES0402_1K.1,(261-73-8)]
	Property: Cell Name, Operation: Change
[Ok][Modification] - [BE->FE] [P: Block,parallella,(3-1-5)] [O: FlatComp,RES0402_0.1,(261-74-8)]
	Property: Cell Name, Operation: Change
[Ok][Modification] - [BE->FE] [P: Block,parallella,(3-1-5)] [O: FlatComp,CAP0402_0P1UF_X5R_35V.1,(261-75-8)]
	Property: Cell Name, Operation: Change
[Ok][Modification] - [BE->FE] [P: Block,parallella,(3-1-5)] [O: FlatComp,NC7WZ16.1,(261-76-8)]
	Property: Cell Name, Operation: Change
[Ok][Modification] - [BE->FE] [P: Block,parallella,(3-1-5)] [O: FlatComp,RES0402_20K.1,(261-77-8)]
	Property: Cell Name, Operation: Change
[Ok][Modification] - [BE->FE] [P: Block,parallella,(3-1-5)] [O: FlatComp,CAP0402_0P1UF_X5R_35V.1,(261-78-8)]
	Property: Cell Name, Operation: Change
[Ok][Modification] - [BE->FE] [P: Block,parallella,(3-1-5)] [O: FlatComp,RES0402_20K.1,(261-79-8)]
	Property: Cell Name, Operation: Change
[Ok][Modification] - [BE->FE] [P: Block,parallella,(3-1-5)] [O: FlatComp,RES0402_8K06.1,(293-79-8)]
	Property: Cell Name, Operation: Change
[Ok][Modification] - [BE->FE] [P: Block,parallella,(3-1-5)] [O: FlatComp,RES0402_0.1,(261-80-8)]
	Property: Cell Name, Operation: Change
[Ok][Modification] - [BE->FE] [P: Block,parallella,(3-1-5)] [O: FlatComp,CAP0402_2P2UF_X5R.1,(293-80-8)]
	Property: Cell Name, Operation: Change
[Ok][Modification] - [BE->FE] [P: Block,parallella,(3-1-5)] [O: FlatComp,RES0402_20K.1,(261-81-8)]
	Property: Cell Name, Operation: Change
[Ok][Modification] - [BE->FE] [P: Block,parallella,(3-1-5)] [O: FlatComp,RES0402_0.1,(293-81-8)]
	Property: Cell Name, Operation: Change
[Ok][Modification] - [BE->FE] [P: Block,parallella,(3-1-5)] [O: FlatComp,RES0402_0.1,(261-82-8)]
	Property: Cell Name, Operation: Change
[Ok][Modification] - [BE->FE] [P: Block,parallella,(3-1-5)] [O: FlatComp,CAP0402_0P1UF_X5R_35V.1,(293-82-8)]
	Property: Cell Name, Operation: Change
[Ok][Modification] - [BE->FE] [P: Block,parallella,(3-1-5)] [O: FlatComp,RES0402_4K75.1,(261-83-8)]
	Property: Cell Name, Operation: Change
[Ok][Modification] - [BE->FE] [P: Block,parallella,(3-1-5)] [O: FlatComp,CAP0402_0P1UF_X5R_35V.1,(293-83-8)]
	Property: Cell Name, Operation: Change
[Ok][Modification] - [BE->FE] [P: Block,parallella,(3-1-5)] [O: FlatComp,RES0402_4K75.1,(261-84-8)]
	Property: Cell Name, Operation: Change
[Ok][Modification] - [BE->FE] [P: Block,parallella,(3-1-5)] [O: FlatComp,CAP0402_0P1UF_X5R_35V.1,(293-84-8)]
	Property: Cell Name, Operation: Change
[Ok][Modification] - [BE->FE] [P: Block,parallella,(3-1-5)] [O: FlatComp,CONN_MICROSD_CARD.1,(261-85-8)]
	Property: Cell Name, Operation: Change
[Ok][Modification] - [BE->FE] [P: Block,parallella,(3-1-5)] [O: FlatComp,CAP0402_2P2UF_X5R.1,(293-85-8)]
	Property: Cell Name, Operation: Change
[Ok][Modification] - [BE->FE] [P: Block,parallella,(3-1-5)] [O: FlatComp,RES0402_20K.1,(261-86-8)]
	Property: Cell Name, Operation: Change
[Ok][Modification] - [BE->FE] [P: Block,parallella,(3-1-5)] [O: FlatComp,RES0402_620.1,(293-86-8)]
	Property: Cell Name, Operation: Change
[Ok][Modification] - [BE->FE] [P: Block,parallella,(3-1-5)] [O: FlatComp,RES0402_20K.1,(261-87-8)]
	Property: Cell Name, Operation: Change
[Ok][Modification] - [BE->FE] [P: Block,parallella,(3-1-5)] [O: FlatComp,CAP1210_100UF_X5R_LOESR.1,(293-87-8)]
	Property: Cell Name, Operation: Change
[Ok][Modification] - [BE->FE] [P: Block,parallella,(3-1-5)] [O: FlatComp,RES0402_4K75.1,(261-88-8)]
	Property: Cell Name, Operation: Change
[Ok][Modification] - [BE->FE] [P: Block,parallella,(3-1-5)] [O: FlatComp,CAP0402_0P1UF_X5R_35V.1,(293-88-8)]
	Property: Cell Name, Operation: Change
[Ok][Modification] - [BE->FE] [P: Block,parallella,(3-1-5)] [O: FlatComp,IC_SPI_FLASH_QUAD_128Mb.1,(261-89-8)]
	Property: Cell Name, Operation: Change
[Ok][Modification] - [BE->FE] [P: Block,parallella,(3-1-5)] [O: FlatComp,RES0402_1K.1,(293-89-8)]
	Property: Cell Name, Operation: Change
[Ok][Modification] - [BE->FE] [P: Block,parallella,(3-1-5)] [O: FlatComp,CAP1210_100UF_X5R_LOESR.1,(261-90-8)]
	Property: Cell Name, Operation: Change
[Ok][Modification] - [BE->FE] [P: Block,parallella,(3-1-5)] [O: FlatComp,MIC2025_1_USB_SW.1,(293-90-8)]
	Property: Cell Name, Operation: Change
[Ok][Modification] - [BE->FE] [P: Block,parallella,(3-1-5)] [O: FlatComp,HDR_1X3_TH_VER_0_1P.1,(261-91-8)]
	Property: Cell Name, Operation: Change
[Ok][Modification] - [BE->FE] [P: Block,parallella,(3-1-5)] [O: FlatComp,CAP0402_0P1UF_X5R_35V.1,(293-91-8)]
	Property: Cell Name, Operation: Change
[Ok][Modification] - [BE->FE] [P: Block,parallella,(3-1-5)] [O: FlatComp,RES0402_33.1,(261-92-8)]
	Property: Cell Name, Operation: Change
[Ok][Modification] - [BE->FE] [P: Block,parallella,(3-1-5)] [O: FlatComp,CAP0402_4P7UF_X5R.1,(293-92-8)]
	Property: Cell Name, Operation: Change
[Ok][Modification] - [BE->FE] [P: Block,parallella,(3-1-5)] [O: FlatComp,CAP0402_0P47UF_X5R.1,(261-93-8)]
	Property: Cell Name, Operation: Change
[Ok][Modification] - [BE->FE] [P: Block,parallella,(3-1-5)] [O: FlatComp,LED_0603_5MA_GRN.1,(293-93-8)]
	Property: Cell Name, Operation: Change
[Ok][Modification] - [BE->FE] [P: Block,parallella,(3-1-5)] [O: FlatComp,RES0402_4K75.1,(261-94-8)]
	Property: Cell Name, Operation: Change
[Ok][Modification] - [BE->FE] [P: Block,parallella,(3-1-5)] [O: FlatComp,CAP0402_0P1UF_X5R_35V.1,(293-94-8)]
	Property: Cell Name, Operation: Change
[Ok][Modification] - [BE->FE] [P: Block,parallella,(3-1-5)] [O: FlatComp,RES0402_20K.1,(261-95-8)]
	Property: Cell Name, Operation: Change
[Ok][Modification] - [BE->FE] [P: Block,parallella,(3-1-5)] [O: FlatComp,RES0402_8K06.1,(293-95-8)]
	Property: Cell Name, Operation: Change
[Ok][Modification] - [BE->FE] [P: Block,parallella,(3-1-5)] [O: FlatComp,RES0402_4K75.1,(261-96-8)]
	Property: Cell Name, Operation: Change
[Ok][Modification] - [BE->FE] [P: Block,parallella,(3-1-5)] [O: FlatComp,LED_0603_5MA_GRN.1,(293-96-8)]
	Property: Cell Name, Operation: Change
[Ok][Modification] - [BE->FE] [P: Block,parallella,(3-1-5)] [O: FlatComp,RES0402_0.1,(261-97-8)]
	Property: Cell Name, Operation: Change
[Ok][Modification] - [BE->FE] [P: Block,parallella,(3-1-5)] [O: FlatComp,CAP0402_0P1UF_X5R_35V.1,(293-97-8)]
	Property: Cell Name, Operation: Change
[Ok][Modification] - [BE->FE] [P: Block,parallella,(3-1-5)] [O: FlatComp,CAP0402_4P7UF_X5R.1,(261-98-8)]
	Property: Cell Name, Operation: Change
[Ok][Modification] - [BE->FE] [P: Block,parallella,(3-1-5)] [O: FlatComp,RES0402_0.1,(293-98-8)]
	Property: Cell Name, Operation: Change
[Ok][Modification] - [BE->FE] [P: Block,parallella,(3-1-5)] [O: FlatComp,CAP0402_0P1UF_X5R_35V.1,(293-99-8)]
	Property: Cell Name, Operation: Change
[Ok][Modification] - [BE->FE] [P: Block,parallella,(3-1-5)] [O: FlatComp,RES0402_620.1,(293-100-8)]
	Property: Cell Name, Operation: Change
[Ok][Modification] - [BE->FE] [P: Block,parallella,(3-1-5)] [O: FlatComp,RES0402_10K.1,(293-101-8)]
	Property: Cell Name, Operation: Change
[Ok][Modification] - [BE->FE] [P: Block,parallella,(3-1-5)] [O: FlatComp,RES0402_0.1,(293-102-8)]
	Property: Cell Name, Operation: Change
[Ok][Modification] - [BE->FE] [P: Block,parallella,(3-1-5)] [O: FlatComp,USB_MICRO_AB_RA_SMT.1,(293-103-8)]
	Property: Cell Name, Operation: Change
[Ok][Modification] - [BE->FE] [P: Block,parallella,(3-1-5)] [O: FlatComp,LED_0603_5MA_RED.1,(293-104-8)]
	Property: Cell Name, Operation: Change
[Ok][Modification] - [BE->FE] [P: Block,parallella,(3-1-5)] [O: FlatComp,USB3320_ULPI_XCVR.1,(293-105-8)]
	Property: Cell Name, Operation: Change
[Ok][Modification] - [BE->FE] [P: Block,parallella,(3-1-5)] [O: FlatComp,CAP0402_0P1UF_X5R_35V.1,(293-106-8)]
	Property: Cell Name, Operation: Change
[Ok][Modification] - [BE->FE] [P: Block,parallella,(3-1-5)] [O: FlatComp,RES0402_0.1,(293-107-8)]
	Property: Cell Name, Operation: Change
[Ok][Modification] - [BE->FE] [P: Block,parallella,(3-1-5)] [O: FlatComp,RES0402_240.1,(293-108-8)]
	Property: Cell Name, Operation: Change
[Ok][Modification] - [BE->FE] [P: Block,parallella,(3-1-5)] [O: FlatComp,USB3320_ULPI_XCVR.1,(293-109-8)]
	Property: Cell Name, Operation: Change
[Ok][Modification] - [BE->FE] [P: Block,parallella,(3-1-5)] [O: FlatComp,CAP0402_0P1UF_X5R_35V.1,(293-110-8)]
	Property: Cell Name, Operation: Change
[Ok][Modification] - [BE->FE] [P: Block,parallella,(3-1-5)] [O: FlatComp,CAP0402_0P1UF_X5R_35V.1,(293-111-8)]
	Property: Cell Name, Operation: Change
[Ok][Modification] - [BE->FE] [P: Block,parallella,(3-1-5)] [O: FlatComp,CAP0402_0P1UF_X5R_35V.1,(293-112-8)]
	Property: Cell Name, Operation: Change
[Ok][Modification] - [BE->FE] [P: Block,parallella,(3-1-5)] [O: FlatComp,CAP0402_0P47UF_X5R.1,(7-128-8)]
	Property: Cell Name, Operation: Change
[Ok][Modification] - [BE->FE] [P: Block,parallella,(3-1-5)] [O: FlatComp,RES0402_4K75.1,(7-129-8)]
	Property: Cell Name, Operation: Change
[Ok][Modification] - [BE->FE] [P: Block,parallella,(3-1-5)] [O: FlatComp,RES0402_4K75.1,(7-130-8)]
	Property: Cell Name, Operation: Change
[Ok][Modification] - [BE->FE] [P: Block,parallella,(3-1-5)] [O: FlatComp,CAP0402_0P47UF_X5R.1,(7-131-8)]
	Property: Cell Name, Operation: Change
[Ok][Modification] - [BE->FE] [P: Block,parallella,(3-1-5)] [O: FlatComp,CAP0402_0P47UF_X5R.1,(7-132-8)]
	Property: Cell Name, Operation: Change
[Ok][Modification] - [BE->FE] [P: Block,parallella,(3-1-5)] [O: FlatComp,ZYNQ_7Z020_CLG400FF.1,(7-133-8)]
	Property: Cell Name, Operation: Change
[Ok][Modification] - [BE->FE] [P: Block,parallella,(3-1-5)] [O: FlatComp,RES0402_22R1.1,(7-134-8)]
	Property: Cell Name, Operation: Change
[Ok][Modification] - [BE->FE] [P: Block,parallella,(3-1-5)] [O: FlatComp,RES0402_22R1.1,(7-135-8)]
	Property: Cell Name, Operation: Change
[Ok][Modification] - [BE->FE] [P: Block,parallella,(3-1-5)] [O: FlatComp,CAP1210_100UF_X5R_LOESR.1,(7-136-8)]
	Property: Cell Name, Operation: Change
[Ok][Modification] - [BE->FE] [P: Block,parallella,(3-1-5)] [O: FlatComp,CAP1210_100UF_X5R_LOESR.1,(7-137-8)]
	Property: Cell Name, Operation: Change
[Ok][Modification] - [BE->FE] [P: Block,parallella,(3-1-5)] [O: FlatComp,CAP0402_4P7UF_X5R.1,(7-138-8)]
	Property: Cell Name, Operation: Change
[Ok][Modification] - [BE->FE] [P: Block,parallella,(3-1-5)] [O: FlatComp,CAP0402_4P7UF_X5R.1,(7-139-8)]
	Property: Cell Name, Operation: Change
[Ok][Modification] - [BE->FE] [P: Block,parallella,(3-1-5)] [O: FlatComp,RES0402_22R1.1,(7-140-8)]
	Property: Cell Name, Operation: Change
[Ok][Modification] - [BE->FE] [P: Block,parallella,(3-1-5)] [O: FlatComp,CAP0402_4P7UF_X5R.1,(7-141-8)]
	Property: Cell Name, Operation: Change
[Ok][Modification] - [BE->FE] [P: Block,parallella,(3-1-5)] [O: FlatComp,CAP0402_4P7UF_X5R.1,(7-142-8)]
	Property: Cell Name, Operation: Change
[Ok][Modification] - [BE->FE] [P: Block,parallella,(3-1-5)] [O: FlatComp,RES0402_1K.1,(7-143-8)]
	Property: Cell Name, Operation: Change
[Ok][Modification] - [BE->FE] [P: Block,parallella,(3-1-5)] [O: FlatComp,CAP0402_0P47UF_X5R.1,(7-144-8)]
	Property: Cell Name, Operation: Change
[Ok][Modification] - [BE->FE] [P: Block,parallella,(3-1-5)] [O: FlatComp,CAP0402_0P47UF_X5R.1,(7-145-8)]
	Property: Cell Name, Operation: Change
[Ok][Modification] - [BE->FE] [P: Block,parallella,(3-1-5)] [O: FlatComp,CAP0402_4P7UF_X5R.1,(7-146-8)]
	Property: Cell Name, Operation: Change
[Ok][Modification] - [BE->FE] [P: Block,parallella,(3-1-5)] [O: FlatComp,ZYNQ_7Z020_CLG400G.1,(7-147-8)]
	Property: Cell Name, Operation: Change
[Ok][Modification] - [BE->FE] [P: Block,parallella,(3-1-5)] [O: FlatComp,CAP0402_4P7UF_X5R.1,(7-148-8)]
	Property: Cell Name, Operation: Change
[Ok][Modification] - [BE->FE] [P: Block,parallella,(3-1-5)] [O: FlatComp,CAP0402_0P47UF_X5R.1,(7-149-8)]
	Property: Cell Name, Operation: Change
[Ok][Modification] - [BE->FE] [P: Block,parallella,(3-1-5)] [O: FlatComp,RES0402_22R1.1,(7-150-8)]
	Property: Cell Name, Operation: Change
[Ok][Modification] - [BE->FE] [P: Block,parallella,(3-1-5)] [O: FlatComp,RES0402_1K.1,(7-151-8)]
	Property: Cell Name, Operation: Change
[Ok][Modification] - [BE->FE] [P: Block,parallella,(3-1-5)] [O: FlatComp,CAP0402_4P7UF_X5R.1,(7-152-8)]
	Property: Cell Name, Operation: Change
[Ok][Modification] - [BE->FE] [P: Block,parallella,(3-1-5)] [O: FlatComp,CAP0402_0P47UF_X5R.1,(7-153-8)]
	Property: Cell Name, Operation: Change
[Ok][Modification] - [BE->FE] [P: Block,parallella,(3-1-5)] [O: FlatComp,CAP0402_0P47UF_X5R.1,(7-154-8)]
	Property: Cell Name, Operation: Change
[Ok][Modification] - [BE->FE] [P: Block,parallella,(3-1-5)] [O: FlatComp,CAP0402_0P47UF_X5R.1,(7-155-8)]
	Property: Cell Name, Operation: Change
[Ok][Modification] - [BE->FE] [P: Block,parallella,(3-1-5)] [O: FlatComp,RES0402_22R1.1,(7-156-8)]
	Property: Cell Name, Operation: Change
[Ok][Modification] - [BE->FE] [P: Block,parallella,(3-1-5)] [O: FlatComp,USB_MICRO_B_RA_SMT.1,(293-175-8)]
	Property: Cell Name, Operation: Change
[Ok][Modification] - [BE->FE] [P: Block,parallella,(3-1-5)] [O: FlatComp,RES0402_620.1,(293-177-8)]
	Property: Cell Name, Operation: Change
[Ok][Modification] - [BE->FE] [P: Block,parallella,(3-1-5)] [O: FlatComp,PTH125_200PAD.1,(293-178-8)]
	Property: Cell Name, Operation: Change
[Ok][Modification] - [BE->FE] [P: Block,parallella,(3-1-5)] [O: FlatComp,CAP0402_0P1UF_X5R_35V.1,(293-179-8)]
	Property: Cell Name, Operation: Change
[Ok][Modification] - [BE->FE] [P: Block,parallella,(3-1-5)] [O: FlatComp,RES0603_24K9.1,(293-180-8)]
	Property: Cell Name, Operation: Change
[Ok][Modification] - [BE->FE] [P: Block,parallella,(3-1-5)] [O: FlatComp,RES0402_0.1,(293-181-8)]
	Property: Cell Name, Operation: Change
[Ok][Modification] - [BE->FE] [P: Block,parallella,(3-1-5)] [O: FlatComp,TEST_TERM_RED.1,(293-182-8)]
	Property: Cell Name, Operation: Change
[Ok][Modification] - [BE->FE] [P: Block,parallella,(3-1-5)] [O: FlatComp,IC_ISL9307_DCDC_CONV.1,(293-183-8)]
	Property: Cell Name, Operation: Change
[Ok][Modification] - [BE->FE] [P: Block,parallella,(3-1-5)] [O: FlatComp,RES0402_10K.1,(293-184-8)]
	Property: Cell Name, Operation: Change
[Ok][Modification] - [BE->FE] [P: Block,parallella,(3-1-5)] [O: FlatComp,RES0402_10K.1,(293-185-8)]
	Property: Cell Name, Operation: Change
[Ok][Modification] - [BE->FE] [P: Block,parallella,(3-1-5)] [O: FlatComp,HDR_1X3_TH_VER_0_1P.1,(293-186-8)]
	Property: Cell Name, Operation: Change
[Ok][Modification] - [BE->FE] [P: Block,parallella,(3-1-5)] [O: FlatComp,RES0603_100K.1,(293-187-8)]
	Property: Cell Name, Operation: Change
[Ok][Modification] - [BE->FE] [P: Block,parallella,(3-1-5)] [O: FlatComp,RES0402_0.1,(293-188-8)]
	Property: Cell Name, Operation: Change
[Ok][Modification] - [BE->FE] [P: Block,parallella,(3-1-5)] [O: FlatComp,CAP0805_10UF_16V_X5R.1,(293-189-8)]
	Property: Cell Name, Operation: Change
[Ok][Modification] - [BE->FE] [P: Block,parallella,(3-1-5)] [O: FlatComp,CAP0805_10UF_16V_X5R.1,(293-190-8)]
	Property: Cell Name, Operation: Change
[Ok][Modification] - [BE->FE] [P: Block,parallella,(3-1-5)] [O: FlatComp,FUSE0603_4A.1,(293-191-8)]
	Property: Cell Name, Operation: Change
[Ok][Modification] - [BE->FE] [P: Block,parallella,(3-1-5)] [O: FlatComp,IND_1P5UH_2A.1,(293-192-8)]
	Property: Cell Name, Operation: Change
[Ok][Modification] - [BE->FE] [P: Block,parallella,(3-1-5)] [O: FlatComp,RES0402_1K.1,(293-193-8)]
	Property: Cell Name, Operation: Change
[Ok][Modification] - [BE->FE] [P: Block,parallella,(3-1-5)] [O: FlatComp,RES0402_0.1,(293-194-8)]
	Property: Cell Name, Operation: Change
[Ok][Modification] - [BE->FE] [P: Block,parallella,(3-1-5)] [O: FlatComp,CAP0805_10UF_16V_X5R.1,(293-195-8)]
	Property: Cell Name, Operation: Change
[Ok][Modification] - [BE->FE] [P: Block,parallella,(3-1-5)] [O: FlatComp,RES0402_56K2.1,(293-196-8)]
	Property: Cell Name, Operation: Change
[Ok][Modification] - [BE->FE] [P: Block,parallella,(3-1-5)] [O: FlatComp,CAP0805_6800PF_X7R.1,(293-197-8)]
	Property: Cell Name, Operation: Change
[Ok][Modification] - [BE->FE] [P: Block,parallella,(3-1-5)] [O: FlatComp,CAP0603_10UF_X5R.1,(293-198-8)]
	Property: Cell Name, Operation: Change
[Ok][Modification] - [BE->FE] [P: Block,parallella,(3-1-5)] [O: FlatComp,RES0603_69K8.1,(293-199-8)]
	Property: Cell Name, Operation: Change
[Ok][Modification] - [BE->FE] [P: Block,parallella,(3-1-5)] [O: FlatComp,RES0402_0.1,(293-200-8)]
	Property: Cell Name, Operation: Change
[Ok][Modification] - [BE->FE] [P: Block,parallella,(3-1-5)] [O: FlatComp,IND_1P5UH_2A.1,(293-201-8)]
	Property: Cell Name, Operation: Change
[Ok][Modification] - [BE->FE] [P: Block,parallella,(3-1-5)] [O: FlatComp,PTH125_200PAD.1,(293-202-8)]
	Property: Cell Name, Operation: Change
[Ok][Modification] - [BE->FE] [P: Block,parallella,(3-1-5)] [O: FlatComp,RES0402_0.1,(293-203-8)]
	Property: Cell Name, Operation: Change
[Ok][Modification] - [BE->FE] [P: Block,parallella,(3-1-5)] [O: FlatComp,CAP0805_10UF_16V_X5R.1,(293-204-8)]
	Property: Cell Name, Operation: Change
[Ok][Modification] - [BE->FE] [P: Block,parallella,(3-1-5)] [O: FlatComp,CAP0805_10UF_16V_X5R.1,(293-205-8)]
	Property: Cell Name, Operation: Change
[Ok][Modification] - [BE->FE] [P: Block,parallella,(3-1-5)] [O: FlatComp,CON_POWER_PJ002A_TH.1,(293-206-8)]
	Property: Cell Name, Operation: Change
[Ok][Modification] - [BE->FE] [P: Block,parallella,(3-1-5)] [O: FlatComp,CAP0805_10UF_16V_X5R.1,(293-207-8)]
	Property: Cell Name, Operation: Change
[Ok][Modification] - [BE->FE] [P: Block,parallella,(3-1-5)] [O: FlatComp,TEST_TERM_RED.1,(293-208-8)]
	Property: Cell Name, Operation: Change
[Ok][Modification] - [BE->FE] [P: Block,parallella,(3-1-5)] [O: FlatComp,LED_0603_5MA_GRN.1,(293-209-8)]
	Property: Cell Name, Operation: Change
[Ok][Modification] - [BE->FE] [P: Block,parallella,(3-1-5)] [O: FlatComp,CAP0805_10UF_16V_X5R.1,(293-210-8)]
	Property: Cell Name, Operation: Change
[Ok][Modification] - [BE->FE] [P: Block,parallella,(3-1-5)] [O: FlatComp,TEST_TERM_BLK.1,(293-211-8)]
	Property: Cell Name, Operation: Change
[Ok][Modification] - [BE->FE] [P: Block,parallella,(3-1-5)] [O: FlatComp,CAP0805_6800PF_X7R.1,(293-212-8)]
	Property: Cell Name, Operation: Change
[Ok][Modification] - [BE->FE] [P: Block,parallella,(3-1-5)] [O: FlatComp,CAP0805_10UF_16V_X5R.1,(293-213-8)]
	Property: Cell Name, Operation: Change
[Ok][Modification] - [BE->FE] [P: Block,parallella,(3-1-5)] [O: FlatComp,CAP0603_4P7UF_16V_X5R.1,(293-214-8)]
	Property: Cell Name, Operation: Change
[Ok][Modification] - [BE->FE] [P: Block,parallella,(3-1-5)] [O: FlatComp,PTH125_200PAD.1,(293-215-8)]
	Property: Cell Name, Operation: Change
[Ok][Modification] - [BE->FE] [P: Block,parallella,(3-1-5)] [O: FlatComp,TEST_TERM_BLK.1,(293-216-8)]
	Property: Cell Name, Operation: Change
[Ok][Modification] - [BE->FE] [P: Block,parallella,(3-1-5)] [O: FlatComp,RES0402_10K.1,(293-217-8)]
	Property: Cell Name, Operation: Change
[Ok][Modification] - [BE->FE] [P: Block,parallella,(3-1-5)] [O: FlatComp,RES0402_10K.1,(293-218-8)]
	Property: Cell Name, Operation: Change
[Ok][Modification] - [BE->FE] [P: Block,parallella,(3-1-5)] [O: FlatComp,IND_1P5UH_2A.1,(293-219-8)]
	Property: Cell Name, Operation: Change
[Ok][Modification] - [BE->FE] [P: Block,parallella,(3-1-5)] [O: FlatComp,RES0402_1K.1,(293-220-8)]
	Property: Cell Name, Operation: Change
[Ok][Modification] - [BE->FE] [P: Block,parallella,(3-1-5)] [O: FlatComp,RES0402_0.1,(293-221-8)]
	Property: Cell Name, Operation: Change
[Ok][Modification] - [BE->FE] [P: Block,parallella,(3-1-5)] [O: FlatComp,HDR_1X2_TH_VER.1,(293-222-8)]
	Property: Cell Name, Operation: Change
[Ok][Modification] - [BE->FE] [P: Block,parallella,(3-1-5)] [O: FlatComp,CAP1210_100UF_X5R_LOESR.1,(293-223-8)]
	Property: Cell Name, Operation: Change
[Ok][Modification] - [BE->FE] [P: Block,parallella,(3-1-5)] [O: FlatComp,IC_ISL9305_DCDC_CONV.1,(293-224-8)]
	Property: Cell Name, Operation: Change
[Ok][Modification] - [BE->FE] [P: Block,parallella,(3-1-5)] [O: FlatComp,CAP0603_10UF_X5R.1,(293-225-8)]
	Property: Cell Name, Operation: Change
[Ok][Modification] - [BE->FE] [P: Block,parallella,(3-1-5)] [O: FlatComp,EPIPHANY_E16G301A.1,(76-226-8)]
	Property: Cell Name, Operation: Change
[Ok][Modification] - [BE->FE] [P: Block,parallella,(3-1-5)] [O: FlatComp,IND_1P5UH_2A.1,(293-226-8)]
	Property: Cell Name, Operation: Change
[Ok][Modification] - [BE->FE] [P: Block,parallella,(3-1-5)] [O: FlatComp,RES0402_4K75.1,(76-227-8)]
	Property: Cell Name, Operation: Change
[Ok][Modification] - [BE->FE] [P: Block,parallella,(3-1-5)] [O: FlatComp,RES0402_0.1,(293-227-8)]
	Property: Cell Name, Operation: Change
[Ok][Modification] - [BE->FE] [P: Block,parallella,(3-1-5)] [O: FlatComp,RES0402_100.1,(76-228-8)]
	Property: Cell Name, Operation: Change
[Ok][Modification] - [BE->FE] [P: Block,parallella,(3-1-5)] [O: FlatComp,PTH125_200PAD.1,(293-228-8)]
	Property: Cell Name, Operation: Change
[Ok][Modification] - [BE->FE] [P: Block,parallella,(3-1-5)] [O: FlatComp,RES0402_1K.1,(76-229-8)]
	Property: Cell Name, Operation: Change
[Ok][Modification] - [BE->FE] [P: Block,parallella,(3-1-5)] [O: FlatComp,CAP0402_0P047UF_X5R.1,(293-229-8)]
	Property: Cell Name, Operation: Change
[Ok][Modification] - [BE->FE] [P: Block,parallella,(3-1-5)] [O: FlatComp,RES0402_0.1,(76-230-8)]
	Property: Cell Name, Operation: Change
[Ok][Modification] - [BE->FE] [P: Block,parallella,(3-1-5)] [O: FlatComp,RES0402_10K.1,(293-230-8)]
	Property: Cell Name, Operation: Change
[Ok][Modification] - [BE->FE] [P: Block,parallella,(3-1-5)] [O: FlatComp,CAP0402_0P1UF_X5R_35V.1,(76-231-8)]
	Property: Cell Name, Operation: Change
[Ok][Modification] - [BE->FE] [P: Block,parallella,(3-1-5)] [O: FlatComp,RES0402_10K.1,(293-231-8)]
	Property: Cell Name, Operation: Change
[Ok][Modification] - [BE->FE] [P: Block,parallella,(3-1-5)] [O: FlatComp,LED_0603_5MA_RED.1,(76-232-8)]
	Property: Cell Name, Operation: Change
[Ok][Modification] - [BE->FE] [P: Block,parallella,(3-1-5)] [O: FlatComp,CAP0402_0P047UF_X5R.1,(293-232-8)]
	Property: Cell Name, Operation: Change
[Ok][Modification] - [BE->FE] [P: Block,parallella,(3-1-5)] [O: FlatComp,RES0402_100.1,(76-233-8)]
	Property: Cell Name, Operation: Change
[Ok][Modification] - [BE->FE] [P: Block,parallella,(3-1-5)] [O: FlatComp,CAP0805_10UF_16V_X5R.1,(293-233-8)]
	Property: Cell Name, Operation: Change
[Ok][Modification] - [BE->FE] [P: Block,parallella,(3-1-5)] [O: FlatComp,RES0402_4K75.1,(76-234-8)]
	Property: Cell Name, Operation: Change
[Ok][Modification] - [BE->FE] [P: Block,parallella,(3-1-5)] [O: FlatComp,RES0402_10K.1,(293-234-8)]
	Property: Cell Name, Operation: Change
[Ok][Modification] - [BE->FE] [P: Block,parallella,(3-1-5)] [O: FlatComp,RES0402_0.1,(76-235-8)]
	Property: Cell Name, Operation: Change
[Ok][Modification] - [BE->FE] [P: Block,parallella,(3-1-5)] [O: FlatComp,RES0402_0.1,(293-235-8)]
	Property: Cell Name, Operation: Change
[Ok][Modification] - [BE->FE] [P: Block,parallella,(3-1-5)] [O: FlatComp,RES0402_240.1,(76-236-8)]
	Property: Cell Name, Operation: Change
[Ok][Modification] - [BE->FE] [P: Block,parallella,(3-1-5)] [O: FlatComp,CAP0603_10UF_X5R.1,(293-236-8)]
	Property: Cell Name, Operation: Change
[Ok][Modification] - [BE->FE] [P: Block,parallella,(3-1-5)] [O: FlatComp,RES0402_100.1,(76-237-8)]
	Property: Cell Name, Operation: Change
[Ok][Modification] - [BE->FE] [P: Block,parallella,(3-1-5)] [O: FlatComp,CAP0805_10UF_16V_X5R.1,(293-237-8)]
	Property: Cell Name, Operation: Change
[Ok][Modification] - [BE->FE] [P: Block,parallella,(3-1-5)] [O: FlatComp,SN65LVDS4.1,(76-238-8)]
	Property: Cell Name, Operation: Change
[Ok][Modification] - [BE->FE] [P: Block,parallella,(3-1-5)] [O: FlatComp,NC7SZ125.1,(293-238-8)]
	Property: Cell Name, Operation: Change
[Ok][Modification] - [BE->FE] [P: Block,parallella,(3-1-5)] [O: FlatComp,RES0402_100.1,(76-239-8)]
	Property: Cell Name, Operation: Change
[Ok][Modification] - [BE->FE] [P: Block,parallella,(3-1-5)] [O: FlatComp,RES0402_4K75.1,(76-240-8)]
	Property: Cell Name, Operation: Change
[Ok][Modification] - [BE->FE] [P: Block,parallella,(3-1-5)] [O: FlatComp,RES0402_4K75.1,(76-241-8)]
	Property: Cell Name, Operation: Change
[Ok][Modification] - [BE->FE] [P: Block,parallella,(3-1-5)] [O: FlatComp,RES0402_100.1,(76-242-8)]
	Property: Cell Name, Operation: Change
[Ok][Modification] - [BE->FE] [P: Block,parallella,(3-1-5)] [O: FlatComp,RES0402_1K.1,(76-243-8)]
	Property: Cell Name, Operation: Change
[Ok][Modification] - [BE->FE] [P: Block,parallella,(3-1-5)] [O: FlatComp,RES0402_100.1,(76-244-8)]
	Property: Cell Name, Operation: Change
[Ok][Modification] - [BE->FE] [P: Block,parallella,(3-1-5)] [O: FlatComp,RES0402_1K.1,(76-245-8)]
	Property: Cell Name, Operation: Change
[Ok][Modification] - [BE->FE] [P: Block,parallella,(3-1-5)] [O: FlatComp,RES0402_4K75.1,(76-246-8)]
	Property: Cell Name, Operation: Change
[Ok][Modification] - [BE->FE] [P: Block,parallella,(3-1-5)] [O: FlatComp,EPIPHANY_E16G301B.1,(76-247-8)]
	Property: Cell Name, Operation: Change
[Ok][Modification] - [BE->FE] [P: Block,parallella,(3-1-5)] [O: FlatComp,RES0402_100.1,(76-248-8)]
	Property: Cell Name, Operation: Change
[Ok][Modification] - [BE->FE] [P: Block,parallella,(3-1-5)] [O: FlatComp,RES0402_1K.1,(76-249-8)]
	Property: Cell Name, Operation: Change
[Ok][Modification] - [BE->FE] [P: Block,parallella,(3-1-5)] [O: FlatComp,RES0402_100.1,(76-250-8)]
	Property: Cell Name, Operation: Change
[Ok][Modification] - [BE->FE] [P: Block,parallella,(3-1-5)] [O: FlatComp,RES0402_1K.1,(76-251-8)]
	Property: Cell Name, Operation: Change
[Ok][Modification] - [BE->FE] [P: Block,parallella,(3-1-5)] [O: FlatComp,RES0402_100.1,(76-252-8)]
	Property: Cell Name, Operation: Change
[Ok][Modification] - [BE->FE] [P: Block,parallella,(3-1-5)] [O: FlatComp,RES0402_4K75.1,(76-253-8)]
	Property: Cell Name, Operation: Change
[Ok][Modification] - [BE->FE] [P: Block,parallella,(3-1-5)] [O: FlatComp,RES0402_4K75.1,(76-254-8)]
	Property: Cell Name, Operation: Change
[Ok][Modification] - [BE->FE] [P: Block,parallella,(3-1-5)] [O: FlatComp,RES0402_1K.1,(76-255-8)]
	Property: Cell Name, Operation: Change
[Ok][Modification] - [BE->FE] [P: Block,parallella,(3-1-5)] [O: FlatComp,RES0402_1K.1,(76-256-8)]
	Property: Cell Name, Operation: Change
[Ok][Modification] - [BE->FE] [P: Block,parallella,(3-1-5)] [O: FlatComp,CAP0402_0P1UF_X5R_35V.1,(76-257-8)]
	Property: Cell Name, Operation: Change
[Ok][Modification] - [BE->FE] [P: Block,parallella,(3-1-5)] [O: FlatComp,RES0402_4K75.1,(76-258-8)]
	Property: Cell Name, Operation: Change
[Ok][Modification] - [BE->FE] [P: Block,parallella,(3-1-5)] [O: FlatComp,RES0402_100.1,(76-259-8)]
	Property: Cell Name, Operation: Change
[Ok][Modification] - [BE->FE] [P: Block,parallella,(3-1-5)] [O: FlatComp,RES0402_100.1,(76-260-8)]
	Property: Cell Name, Operation: Change
[Ok][Modification] - [BE->FE] [P: Block,parallella,(3-1-5)] [O: FlatComp,RES0402_100.1,(76-261-8)]
	Property: Cell Name, Operation: Change
[Ok][Modification] - [BE->FE] [P: Block,parallella,(3-1-5)] [O: FlatComp,RES0402_4K75.1,(76-262-8)]
	Property: Cell Name, Operation: Change
[Ok][Modification] - [BE->FE] [P: Block,parallella,(3-1-5)] [O: FlatComp,RES0402_100.1,(76-263-8)]
	Property: Cell Name, Operation: Change
[Ok][Modification] - [BE->FE] [P: Block,parallella,(3-1-5)] [O: FlatComp,RES0402_1K.1,(76-264-8)]
	Property: Cell Name, Operation: Change
[Ok][Modification] - [BE->FE] [P: Block,parallella,(3-1-5)] [O: FlatComp,CAP0402_0P47UF_X5R.1,(7-267-8)]
	Property: Cell Name, Operation: Change
[Ok][Modification] - [BE->FE] [P: Block,parallella,(3-1-5)] [O: FlatComp,CAP0402_0P47UF_X5R.1,(7-268-8)]
	Property: Cell Name, Operation: Change
[Ok][Modification] - [BE->FE] [P: Block,parallella,(3-1-5)] [O: FlatComp,CAP0402_4P7UF_X5R.1,(7-269-8)]
	Property: Cell Name, Operation: Change
[Ok][Modification] - [BE->FE] [P: Block,parallella,(3-1-5)] [O: FlatComp,CAP0402_0P47UF_X5R.1,(7-270-8)]
	Property: Cell Name, Operation: Change
[Ok][Modification] - [BE->FE] [P: Block,parallella,(3-1-5)] [O: FlatComp,CAP0402_0P47UF_X5R.1,(7-271-8)]
	Property: Cell Name, Operation: Change
[Ok][Modification] - [BE->FE] [P: Block,parallella,(3-1-5)] [O: FlatComp,CAP0402_0P47UF_X5R.1,(7-272-8)]
	Property: Cell Name, Operation: Change
[Ok][Modification] - [BE->FE] [P: Block,parallella,(3-1-5)] [O: FlatComp,CAP0402_10NF_X7R_16V.1,(7-273-8)]
	Property: Cell Name, Operation: Change
[Ok][Modification] - [BE->FE] [P: Block,parallella,(3-1-5)] [O: FlatComp,CAP0402_0P47UF_X5R.1,(7-274-8)]
	Property: Cell Name, Operation: Change
[Ok][Modification] - [BE->FE] [P: Block,parallella,(3-1-5)] [O: FlatComp,CAP0402_0P1UF_X5R_35V.1,(7-275-8)]
	Property: Cell Name, Operation: Change
[Ok][Modification] - [BE->FE] [P: Block,parallella,(3-1-5)] [O: FlatComp,CAP0402_0P47UF_X5R.1,(7-276-8)]
	Property: Cell Name, Operation: Change
[Ok][Modification] - [BE->FE] [P: Block,parallella,(3-1-5)] [O: FlatComp,CAP0402_0P47UF_X5R.1,(7-277-8)]
	Property: Cell Name, Operation: Change
[Ok][Modification] - [BE->FE] [P: Block,parallella,(3-1-5)] [O: FlatComp,CAP0402_4P7UF_X5R.1,(7-278-8)]
	Property: Cell Name, Operation: Change
[Ok][Modification] - [BE->FE] [P: Block,parallella,(3-1-5)] [O: FlatComp,CAP0402_0P47UF_X5R.1,(7-279-8)]
	Property: Cell Name, Operation: Change
[Ok][Modification] - [BE->FE] [P: Block,parallella,(3-1-5)] [O: FlatComp,RES0402_240.1,(7-280-8)]
	Property: Cell Name, Operation: Change
[Ok][Modification] - [BE->FE] [P: Block,parallella,(3-1-5)] [O: FlatComp,CAP0402_0P47UF_X5R.1,(7-281-8)]
	Property: Cell Name, Operation: Change
[Ok][Modification] - [BE->FE] [P: Block,parallella,(3-1-5)] [O: FlatComp,CAP0402_4P7UF_X5R.1,(7-282-8)]
	Property: Cell Name, Operation: Change
[Ok][Modification] - [BE->FE] [P: Block,parallella,(3-1-5)] [O: FlatComp,DDR3_256MX32.1,(7-283-8)]
	Property: Cell Name, Operation: Change
[Ok][Modification] - [BE->FE] [P: Block,parallella,(3-1-5)] [O: FlatComp,CAP0402_0P47UF_X5R.1,(7-284-8)]
	Property: Cell Name, Operation: Change
[Ok][Modification] - [BE->FE] [P: Block,parallella,(3-1-5)] [O: FlatComp,RES0402_240.1,(7-285-8)]
	Property: Cell Name, Operation: Change
[Ok][Modification] - [BE->FE] [P: Block,parallella,(3-1-5)] [O: FlatComp,RES0402_1K.1,(7-286-8)]
	Property: Cell Name, Operation: Change
[Ok][Modification] - [BE->FE] [P: Block,parallella,(3-1-5)] [O: FlatComp,CAP0402_0P47UF_X5R.1,(7-287-8)]
	Property: Cell Name, Operation: Change
[Ok][Modification] - [BE->FE] [P: Block,parallella,(3-1-5)] [O: FlatComp,CAP0402_0P47UF_X5R.1,(7-288-8)]
	Property: Cell Name, Operation: Change
[Ok][Modification] - [BE->FE] [P: Block,parallella,(3-1-5)] [O: FlatComp,RES0402_1K.1,(7-289-8)]
	Property: Cell Name, Operation: Change
[Ok][Modification] - [BE->FE] [P: Block,parallella,(3-1-5)] [O: FlatComp,CAP0402_0P47UF_X5R.1,(7-290-8)]
	Property: Cell Name, Operation: Change
[Ok][Modification] - [BE->FE] [P: Block,parallella,(3-1-5)] [O: FlatComp,RES0402_80P6.1,(7-291-8)]
	Property: Cell Name, Operation: Change
[Ok][Modification] - [BE->FE] [P: Block,parallella,(3-1-5)] [O: FlatComp,RES0402_100.1,(76-336-8)]
	Property: Cell Name, Operation: Change
[Ok][Modification] - [BE->FE] [P: Block,parallella,(3-1-5)] [O: FlatComp,RES0402_100.1,(76-337-8)]
	Property: Cell Name, Operation: Change
[Ok][Modification] - [BE->FE] [P: Block,parallella,(3-1-5)] [O: FlatComp,RES0402_100.1,(76-338-8)]
	Property: Cell Name, Operation: Change
[Ok][Modification] - [BE->FE] [P: Block,parallella,(3-1-5)] [O: FlatComp,RES0402_100.1,(76-339-8)]
	Property: Cell Name, Operation: Change
[Ok][Modification] - [BE->FE] [P: Block,parallella,(3-1-5)] [O: FlatComp,RES0402_100.1,(76-340-8)]
	Property: Cell Name, Operation: Change
[Ok][Modification] - [BE->FE] [P: Block,parallella,(3-1-5)] [O: FlatComp,RES0402_100.1,(76-341-8)]
	Property: Cell Name, Operation: Change
[Ok][Modification] - [BE->FE] [P: Block,parallella,(3-1-5)] [O: FlatComp,RES0402_100.1,(76-342-8)]
	Property: Cell Name, Operation: Change
[Ok][Modification] - [BE->FE] [P: Block,parallella,(3-1-5)] [O: FlatComp,RES0402_100.1,(76-343-8)]
	Property: Cell Name, Operation: Change
[Ok][Modification] - [BE->FE] [P: Block,parallella,(3-1-5)] [O: FlatComp,RES0402_100.1,(76-344-8)]
	Property: Cell Name, Operation: Change
[Ok][Modification] - [BE->FE] [P: Block,parallella,(3-1-5)] [O: FlatComp,RES0402_100.1,(76-345-8)]
	Property: Cell Name, Operation: Change
[Ok][Modification] - [BE->FE] [P: Block,parallella,(3-1-5)] [O: FlatComp,EPIPHANY_E16G301D.1,(76-346-8)]
	Property: Cell Name, Operation: Change
[Ok][Modification] - [BE->FE] [P: Block,parallella,(3-1-5)] [O: FlatComp,RES0402_100.1,(76-347-8)]
	Property: Cell Name, Operation: Change
[Ok][Modification] - [BE->FE] [P: Block,parallella,(3-1-5)] [O: FlatComp,RES0402_10K.1,(76-348-8)]
	Property: Cell Name, Operation: Change
[Ok][Modification] - [BE->FE] [P: Block,parallella,(3-1-5)] [O: FlatComp,RES0402_100.1,(76-349-8)]
	Property: Cell Name, Operation: Change
[Ok][Modification] - [BE->FE] [P: Block,parallella,(3-1-5)] [O: FlatComp,RES0402_100.1,(76-350-8)]
	Property: Cell Name, Operation: Change
[Ok][Modification] - [BE->FE] [P: Block,parallella,(3-1-5)] [O: FlatComp,RES0402_0.1,(76-351-8)]
	Property: Cell Name, Operation: Change
[Ok][Modification] - [BE->FE] [P: Block,parallella,(3-1-5)] [O: FlatComp,RES0402_100.1,(76-352-8)]
	Property: Cell Name, Operation: Change
[Ok][Modification] - [BE->FE] [P: Block,parallella,(3-1-5)] [O: FlatComp,RES0402_100.1,(76-353-8)]
	Property: Cell Name, Operation: Change
[Ok][Modification] - [BE->FE] [P: Block,parallella,(3-1-5)] [O: FlatComp,RES0402_10K.1,(76-354-8)]
	Property: Cell Name, Operation: Change
[Ok][Modification] - [BE->FE] [P: Block,parallella,(3-1-5)] [O: FlatComp,RES0402_0.1,(76-355-8)]
	Property: Cell Name, Operation: Change
[Ok][Modification] - [BE->FE] [P: Block,parallella,(3-1-5)] [O: FlatComp,RES0402_10K.1,(76-356-8)]
	Property: Cell Name, Operation: Change
[Ok][Modification] - [BE->FE] [P: Block,parallella,(3-1-5)] [O: FlatComp,RES0402_100.1,(76-357-8)]
	Property: Cell Name, Operation: Change
[Ok][Modification] - [BE->FE] [P: Block,parallella,(3-1-5)] [O: FlatComp,RES0402_100.1,(76-358-8)]
	Property: Cell Name, Operation: Change
[Ok][Modification] - [BE->FE] [P: Block,parallella,(3-1-5)] [O: FlatComp,RES0402_100.1,(76-359-8)]
	Property: Cell Name, Operation: Change
[Ok][Modification] - [BE->FE] [P: Block,parallella,(3-1-5)] [O: FlatComp,RES0402_0.1,(76-360-8)]
	Property: Cell Name, Operation: Change
[Ok][Modification] - [BE->FE] [P: Block,parallella,(3-1-5)] [O: FlatComp,RES0402_100.1,(76-361-8)]
	Property: Cell Name, Operation: Change
[Ok][Modification] - [BE->FE] [P: Block,parallella,(3-1-5)] [O: FlatComp,RES0402_100.1,(76-362-8)]
	Property: Cell Name, Operation: Change
[Ok][Modification] - [BE->FE] [P: Block,parallella,(3-1-5)] [O: FlatComp,RES0402_100.1,(76-363-8)]
	Property: Cell Name, Operation: Change
[Ok][Modification] - [BE->FE] [P: Block,parallella,(3-1-5)] [O: FlatComp,RES0402_0.1,(76-364-8)]
	Property: Cell Name, Operation: Change
[Ok][Modification] - [BE->FE] [P: Block,parallella,(3-1-5)] [O: FlatComp,RES0402_100.1,(76-365-8)]
	Property: Cell Name, Operation: Change
[Ok][Modification] - [BE->FE] [P: Block,parallella,(3-1-5)] [O: FlatComp,RES0402_100.1,(76-366-8)]
	Property: Cell Name, Operation: Change
[Ok][Modification] - [BE->FE] [P: Block,parallella,(3-1-5)] [O: FlatComp,RES0402_100.1,(76-367-8)]
	Property: Cell Name, Operation: Change
[Ok][Modification] - [BE->FE] [P: Block,parallella,(3-1-5)] [O: FlatComp,RES0402_100.1,(76-368-8)]
	Property: Cell Name, Operation: Change
[Ok][Modification] - [BE->FE] [P: Block,parallella,(3-1-5)] [O: FlatComp,RES0402_100.1,(76-369-8)]
	Property: Cell Name, Operation: Change
[Ok][Modification] - [BE->FE] [P: Block,parallella,(3-1-5)] [O: FlatComp,RES0402_100.1,(76-370-8)]
	Property: Cell Name, Operation: Change
[Ok][Modification] - [BE->FE] [P: Block,parallella,(3-1-5)] [O: FlatComp,RES0402_100.1,(76-371-8)]
	Property: Cell Name, Operation: Change
[Ok][Modification] - [BE->FE] [P: Block,parallella,(3-1-5)] [O: FlatComp,RES0402_100.1,(76-372-8)]
	Property: Cell Name, Operation: Change
[Ok][Modification] - [BE->FE] [P: Block,parallella,(3-1-5)] [O: FlatComp,RES0402_10K.1,(76-373-8)]
	Property: Cell Name, Operation: Change
[Ok][Modification] - [BE->FE] [P: Block,parallella,(3-1-5)] [O: FlatComp,RES0402_100.1,(76-374-8)]
	Property: Cell Name, Operation: Change
[Ok][Modification] - [BE->FE] [P: Block,parallella,(3-1-5)] [O: FlatComp,RES0402_100.1,(76-375-8)]
	Property: Cell Name, Operation: Change
[Ok][Modification] - [BE->FE] [P: Block,parallella,(3-1-5)] [O: FlatComp,RES0402_10K.1,(76-376-8)]
	Property: Cell Name, Operation: Change
[Ok][Modification] - [BE->FE] [P: Block,parallella,(3-1-5)] [O: FlatComp,RES0402_100.1,(76-377-8)]
	Property: Cell Name, Operation: Change
[Ok][Modification] - [BE->FE] [P: Block,parallella,(3-1-5)] [O: FlatComp,RES0402_100.1,(76-378-8)]
	Property: Cell Name, Operation: Change
[Ok][Modification] - [BE->FE] [P: Block,parallella,(3-1-5)] [O: FlatComp,RES0402_10K.1,(76-379-8)]
	Property: Cell Name, Operation: Change
[Ok][Modification] - [BE->FE] [P: Block,parallella,(3-1-5)] [O: FlatComp,RES0402_100.1,(76-380-8)]
	Property: Cell Name, Operation: Change
[Ok][Modification] - [BE->FE] [P: Block,parallella,(3-1-5)] [O: FlatComp,RES0402_100.1,(76-381-8)]
	Property: Cell Name, Operation: Change
[Ok][Modification] - [BE->FE] [P: Block,parallella,(3-1-5)] [O: FlatComp,RES0402_100.1,(76-382-8)]
	Property: Cell Name, Operation: Change
[Ok][Modification] - [BE->FE] [P: Block,parallella,(3-1-5)] [O: FlatComp,RES0402_10K.1,(76-383-8)]
	Property: Cell Name, Operation: Change
[Ok][Modification] - [BE->FE] [P: Block,parallella,(3-1-5)] [O: FlatComp,EPIPHANY_E16G301C.1,(76-384-8)]
	Property: Cell Name, Operation: Change
[Ok][Modification] - [BE->FE] [P: Block,parallella,(3-1-5)] [O: FlatComp,RES0402_10K.1,(76-385-8)]
	Property: Cell Name, Operation: Change
[Ok][Modification] - [BE->FE] [P: Block,parallella,(3-1-5)] [O: FlatComp,CAP0402_0P1UF_X5R_35V.1,(76-495-8)]
	Property: Cell Name, Operation: Change
[Ok][Modification] - [BE->FE] [P: Block,parallella,(3-1-5)] [O: FlatComp,CAP0402_10NF_X7R_16V.1,(76-496-8)]
	Property: Cell Name, Operation: Change
[Ok][Modification] - [BE->FE] [P: Block,parallella,(3-1-5)] [O: FlatComp,CAP0402_10NF_X7R_16V.1,(76-497-8)]
	Property: Cell Name, Operation: Change
[Ok][Modification] - [BE->FE] [P: Block,parallella,(3-1-5)] [O: FlatComp,EPIPHANY_E16G301E.1,(76-498-8)]
	Property: Cell Name, Operation: Change
[Ok][Modification] - [BE->FE] [P: Block,parallella,(3-1-5)] [O: FlatComp,CAP0402_0P1UF_X5R_35V.1,(76-499-8)]
	Property: Cell Name, Operation: Change
[Ok][Modification] - [BE->FE] [P: Block,parallella,(3-1-5)] [O: FlatComp,CAP0402_0P1UF_X5R_35V.1,(76-500-8)]
	Property: Cell Name, Operation: Change
[Ok][Modification] - [BE->FE] [P: Block,parallella,(3-1-5)] [O: FlatComp,RES0402_0.1,(76-501-8)]
	Property: Cell Name, Operation: Change
[Ok][Modification] - [BE->FE] [P: Block,parallella,(3-1-5)] [O: FlatComp,CAP0402_0P1UF_X5R_35V.1,(76-502-8)]
	Property: Cell Name, Operation: Change
[Ok][Modification] - [BE->FE] [P: Block,parallella,(3-1-5)] [O: FlatComp,EPIPHANY_E16G301F.1,(76-503-8)]
	Property: Cell Name, Operation: Change
[Ok][Modification] - [BE->FE] [P: Block,parallella,(3-1-5)] [O: FlatComp,CAP0402_0P1UF_X5R_35V.1,(76-504-8)]
	Property: Cell Name, Operation: Change
[Ok][Modification] - [BE->FE] [P: Block,parallella,(3-1-5)] [O: FlatComp,CAP0402_10NF_X7R_16V.1,(76-505-8)]
	Property: Cell Name, Operation: Change
[Ok][Modification] - [BE->FE] [P: Block,parallella,(3-1-5)] [O: FlatComp,CAP0402_0P1UF_X5R_35V.1,(76-506-8)]
	Property: Cell Name, Operation: Change
[Ok][Modification] - [BE->FE] [P: Block,parallella,(3-1-5)] [O: FlatComp,CAP0402_0P1UF_X5R_35V.1,(76-507-8)]
	Property: Cell Name, Operation: Change
[Ok][Modification] - [BE->FE] [P: Block,parallella,(3-1-5)] [O: FlatComp,CAP0402_10NF_X7R_16V.1,(76-508-8)]
	Property: Cell Name, Operation: Change
[Ok][Modification] - [BE->FE] [P: Block,parallella,(3-1-5)] [O: FlatComp,CAP0402_0P1UF_X5R_35V.1,(76-509-8)]
	Property: Cell Name, Operation: Change
[Ok][Modification] - [BE->FE] [P: Block,parallella,(3-1-5)] [O: FlatComp,RES0402_0.1,(76-510-8)]
	Property: Cell Name, Operation: Change
[Ok][Modification] - [BE->FE] [P: Block,parallella,(3-1-5)] [O: FlatComp,CAP0402_0P1UF_X5R_35V.1,(76-511-8)]
	Property: Cell Name, Operation: Change
[Ok][Modification] - [BE->FE] [P: Block,parallella,(3-1-5)] [O: FlatComp,CAP0402_0P1UF_X5R_35V.1,(76-512-8)]
	Property: Cell Name, Operation: Change
[Ok][Modification] - [BE->FE] [P: Block,parallella,(3-1-5)] [O: FlatComp,RES0402_0.1,(76-513-8)]
	Property: Cell Name, Operation: Change
[Ok][Modification] - [BE->FE] [P: Block,parallella,(3-1-5)] [O: FlatComp,CAP0402_10NF_X7R_16V.1,(76-514-8)]
	Property: Cell Name, Operation: Change
[Ok][Modification] - [BE->FE] [P: Block,parallella,(3-1-5)] [O: FlatComp,CAP0402_0P1UF_X5R_35V.1,(76-515-8)]
	Property: Cell Name, Operation: Change
[Ok][Modification] - [BE->FE] [P: Block,parallella,(3-1-5)] [O: FlatComp,CAP0402_0P1UF_X5R_35V.1,(76-516-8)]
	Property: Cell Name, Operation: Change
[Ok][Modification] - [BE->FE] [P: Block,parallella,(3-1-5)] [O: FlatComp,RES0402_100.1,(76-517-8)]
	Property: Cell Name, Operation: Change
[Ok][Modification] - [BE->FE] [P: Block,parallella,(3-1-5)] [O: FlatComp,RES0402_0.1,(76-518-8)]
	Property: Cell Name, Operation: Change
[Ok][Modification] - [BE->FE] [P: Block,parallella,(3-1-5)] [O: FlatComp,CAP0402_10NF_X7R_16V.1,(76-519-8)]
	Property: Cell Name, Operation: Change
[Ok][Modification] - [BE->FE] [P: Block,parallella,(3-1-5)] [O: FlatComp,CAP0402_0P1UF_X5R_35V.1,(76-520-8)]
	Property: Cell Name, Operation: Change
[Ok][Modification] - [BE->FE] [P: Block,parallella,(3-1-5)] [O: FlatComp,CAP0402_10NF_X7R_16V.1,(76-521-8)]
	Property: Cell Name, Operation: Change
[Ok][Modification] - [BE->FE] [P: Block,parallella,(3-1-5)] [O: FlatComp,CAP0402_0P1UF_X5R_35V.1,(76-522-8)]
	Property: Cell Name, Operation: Change
[Ok][Modification] - [BE->FE] [P: Block,parallella,(3-1-5)] [O: FlatComp,CAP0402_10NF_X7R_16V.1,(76-523-8)]
	Property: Cell Name, Operation: Change
[Ok][Modification] - [BE->FE] [P: Block,parallella,(3-1-5)] [O: FlatComp,CAP0402_0P1UF_X5R_35V.1,(76-524-8)]
	Property: Cell Name, Operation: Change
[Ok][Modification] - [BE->FE] [P: Block,parallella,(3-1-5)] [O: FlatComp,CAP0402_0P1UF_X5R_35V.1,(76-525-8)]
	Property: Cell Name, Operation: Change
[Ok][Modification] - [BE->FE] [P: Block,parallella,(3-1-5)] [O: FlatComp,CAP0402_0P47UF_X5R.1,(76-538-8)]
	Property: Cell Name, Operation: Change
[Ok][Modification] - [BE->FE] [P: Block,parallella,(3-1-5)] [O: FlatComp,CAP0402_0P47UF_X5R.1,(76-539-8)]
	Property: Cell Name, Operation: Change
[Ok][Modification] - [BE->FE] [P: Block,parallella,(3-1-5)] [O: FlatComp,CON_BSH_030_VERT.1,(76-540-8)]
	Property: Cell Name, Operation: Change
[Ok][Modification] - [BE->FE] [P: Block,parallella,(3-1-5)] [O: FlatComp,CON_BSH_030_VERT.1,(76-541-8)]
	Property: Cell Name, Operation: Change
[Ok][Modification] - [BE->FE] [P: Block,parallella,(3-1-5)] [O: FlatComp,CAP0402_0P47UF_X5R.1,(76-542-8)]
	Property: Cell Name, Operation: Change
[Ok][Modification] - [BE->FE] [P: Block,parallella,(3-1-5)] [O: FlatComp,CAP0402_0P47UF_X5R.1,(76-543-8)]
	Property: Cell Name, Operation: Change
[Ok][Modification] - [BE->FE] [P: Block,parallella,(3-1-5)] [O: FlatComp,RES0402_4K75.1,(346-582-8)]
	Property: Cell Name, Operation: Change
[Ok][Modification] - [BE->FE] [P: Block,parallella,(3-1-5)] [O: FlatComp,CAP0402_10NF_X7R_16V.1,(346-583-8)]
	Property: Cell Name, Operation: Change
[Ok][Modification] - [BE->FE] [P: Block,parallella,(3-1-5)] [O: FlatComp,CAP0603_10UF_X5R.1,(346-584-8)]
	Property: Cell Name, Operation: Change
[Ok][Modification] - [BE->FE] [P: Block,parallella,(3-1-5)] [O: FlatComp,CAP0402_0P47UF_X5R.1,(346-585-8)]
	Property: Cell Name, Operation: Change
[Ok][Modification] - [BE->FE] [P: Block,parallella,(3-1-5)] [O: FlatComp,RES0402_4K75.1,(346-586-8)]
	Property: Cell Name, Operation: Change
[Ok][Modification] - [BE->FE] [P: Block,parallella,(3-1-5)] [O: FlatComp,CAP0402_0P1UF_X5R_35V.1,(346-587-8)]
	Property: Cell Name, Operation: Change
[Ok][Modification] - [BE->FE] [P: Block,parallella,(3-1-5)] [O: FlatComp,BLM15AG121SN1D.1,(346-588-8)]
	Property: Cell Name, Operation: Change
[Ok][Modification] - [BE->FE] [P: Block,parallella,(3-1-5)] [O: FlatComp,BLM15AG121SN1D.1,(346-589-8)]
	Property: Cell Name, Operation: Change
[Ok][Modification] - [BE->FE] [P: Block,parallella,(3-1-5)] [O: FlatComp,CAP0402_10NF_X7R_16V.1,(346-590-8)]
	Property: Cell Name, Operation: Change
[Ok][Modification] - [BE->FE] [P: Block,parallella,(3-1-5)] [O: FlatComp,TPD12S016.1,(346-591-8)]
	Property: Cell Name, Operation: Change
[Ok][Modification] - [BE->FE] [P: Block,parallella,(3-1-5)] [O: FlatComp,RES0402_27K4.1,(346-592-8)]
	Property: Cell Name, Operation: Change
[Ok][Modification] - [BE->FE] [P: Block,parallella,(3-1-5)] [O: FlatComp,CAP0402_0P1UF_X5R_35V.1,(346-593-8)]
	Property: Cell Name, Operation: Change
[Ok][Modification] - [BE->FE] [P: Block,parallella,(3-1-5)] [O: FlatComp,RES0402_4K75.1,(346-594-8)]
	Property: Cell Name, Operation: Change
[Ok][Modification] - [BE->FE] [P: Block,parallella,(3-1-5)] [O: FlatComp,DIODE_BAS16XV2T1G.1,(346-595-8)]
	Property: Cell Name, Operation: Change
[Ok][Modification] - [BE->FE] [P: Block,parallella,(3-1-5)] [O: FlatComp,CAP0402_0P1UF_X5R_35V.1,(346-596-8)]
	Property: Cell Name, Operation: Change
[Ok][Modification] - [BE->FE] [P: Block,parallella,(3-1-5)] [O: FlatComp,CAP0402_0P1UF_X5R_35V.1,(346-597-8)]
	Property: Cell Name, Operation: Change
[Ok][Modification] - [BE->FE] [P: Block,parallella,(3-1-5)] [O: FlatComp,CAP0402_0P1UF_X5R_35V.1,(346-598-8)]
	Property: Cell Name, Operation: Change
[Ok][Modification] - [BE->FE] [P: Block,parallella,(3-1-5)] [O: FlatComp,CAP0402_0P1UF_X5R_35V.1,(346-599-8)]
	Property: Cell Name, Operation: Change
[Ok][Modification] - [BE->FE] [P: Block,parallella,(3-1-5)] [O: FlatComp,CAP0402_0P1UF_X5R_35V.1,(346-600-8)]
	Property: Cell Name, Operation: Change
[Ok][Modification] - [BE->FE] [P: Block,parallella,(3-1-5)] [O: FlatComp,CAP0402_10NF_X7R_16V.1,(346-601-8)]
	Property: Cell Name, Operation: Change
[Ok][Modification] - [BE->FE] [P: Block,parallella,(3-1-5)] [O: FlatComp,RES0402_1K.1,(346-602-8)]
	Property: Cell Name, Operation: Change
[Ok][Modification] - [BE->FE] [P: Block,parallella,(3-1-5)] [O: FlatComp,RES0402_887.1,(346-603-8)]
	Property: Cell Name, Operation: Change
[Ok][Modification] - [BE->FE] [P: Block,parallella,(3-1-5)] [O: FlatComp,CAP0402_10NF_X7R_16V.1,(346-604-8)]
	Property: Cell Name, Operation: Change
[Ok][Modification] - [BE->FE] [P: Block,parallella,(3-1-5)] [O: FlatComp,CAP0402_10NF_X7R_16V.1,(346-605-8)]
	Property: Cell Name, Operation: Change
[Ok][Modification] - [BE->FE] [P: Block,parallella,(3-1-5)] [O: FlatComp,HDMI_DVI_XCVR_ADV7513.1,(346-606-8)]
	Property: Cell Name, Operation: Change
[Ok][Modification] - [BE->FE] [P: Block,parallella,(3-1-5)] [O: FlatComp,CAP0402_10NF_X7R_16V.1,(346-607-8)]
	Property: Cell Name, Operation: Change
[Ok][Modification] - [BE->FE] [P: Block,parallella,(3-1-5)] [O: FlatComp,CON_BSH_030_VERT.1,(346-608-8)]
	Property: Cell Name, Operation: Change
[Ok][Modification] - [BE->FE] [P: Block,parallella,(3-1-5)] [O: FlatComp,CAP0402_0P1UF_X5R_35V.1,(346-609-8)]
	Property: Cell Name, Operation: Change
[Ok][Modification] - [BE->FE] [P: Block,parallella,(3-1-5)] [O: FlatComp,CAP0603_10UF_X5R.1,(346-610-8)]
	Property: Cell Name, Operation: Change
[Ok][Modification] - [BE->FE] [P: Block,parallella,(3-1-5)] [O: FlatComp,CAP0402_10NF_X7R_16V.1,(346-611-8)]
	Property: Cell Name, Operation: Change
[Ok][Modification] - [BE->FE] [P: Block,parallella,(3-1-5)] [O: FlatComp,CAP0603_10UF_X5R.1,(346-612-8)]
	Property: Cell Name, Operation: Change
[Ok][Modification] - [BE->FE] [P: Block,parallella,(3-1-5)] [O: FlatComp,RES0402_4K75.1,(346-613-8)]
	Property: Cell Name, Operation: Change
[Ok][Modification] - [BE->FE] [P: Block,parallella,(3-1-5)] [O: FlatComp,HDMI_MICRO_D_RA_SMT.1,(346-614-8)]
	Property: Cell Name, Operation: Change
[Ok][Modification] - [BE->FE] [P: Block,parallella,(3-1-5)] [O: FlatComp,BLM15AG121SN1D.1,(346-615-8)]
	Property: Cell Name, Operation: Change
[Ok][Modification] - [BE->FE] [P: Block,parallella,(3-1-5)] [O: FlatComp,CAP0603_10UF_X5R.1,(346-616-8)]
	Property: Cell Name, Operation: Change
[Ok][Modification] - [BE->FE] [P: Block,parallella,(3-1-5)] [O: FlatComp,BLM15AG121SN1D.1,(346-617-8)]
	Property: Cell Name, Operation: Change
[Ok][Modification] - [BE->FE] [P: Block,parallella,(3-1-5)] [O: FlatComp,BLM15AG121SN1D.1,(346-618-8)]
	Property: Cell Name, Operation: Change
[Ok][Modification] - [BE->FE] [P: Block,parallella,(3-1-5)] [O: FlatComp,CAP0402_0P47UF_X5R.1,(346-619-8)]
	Property: Cell Name, Operation: Change
[Ok][Modification] - [BE->FE] [P: Block,parallella,(3-1-5)] [O: FlatComp,CAP0402_0P1UF_X5R_35V.1,(346-620-8)]
	Property: Cell Name, Operation: Change
[Ok][Modification] - [BE->FE] [P: Block,parallella,(3-1-5)] [O: FlatComp,CAP0402_0P1UF_X5R_35V.1,(346-621-8)]
	Property: Cell Name, Operation: Change
[Ok][Modification] - [BE->FE] [P: Block,parallella,(3-1-5)] [O: FlatComp,CAP0603_10UF_X5R.1,(346-622-8)]
	Property: Cell Name, Operation: Change
[Ok][Modification] - [BE->FE] [P: Block,parallella,(3-1-5)] [O: FlatComp,RES0402_10K.1,(76-798-8)]
	Property: Cell Name, Operation: Change
[Ok][Modification] - [BE->FE] [P: Block,parallella,(3-1-5)] [O: FlatComp,RES0402_10K.1,(76-799-8)]
	Property: Cell Name, Operation: Change
[Ok][Modification] - [BE->FE] [P: Block,parallella,(3-1-5)] [O: FlatComp,CAP0402_0P47UF_X5R.1,(76-800-8)]
	Property: Cell Name, Operation: Change
[Ok][Modification] - [BE->FE] [P: Block,parallella,(3-1-5)] [O: FlatComp,CAP0402_0P47UF_X5R.1,(76-801-8)]
	Property: Cell Name, Operation: Change
[Ok][Modification] - [BE->FE] [P: Block,parallella,(3-1-5)] [O: FlatComp,RES0402_0.1,(76-802-8)]
	Property: Cell Name, Operation: Change
[Ok][Modification] - [BE->FE] [P: Block,parallella,(3-1-5)] [O: FlatComp,CAP0402_0P47UF_X5R.1,(76-803-8)]
	Property: Cell Name, Operation: Change
[Ok][Modification] - [BE->FE] [P: Block,parallella,(3-1-5)] [O: FlatComp,RES0402_10K.1,(76-804-8)]
	Property: Cell Name, Operation: Change
[Ok][Modification] - [BE->FE] [P: Block,parallella,(3-1-5)] [O: FlatComp,NC7SZ125.1,(76-805-8)]
	Property: Cell Name, Operation: Change
[Ok][Modification] - [BE->FE] [P: Block,parallella,(3-1-5)] [O: FlatComp,CAP0402_0P47UF_X5R.1,(76-806-8)]
	Property: Cell Name, Operation: Change
[Ok][Modification] - [BE->FE] [P: Block,parallella,(3-1-5)] [O: FlatComp,SW_PB_SPST_2PIN.1,(76-807-8)]
	Property: Cell Name, Operation: Change
[Ok][Modification] - [BE->FE] [P: Block,parallella,(3-1-5)] [O: FlatComp,RES0402_1K.1,(76-808-8)]
	Property: Cell Name, Operation: Change
[Ok][Modification] - [BE->FE] [P: Block,parallella,(3-1-5)] [O: FlatComp,RES0402_0.1,(76-809-8)]
	Property: Cell Name, Operation: Change
[Ok][Modification] - [BE->FE] [P: Block,parallella,(3-1-5)] [O: FlatComp,VOLTMON_4IN_3P3.1,(76-810-8)]
	Property: Cell Name, Operation: Change
[Ok][Modification] - [BE->FE] [P: Block,parallella,(3-1-5)] [O: FlatComp,CAP0402_0P47UF_X5R.1,(76-811-8)]
	Property: Cell Name, Operation: Change
[Ok][Modification] - [BE->FE] [P: Block,parallella,(3-1-5)] [O: FlatComp,CAP0402_0P47UF_X5R.1,(76-812-8)]
	Property: Cell Name, Operation: Change
[Ok][Modification] - [BE->FE] [P: Block,parallella,(3-1-5)] [O: FlatComp,RES0402_10K.1,(76-813-8)]
	Property: Cell Name, Operation: Change
[Ok][Modification] - [BE->FE] [P: Block,parallella,(3-1-5)] [O: FlatComp,CAP0402_0P47UF_X5R.1,(76-814-8)]
	Property: Cell Name, Operation: Change
[Ok][Modification] - [BE->FE] [P: Block,parallella,(3-1-5)] [O: FlatComp,RES0402_10K.1,(76-815-8)]
	Property: Cell Name, Operation: Change
[Ok][Modification] - [BE->FE] [P: Block,parallella,(3-1-5)] [O: FlatComp,CON_BSH_030_VERT.1,(76-816-8)]
	Property: Cell Name, Operation: Change
[Ok][Modification] - [BE->FE] [P: Block,parallella,(3-1-5)] [O: FlatComp,CAP0402_0P47UF_X5R.1,(76-817-8)]
	Property: Cell Name, Operation: Change
[Ok][Modification] - [BE->FE] [P: Block,parallella,(3-1-5)] [O: FlatComp,CAP0402_0P47UF_X5R.1,(76-818-8)]
	Property: Cell Name, Operation: Change
[Ok][Modification] - [BE->FE] [P: Block,parallella,(3-1-5)] [O: FlatComp,CAP0402_0P47UF_X5R.1,(76-819-8)]
	Property: Cell Name, Operation: Change
[Ok][Modification] - [BE->FE] [P: Block,parallella,(3-1-5)] [O: FlatComp,RES0402_1K.1,(76-820-8)]
	Property: Cell Name, Operation: Change
[Ok][Modification] - [BE->FE] [P: Block,parallella,(3-1-5)] [O: FlatComp,RES0402_0.1,(76-821-8)]
	Property: Cell Name, Operation: Change
[Ok][Modification] - [BE->FE] [P: Block,parallella,(3-1-5)] [O: FlatComp,RES0402_240.1,(76-822-8)]
	Property: Cell Name, Operation: Change
[Ok][Modification] - [BE->FE] [P: Block,parallella,(3-1-5)] [O: FlatComp,LED_0603_5MA_GRN.1,(76-823-8)]
	Property: Cell Name, Operation: Change
[Ok][Modification] - [BE->FE] [P: Block,parallella,(3-1-5)] [O: FlatComp,CAP0402_0P47UF_X5R.1,(76-824-8)]
	Property: Cell Name, Operation: Change
[Ok][Modification] - [BE->FE] [P: Block,parallella,(3-1-5)] [O: FlatComp,CAP0402_0P47UF_X5R.1,(76-826-8)]
	Property: Cell Name, Operation: Change
--------------------------------------------------------------------------------
 Connection synchronization - END (2015-11-07 11:55:47) 
--------------------------------------------------------------------------------
--------------------------------------------------------------------------------
 CES synchronization - START (2015-11-07 11:55:47) 
--------------------------------------------------------------------------------

--------------------------------------------------------------------------------
 TOPOLOGY synchronization - START (2015-11-07 11:55:47) 
--------------------------------------------------------------------------------
--------------------------------------------------------------------------------
 TOPOLOGY synchronization - END (2015-11-07 11:55:47) 
--------------------------------------------------------------------------------
[Ok][Modification] - [BE->FE] [P: CesLayer,L2_GND,(13-4-23)] [O: CesConstraint,PLANE_NETS,(22-2-22)]
[Ok][Modification] - [BE->FE] [P: CesLayer,L2_GND,(13-4-23)] [O: CesConstraint,PNET_CLEARANCES,(22-3-22)]
[Ok][Modification] - [BE->FE] [P: CesLayer,L2_GND,(13-4-23)] [O: CesConstraint,PNET_UBORDERS,(22-4-22)]
[Ok][Modification] - [BE->FE] [P: CesLayer,L4_GND,(13-10-23)] [O: CesConstraint,PLANE_NETS,(22-5-22)]
[Ok][Modification] - [BE->FE] [P: CesLayer,L4_GND,(13-10-23)] [O: CesConstraint,PNET_CLEARANCES,(22-6-22)]
[Ok][Modification] - [BE->FE] [P: CesLayer,L4_GND,(13-10-23)] [O: CesConstraint,PNET_UBORDERS,(22-7-22)]
[Ok][Modification] - [BE->FE] [P: CesLayer,L6_POWER,(13-14-23)] [O: CesConstraint,PLANE_NETS,(22-8-22)]
[Ok][Modification] - [BE->FE] [P: CesLayer,L6_POWER,(13-14-23)] [O: CesConstraint,PNET_CLEARANCES,(22-9-22)]
[Ok][Modification] - [BE->FE] [P: CesLayer,L6_POWER,(13-14-23)] [O: CesConstraint,PNET_UBORDERS,(22-10-22)]
[Ok][Modification] - [BE->FE] [P: CesLayer,L7_PWR,(13-16-23)] [O: CesConstraint,PLANE_NETS,(22-11-22)]
[Ok][Modification] - [BE->FE] [P: CesLayer,L7_PWR,(13-16-23)] [O: CesConstraint,PNET_CLEARANCES,(22-12-22)]
[Ok][Modification] - [BE->FE] [P: CesLayer,L7_PWR,(13-16-23)] [O: CesConstraint,PNET_UBORDERS,(22-13-22)]
[Ok][Modification] - [BE->FE] [P: CesLayer,L9_PWR,(20-3-23)] [O: CesConstraint,PLANE_NETS,(22-14-22)]
[Ok][Modification] - [BE->FE] [P: CesLayer,L9_PWR,(20-3-23)] [O: CesConstraint,PNET_CLEARANCES,(22-15-22)]
[Ok][Modification] - [BE->FE] [P: CesLayer,L9_PWR,(20-3-23)] [O: CesConstraint,PNET_UBORDERS,(22-16-22)]
[Ok][Modification] - [BE->FE] [P: CesLayer,L11_GND,(20-7-23)] [O: CesConstraint,PLANE_NETS,(22-17-22)]
[Ok][Modification] - [BE->FE] [P: CesLayer,L11_GND,(20-7-23)] [O: CesConstraint,PNET_CLEARANCES,(22-18-22)]
[Ok][Modification] - [BE->FE] [P: CesLayer,L11_GND,(20-7-23)] [O: CesConstraint,PNET_UBORDERS,(22-19-22)]
--------------------------------------------------------------------------------
 CES synchronization - END (2015-11-07 11:55:47) 
--------------------------------------------------------------------------------
--------------------------------------------------------------------------------
 VMVariant synchronization - START (2015-11-07 11:55:47) 
--------------------------------------------------------------------------------
--------------------------------------------------------------------------------
 VMVariant synchronization - END (2015-11-07 11:55:47) 
--------------------------------------------------------------------------------
--------------------------------------------------------------------------------
 Project integration - END (2015-11-07 11:55:47) 
--------------------------------------------------------------------------------
