--------------------------------------------------------------------------------
 Project integration - START (2015-10-23 16:12:32) 
--------------------------------------------------------------------------------
FE snapshot name: DxD
BE snapshot name: Board1_layout_temp
Top level block: (3-1-5)
Parameters: BAConnectivity,BAConstraints,FEWin,
--------------------------------------------------------------------------------
--------------------------------------------------------------------------------
 Connection synchronization - START (2015-10-23 16:12:32) 
--------------------------------------------------------------------------------
[Ok][Modification] - [BE->FE] [O: Block,Schematic1,(3-1-5)]
[Ok][Modification] - [BE->FE] [P: Block,Schematic1,(3-1-5)] [O: FlatComp,RES0402_0.1,(3-2-8)]
	Property: Cell Name, Operation: Change
[Ok][Modification] - [BE->FE] [P: Block,Schematic1,(3-1-5)] [O: FlatComp,CAP0402_4P7UF_X5R.1,(3-3-8)]
	Property: Cell Name, Operation: Change
[Ok][Modification] - [BE->FE] [P: Block,Schematic1,(3-1-5)] [O: FlatComp,CAP0402_0P047UF_X5R.1,(3-4-8)]
	Property: Cell Name, Operation: Change
[Ok][Modification] - [BE->FE] [P: Block,Schematic1,(3-1-5)] [O: FlatComp,CAP0402_0P047UF_X5R.1,(3-5-8)]
	Property: Cell Name, Operation: Change
[Ok][Modification] - [BE->FE] [P: Block,Schematic1,(3-1-5)] [O: FlatComp,RES0402_0.1,(3-6-8)]
	Property: Cell Name, Operation: Change
[Ok][Modification] - [BE->FE] [P: Block,Schematic1,(3-1-5)] [O: FlatComp,RES0402_0.1,(3-7-8)]
	Property: Cell Name, Operation: Change
[Ok][Modification] - [BE->FE] [P: Block,Schematic1,(3-1-5)] [O: FlatComp,RES0402_1K.1,(3-8-8)]
	Property: Cell Name, Operation: Change
[Ok][Modification] - [BE->FE] [P: Block,Schematic1,(3-1-5)] [O: FlatComp,CAP0402_10NF_X7R_16V.1,(3-9-8)]
	Property: Cell Name, Operation: Change
[Ok][Modification] - [BE->FE] [P: Block,Schematic1,(3-1-5)] [O: FlatComp,ZYNQ_7Z020_CLG400CC.1,(3-10-8)]
	Property: Cell Name, Operation: Change
[Ok][Modification] - [BE->FE] [P: Block,Schematic1,(3-1-5)] [O: FlatComp,RES0402_1K.1,(3-11-8)]
	Property: Cell Name, Operation: Change
[Ok][Modification] - [BE->FE] [P: Block,Schematic1,(3-1-5)] [O: FlatComp,CAP0402_0P047UF_X5R.1,(3-12-8)]
	Property: Cell Name, Operation: Change
[Ok][Modification] - [BE->FE] [P: Block,Schematic1,(3-1-5)] [O: FlatComp,CAP0402_4P7UF_X5R.1,(3-13-8)]
	Property: Cell Name, Operation: Change
[Ok][Modification] - [BE->FE] [P: Block,Schematic1,(3-1-5)] [O: FlatComp,CAP1210_100UF_X5R_LOESR.1,(3-14-8)]
	Property: Cell Name, Operation: Change
[Ok][Modification] - [BE->FE] [P: Block,Schematic1,(3-1-5)] [O: FlatComp,RES0402_4K75.1,(3-15-8)]
	Property: Cell Name, Operation: Change
--------------------------------------------------------------------------------
 Connection synchronization - END (2015-10-23 16:12:32) 
--------------------------------------------------------------------------------
--------------------------------------------------------------------------------
 CES synchronization - START (2015-10-23 16:12:32) 
--------------------------------------------------------------------------------
[Ok][Modification] - [BE->FE] [P: CesDesign,CesDesign,(3-1-21)] [O: CesLayer,TOP,(13-2-23)]
[Ok][Modification] - [BE->FE] [P: CesDesign,CesDesign,(3-1-21)] [O: CesLayer,L2_GND,(13-4-23)]
[Ok][Modification] - [BE->FE] [P: CesDesign,CesDesign,(3-1-21)] [O: CesLayer,L3_SIG,(13-6-23)]
[Ok][Modification] - [BE->FE] [P: CesDesign,CesDesign,(3-1-21)] [O: CesLayer,BOTTOM,(13-8-23)]
[Ok][Modification] - [BE->FE] [P: CesDesign,CesDesign,(3-1-21)] [O: CesLayer,DIELECTRIC_25,(13-9-23)]
[Ok][Modification] - [BE->FE] [P: CesDesign,CesDesign,(3-1-21)] [O: CesLayer,L4_GND,(13-10-23)]
[Ok][Modification] - [BE->FE] [P: CesDesign,CesDesign,(3-1-21)] [O: CesLayer,L5_SIG,(13-12-23)]
[Ok][Modification] - [BE->FE] [P: CesDesign,CesDesign,(3-1-21)] [O: CesLayer,L6_POWER,(13-14-23)]
[Ok][Modification] - [BE->FE] [P: CesDesign,CesDesign,(3-1-21)] [O: CesLayer,L7_PWR,(13-16-23)]
[Ok][Addition] - [BE->FE] [P: CesDesign,CesDesign,(3-1-21)] [O: CesLayer,L8_SIG,(20-1-23)]
[Ok][Addition] - [BE->FE] [P: CesDesign,CesDesign,(3-1-21)] [O: CesLayer,DIELECTRIC_18,(20-2-23)]
[Ok][Addition] - [BE->FE] [P: CesDesign,CesDesign,(3-1-21)] [O: CesLayer,L9_PWR,(20-3-23)]
[Ok][Addition] - [BE->FE] [P: CesDesign,CesDesign,(3-1-21)] [O: CesLayer,DIELECTRIC_19,(20-4-23)]
[Ok][Addition] - [BE->FE] [P: CesDesign,CesDesign,(3-1-21)] [O: CesLayer,L10_SIG,(20-5-23)]
[Ok][Addition] - [BE->FE] [P: CesDesign,CesDesign,(3-1-21)] [O: CesLayer,DIELECTRIC_21,(20-6-23)]
[Ok][Addition] - [BE->FE] [P: CesDesign,CesDesign,(3-1-21)] [O: CesLayer,L11_GND,(20-7-23)]
[Ok][Addition] - [BE->FE] [P: CesDesign,CesDesign,(3-1-21)] [O: CesLayer,DIELECTRIC_23,(20-8-23)]
[Ok][Addition] - [BE->FE] [P: CesSchemeNetClassRule,L8_SIG,(3-1-38)] [O: CesLayerRule,CesLayerRule,(20-1-40)]
[Ok][Addition] - [BE->FE] [P: CesSchemeNetClassRule,L8_SIG,(3-2-38)] [O: CesLayerRule,CesLayerRule,(20-2-40)]
[Ok][Addition] - [BE->FE] [P: CesSchemeNetClassRule,L9_PWR,(3-1-38)] [O: CesLayerRule,CesLayerRule,(20-3-40)]
[Ok][Addition] - [BE->FE] [P: CesSchemeNetClassRule,L9_PWR,(3-2-38)] [O: CesLayerRule,CesLayerRule,(20-4-40)]
[Ok][Addition] - [BE->FE] [P: CesSchemeNetClassRule,L10_SIG,(3-1-38)] [O: CesLayerRule,CesLayerRule,(20-5-40)]
[Ok][Addition] - [BE->FE] [P: CesSchemeNetClassRule,L10_SIG,(3-2-38)] [O: CesLayerRule,CesLayerRule,(20-6-40)]
[Ok][Addition] - [BE->FE] [P: CesSchemeNetClassRule,L11_GND,(3-1-38)] [O: CesLayerRule,CesLayerRule,(20-7-40)]
[Ok][Addition] - [BE->FE] [P: CesSchemeNetClassRule,L11_GND,(3-2-38)] [O: CesLayerRule,CesLayerRule,(20-8-40)]
[Ok][Addition] - [BE->FE] [P: CesSchemeClearRule,L8_SIG,(3-1-41)] [O: CesLayerClearRule,CesSchemaClearRule,(20-1-42)]
[Ok][Addition] - [BE->FE] [P: CesSchemeClearRule,L8_SIG,(3-2-41)] [O: CesLayerClearRule,CesSchemaClearRule,(20-2-42)]
[Ok][Addition] - [BE->FE] [P: CesSchemeClearRule,L9_PWR,(3-1-41)] [O: CesLayerClearRule,CesSchemaClearRule,(20-3-42)]
[Ok][Addition] - [BE->FE] [P: CesSchemeClearRule,L9_PWR,(3-2-41)] [O: CesLayerClearRule,CesSchemaClearRule,(20-4-42)]
[Ok][Addition] - [BE->FE] [P: CesSchemeClearRule,L10_SIG,(3-1-41)] [O: CesLayerClearRule,CesSchemaClearRule,(20-5-42)]
[Ok][Addition] - [BE->FE] [P: CesSchemeClearRule,L10_SIG,(3-2-41)] [O: CesLayerClearRule,CesSchemaClearRule,(20-6-42)]
[Ok][Addition] - [BE->FE] [P: CesSchemeClearRule,L11_GND,(3-1-41)] [O: CesLayerClearRule,CesSchemaClearRule,(20-7-42)]
[Ok][Addition] - [BE->FE] [P: CesSchemeClearRule,L11_GND,(3-2-41)] [O: CesLayerClearRule,CesSchemaClearRule,(20-8-42)]

--------------------------------------------------------------------------------
 TOPOLOGY synchronization - START (2015-10-23 16:12:32) 
--------------------------------------------------------------------------------
--------------------------------------------------------------------------------
 TOPOLOGY synchronization - END (2015-10-23 16:12:32) 
--------------------------------------------------------------------------------
[Ok][Modification] - [BE->FE] [P: CesLayer,TOP,(13-2-23)] [O: CesConstraint,HEIGHT,(13-32-22)]
[Ok][Modification] - [BE->FE] [P: CesLayer,TOP,(13-2-23)] [O: CesConstraint,LAYER_PAIR,(13-34-22)]
[Ok][Modification] - [BE->FE] [P: CesLayer,DIELECTRIC_3,(13-3-23)] [O: CesConstraint,HEIGHT,(13-38-22)]
[Ok][Modification] - [BE->FE] [P: CesLayer,L2_GND,(13-4-23)] [O: CesConstraint,LAYER_USAGE,(13-67-22)]
[Ok][Modification] - [BE->FE] [P: CesLayer,L2_GND,(13-4-23)] [O: CesConstraint,HEIGHT,(13-68-22)]
[Ok][Modification] - [BE->FE] [P: CesLayer,L2_GND,(13-4-23)] [O: CesConstraint,LAYER_PAIR,(13-70-22)]
[Ok][Modification] - [BE->FE] [P: CesLayer,DIELECTRIC_5,(13-5-23)] [O: CesConstraint,HEIGHT,(13-75-22)]
[Ok][Modification] - [BE->FE] [P: CesLayer,L3_SIG,(13-6-23)] [O: CesConstraint,HEIGHT,(13-105-22)]
[Ok][Modification] - [BE->FE] [P: CesLayer,L3_SIG,(13-6-23)] [O: CesConstraint,LAYER_PAIR,(13-107-22)]
[Ok][Modification] - [BE->FE] [P: CesLayer,DIELECTRIC_7,(13-7-23)] [O: CesConstraint,HEIGHT,(13-111-22)]
[Ok][Modification] - [BE->FE] [P: CesLayer,BOTTOM,(13-8-23)] [O: CesConstraint,HEIGHT,(13-141-22)]
[Ok][Modification] - [BE->FE] [P: CesLayer,BOTTOM,(13-8-23)] [O: CesConstraint,LAYER_DIFFPAIR,(13-144-22)]
[Ok][Modification] - [BE->FE] [P: CesLayer,L4_GND,(13-10-23)] [O: CesConstraint,LAYER_USAGE,(13-176-22)]
[Ok][Modification] - [BE->FE] [P: CesLayer,L4_GND,(13-10-23)] [O: CesConstraint,HEIGHT,(13-177-22)]
[Ok][Modification] - [BE->FE] [P: CesLayer,L4_GND,(13-10-23)] [O: CesConstraint,LAYER_PAIR,(13-179-22)]
[Ok][Modification] - [BE->FE] [P: CesLayer,DIELECTRIC_9,(13-11-23)] [O: CesConstraint,HEIGHT,(13-184-22)]
[Ok][Modification] - [BE->FE] [P: CesLayer,L5_SIG,(13-12-23)] [O: CesConstraint,HEIGHT,(13-217-22)]
[Ok][Modification] - [BE->FE] [P: CesLayer,L5_SIG,(13-12-23)] [O: CesConstraint,LAYER_PAIR,(13-219-22)]
[Ok][Modification] - [BE->FE] [P: CesLayer,DIELECTRIC_11,(13-13-23)] [O: CesConstraint,HEIGHT,(13-224-22)]
[Ok][Modification] - [BE->FE] [P: CesLayer,L6_POWER,(13-14-23)] [O: CesConstraint,LAYER_USAGE,(13-256-22)]
[Ok][Modification] - [BE->FE] [P: CesLayer,L6_POWER,(13-14-23)] [O: CesConstraint,HEIGHT,(13-257-22)]
[Ok][Modification] - [BE->FE] [P: CesLayer,L6_POWER,(13-14-23)] [O: CesConstraint,LAYER_PAIR,(13-259-22)]
[Ok][Modification] - [BE->FE] [P: CesLayer,DIELECTRIC_13,(13-15-23)] [O: CesConstraint,HEIGHT,(13-264-22)]
[Ok][Modification] - [BE->FE] [P: CesLayer,L7_PWR,(13-16-23)] [O: CesConstraint,LAYER_USAGE,(13-296-22)]
[Ok][Modification] - [BE->FE] [P: CesLayer,L7_PWR,(13-16-23)] [O: CesConstraint,HEIGHT,(13-297-22)]
[Ok][Modification] - [BE->FE] [P: CesLayer,L7_PWR,(13-16-23)] [O: CesConstraint,LAYER_PAIR,(13-299-22)]
[Ok][Modification] - [BE->FE] [P: CesLayer,DIELECTRIC_15,(13-17-23)] [O: CesConstraint,HEIGHT,(13-304-22)]
[Ok][Addition] - [BE->FE] [P: CesLayerRule,CesLayerRule,(20-2-40)] [O: CesConstraint,DIFF_SPACING,(20-1-22)]
[Ok][Addition] - [BE->FE] [P: CesLayerRule,CesLayerRule,(20-2-40)] [O: CesConstraint,EXP_TRACE_WIDTH,(20-2-22)]
[Ok][Addition] - [BE->FE] [P: CesLayerRule,CesLayerRule,(20-2-40)] [O: CesConstraint,MIN_TRACE_WIDTH,(20-3-22)]
[Ok][Addition] - [BE->FE] [P: CesLayerRule,CesLayerRule,(20-2-40)] [O: CesConstraint,ROUTE,(20-4-22)]
[Ok][Addition] - [BE->FE] [P: CesLayerRule,CesLayerRule,(20-2-40)] [O: CesConstraint,TYP_IMPEDANCE,(20-5-22)]
[Ok][Addition] - [BE->FE] [P: CesLayerRule,CesLayerRule,(20-2-40)] [O: CesConstraint,TYP_TRACE_WIDTH,(20-6-22)]
[Ok][Addition] - [BE->FE] [P: CesLayerClearRule,CesLayerClearRule,(20-2-42)] [O: CesConstraint,MASK_TO_PAD,(20-7-22)]
[Ok][Addition] - [BE->FE] [P: CesLayerClearRule,CesLayerClearRule,(20-2-42)] [O: CesConstraint,MASK_TO_RESISTOR,(20-8-22)]
[Ok][Addition] - [BE->FE] [P: CesLayerClearRule,CesLayerClearRule,(20-2-42)] [O: CesConstraint,MASK_TO_TRACE,(20-9-22)]
[Ok][Addition] - [BE->FE] [P: CesLayerClearRule,CesLayerClearRule,(20-2-42)] [O: CesConstraint,MASK_TO_VIA,(20-10-22)]
[Ok][Addition] - [BE->FE] [P: CesLayerClearRule,CesLayerClearRule,(20-2-42)] [O: CesConstraint,PAD_TO_PAD,(20-11-22)]
[Ok][Addition] - [BE->FE] [P: CesLayerClearRule,CesLayerClearRule,(20-2-42)] [O: CesConstraint,PAD_TO_PLANE,(20-12-22)]
[Ok][Addition] - [BE->FE] [P: CesLayerClearRule,CesLayerClearRule,(20-2-42)] [O: CesConstraint,PAD_TO_VIA,(20-13-22)]
[Ok][Addition] - [BE->FE] [P: CesLayerClearRule,CesLayerClearRule,(20-2-42)] [O: CesConstraint,PLANE_TO_PLANE,(20-14-22)]
[Ok][Addition] - [BE->FE] [P: CesLayerClearRule,CesLayerClearRule,(20-2-42)] [O: CesConstraint,RESISTOR_TO_PAD,(20-15-22)]
[Ok][Addition] - [BE->FE] [P: CesLayerClearRule,CesLayerClearRule,(20-2-42)] [O: CesConstraint,RESISTOR_TO_RESISTOR,(20-16-22)]
[Ok][Addition] - [BE->FE] [P: CesLayerClearRule,CesLayerClearRule,(20-2-42)] [O: CesConstraint,RESISTOR_TO_TRACE,(20-17-22)]
[Ok][Addition] - [BE->FE] [P: CesLayerClearRule,CesLayerClearRule,(20-2-42)] [O: CesConstraint,RESISTOR_TO_VIA,(20-18-22)]
[Ok][Addition] - [BE->FE] [P: CesLayerClearRule,CesLayerClearRule,(20-2-42)] [O: CesConstraint,SMDPAD_TO_TRACE,(20-19-22)]
[Ok][Addition] - [BE->FE] [P: CesLayerClearRule,CesLayerClearRule,(20-2-42)] [O: CesConstraint,SMDPAD_TO_VIA,(20-20-22)]
[Ok][Addition] - [BE->FE] [P: CesLayerClearRule,CesLayerClearRule,(20-2-42)] [O: CesConstraint,TRACE_TO_PAD,(20-21-22)]
[Ok][Addition] - [BE->FE] [P: CesLayerClearRule,CesLayerClearRule,(20-2-42)] [O: CesConstraint,TRACE_TO_PLANE,(20-22-22)]
[Ok][Addition] - [BE->FE] [P: CesLayerClearRule,CesLayerClearRule,(20-2-42)] [O: CesConstraint,TRACE_TO_TRACE,(20-23-22)]
[Ok][Addition] - [BE->FE] [P: CesLayerClearRule,CesLayerClearRule,(20-2-42)] [O: CesConstraint,TRACE_TO_VIA,(20-24-22)]
[Ok][Addition] - [BE->FE] [P: CesLayerClearRule,CesLayerClearRule,(20-2-42)] [O: CesConstraint,VIA_TO_PLANE,(20-25-22)]
[Ok][Addition] - [BE->FE] [P: CesLayerClearRule,CesLayerClearRule,(20-2-42)] [O: CesConstraint,VIA_TO_VIA,(20-26-22)]
[Ok][Addition] - [BE->FE] [P: CesLayer,L8_SIG,(20-1-23)] [O: CesConstraint,HEIGHT,(20-27-22)]
[Ok][Addition] - [BE->FE] [P: CesLayer,L8_SIG,(20-1-23)] [O: CesConstraint,BULK_RES,(20-28-22)]
[Ok][Addition] - [BE->FE] [P: CesLayer,L8_SIG,(20-1-23)] [O: CesConstraint,DIELCONST,(20-29-22)]
[Ok][Addition] - [BE->FE] [P: CesLayer,L8_SIG,(20-1-23)] [O: CesConstraint,LAYER_DESC,(20-30-22)]
[Ok][Addition] - [BE->FE] [P: CesLayer,L8_SIG,(20-1-23)] [O: CesConstraint,LAYER_USAGE,(20-31-22)]
[Ok][Addition] - [BE->FE] [P: CesLayer,L8_SIG,(20-1-23)] [O: CesConstraint,PLANE_TYPE,(20-32-22)]
[Ok][Addition] - [BE->FE] [P: CesLayer,L8_SIG,(20-1-23)] [O: CesConstraint,LAYER_ENABLED,(20-33-22)]
[Ok][Addition] - [BE->FE] [P: CesLayer,L8_SIG,(20-1-23)] [O: CesConstraint,DIRECTIONAL_BIAS,(20-34-22)]
[Ok][Addition] - [BE->FE] [P: CesLayer,DIELECTRIC_18,(20-2-23)] [O: CesConstraint,HEIGHT,(20-35-22)]
[Ok][Addition] - [BE->FE] [P: CesLayer,DIELECTRIC_18,(20-2-23)] [O: CesConstraint,BULK_RES,(20-36-22)]
[Ok][Addition] - [BE->FE] [P: CesLayer,DIELECTRIC_18,(20-2-23)] [O: CesConstraint,DIELCONST,(20-37-22)]
[Ok][Addition] - [BE->FE] [P: CesLayer,DIELECTRIC_18,(20-2-23)] [O: CesConstraint,LAYER_DESC,(20-38-22)]
[Ok][Addition] - [BE->FE] [P: CesLayer,DIELECTRIC_18,(20-2-23)] [O: CesConstraint,LAYER_USAGE,(20-39-22)]
[Ok][Addition] - [BE->FE] [P: CesLayer,DIELECTRIC_18,(20-2-23)] [O: CesConstraint,PLANE_TYPE,(20-40-22)]
[Ok][Addition] - [BE->FE] [P: CesLayer,DIELECTRIC_18,(20-2-23)] [O: CesConstraint,LAYER_ENABLED,(20-41-22)]
[Ok][Addition] - [BE->FE] [P: CesLayer,DIELECTRIC_18,(20-2-23)] [O: CesConstraint,DIRECTIONAL_BIAS,(20-42-22)]
[Ok][Addition] - [BE->FE] [P: CesLayerRule,CesLayerRule,(20-4-40)] [O: CesConstraint,DIFF_SPACING,(20-43-22)]
[Ok][Addition] - [BE->FE] [P: CesLayerRule,CesLayerRule,(20-4-40)] [O: CesConstraint,EXP_TRACE_WIDTH,(20-44-22)]
[Ok][Addition] - [BE->FE] [P: CesLayerRule,CesLayerRule,(20-4-40)] [O: CesConstraint,MIN_TRACE_WIDTH,(20-45-22)]
[Ok][Addition] - [BE->FE] [P: CesLayerRule,CesLayerRule,(20-4-40)] [O: CesConstraint,ROUTE,(20-46-22)]
[Ok][Addition] - [BE->FE] [P: CesLayerRule,CesLayerRule,(20-4-40)] [O: CesConstraint,TYP_IMPEDANCE,(20-47-22)]
[Ok][Addition] - [BE->FE] [P: CesLayerRule,CesLayerRule,(20-4-40)] [O: CesConstraint,TYP_TRACE_WIDTH,(20-48-22)]
[Ok][Addition] - [BE->FE] [P: CesLayerClearRule,CesLayerClearRule,(20-4-42)] [O: CesConstraint,MASK_TO_PAD,(20-49-22)]
[Ok][Addition] - [BE->FE] [P: CesLayerClearRule,CesLayerClearRule,(20-4-42)] [O: CesConstraint,MASK_TO_RESISTOR,(20-50-22)]
[Ok][Addition] - [BE->FE] [P: CesLayerClearRule,CesLayerClearRule,(20-4-42)] [O: CesConstraint,MASK_TO_TRACE,(20-51-22)]
[Ok][Addition] - [BE->FE] [P: CesLayerClearRule,CesLayerClearRule,(20-4-42)] [O: CesConstraint,MASK_TO_VIA,(20-52-22)]
[Ok][Addition] - [BE->FE] [P: CesLayerClearRule,CesLayerClearRule,(20-4-42)] [O: CesConstraint,PAD_TO_PAD,(20-53-22)]
[Ok][Addition] - [BE->FE] [P: CesLayerClearRule,CesLayerClearRule,(20-4-42)] [O: CesConstraint,PAD_TO_PLANE,(20-54-22)]
[Ok][Addition] - [BE->FE] [P: CesLayerClearRule,CesLayerClearRule,(20-4-42)] [O: CesConstraint,PAD_TO_VIA,(20-55-22)]
[Ok][Addition] - [BE->FE] [P: CesLayerClearRule,CesLayerClearRule,(20-4-42)] [O: CesConstraint,PLANE_TO_PLANE,(20-56-22)]
[Ok][Addition] - [BE->FE] [P: CesLayerClearRule,CesLayerClearRule,(20-4-42)] [O: CesConstraint,RESISTOR_TO_PAD,(20-57-22)]
[Ok][Addition] - [BE->FE] [P: CesLayerClearRule,CesLayerClearRule,(20-4-42)] [O: CesConstraint,RESISTOR_TO_RESISTOR,(20-58-22)]
[Ok][Addition] - [BE->FE] [P: CesLayerClearRule,CesLayerClearRule,(20-4-42)] [O: CesConstraint,RESISTOR_TO_TRACE,(20-59-22)]
[Ok][Addition] - [BE->FE] [P: CesLayerClearRule,CesLayerClearRule,(20-4-42)] [O: CesConstraint,RESISTOR_TO_VIA,(20-60-22)]
[Ok][Addition] - [BE->FE] [P: CesLayerClearRule,CesLayerClearRule,(20-4-42)] [O: CesConstraint,SMDPAD_TO_TRACE,(20-61-22)]
[Ok][Addition] - [BE->FE] [P: CesLayerClearRule,CesLayerClearRule,(20-4-42)] [O: CesConstraint,SMDPAD_TO_VIA,(20-62-22)]
[Ok][Addition] - [BE->FE] [P: CesLayerClearRule,CesLayerClearRule,(20-4-42)] [O: CesConstraint,TRACE_TO_PAD,(20-63-22)]
[Ok][Addition] - [BE->FE] [P: CesLayerClearRule,CesLayerClearRule,(20-4-42)] [O: CesConstraint,TRACE_TO_PLANE,(20-64-22)]
[Ok][Addition] - [BE->FE] [P: CesLayerClearRule,CesLayerClearRule,(20-4-42)] [O: CesConstraint,TRACE_TO_TRACE,(20-65-22)]
[Ok][Addition] - [BE->FE] [P: CesLayerClearRule,CesLayerClearRule,(20-4-42)] [O: CesConstraint,TRACE_TO_VIA,(20-66-22)]
[Ok][Addition] - [BE->FE] [P: CesLayerClearRule,CesLayerClearRule,(20-4-42)] [O: CesConstraint,VIA_TO_PLANE,(20-67-22)]
[Ok][Addition] - [BE->FE] [P: CesLayerClearRule,CesLayerClearRule,(20-4-42)] [O: CesConstraint,VIA_TO_VIA,(20-68-22)]
[Ok][Addition] - [BE->FE] [P: CesLayer,L9_PWR,(20-3-23)] [O: CesConstraint,HEIGHT,(20-69-22)]
[Ok][Addition] - [BE->FE] [P: CesLayer,L9_PWR,(20-3-23)] [O: CesConstraint,BULK_RES,(20-70-22)]
[Ok][Addition] - [BE->FE] [P: CesLayer,L9_PWR,(20-3-23)] [O: CesConstraint,DIELCONST,(20-71-22)]
[Ok][Addition] - [BE->FE] [P: CesLayer,L9_PWR,(20-3-23)] [O: CesConstraint,LAYER_DESC,(20-72-22)]
[Ok][Addition] - [BE->FE] [P: CesLayer,L9_PWR,(20-3-23)] [O: CesConstraint,LAYER_USAGE,(20-73-22)]
[Ok][Addition] - [BE->FE] [P: CesLayer,L9_PWR,(20-3-23)] [O: CesConstraint,PLANE_TYPE,(20-74-22)]
[Ok][Addition] - [BE->FE] [P: CesLayer,L9_PWR,(20-3-23)] [O: CesConstraint,LAYER_ENABLED,(20-75-22)]
[Ok][Addition] - [BE->FE] [P: CesLayer,L9_PWR,(20-3-23)] [O: CesConstraint,DIRECTIONAL_BIAS,(20-76-22)]
[Ok][Addition] - [BE->FE] [P: CesLayer,DIELECTRIC_19,(20-4-23)] [O: CesConstraint,HEIGHT,(20-77-22)]
[Ok][Addition] - [BE->FE] [P: CesLayer,DIELECTRIC_19,(20-4-23)] [O: CesConstraint,BULK_RES,(20-78-22)]
[Ok][Addition] - [BE->FE] [P: CesLayer,DIELECTRIC_19,(20-4-23)] [O: CesConstraint,DIELCONST,(20-79-22)]
[Ok][Addition] - [BE->FE] [P: CesLayer,DIELECTRIC_19,(20-4-23)] [O: CesConstraint,LAYER_DESC,(20-80-22)]
[Ok][Addition] - [BE->FE] [P: CesLayer,DIELECTRIC_19,(20-4-23)] [O: CesConstraint,LAYER_USAGE,(20-81-22)]
[Ok][Addition] - [BE->FE] [P: CesLayer,DIELECTRIC_19,(20-4-23)] [O: CesConstraint,PLANE_TYPE,(20-82-22)]
[Ok][Addition] - [BE->FE] [P: CesLayer,DIELECTRIC_19,(20-4-23)] [O: CesConstraint,LAYER_ENABLED,(20-83-22)]
[Ok][Addition] - [BE->FE] [P: CesLayer,DIELECTRIC_19,(20-4-23)] [O: CesConstraint,DIRECTIONAL_BIAS,(20-84-22)]
[Ok][Addition] - [BE->FE] [P: CesLayerRule,CesLayerRule,(20-6-40)] [O: CesConstraint,DIFF_SPACING,(20-85-22)]
[Ok][Addition] - [BE->FE] [P: CesLayerRule,CesLayerRule,(20-6-40)] [O: CesConstraint,EXP_TRACE_WIDTH,(20-86-22)]
[Ok][Addition] - [BE->FE] [P: CesLayerRule,CesLayerRule,(20-6-40)] [O: CesConstraint,MIN_TRACE_WIDTH,(20-87-22)]
[Ok][Addition] - [BE->FE] [P: CesLayerRule,CesLayerRule,(20-6-40)] [O: CesConstraint,ROUTE,(20-88-22)]
[Ok][Addition] - [BE->FE] [P: CesLayerRule,CesLayerRule,(20-6-40)] [O: CesConstraint,TYP_IMPEDANCE,(20-89-22)]
[Ok][Addition] - [BE->FE] [P: CesLayerRule,CesLayerRule,(20-6-40)] [O: CesConstraint,TYP_TRACE_WIDTH,(20-90-22)]
[Ok][Addition] - [BE->FE] [P: CesLayerClearRule,CesLayerClearRule,(20-6-42)] [O: CesConstraint,MASK_TO_PAD,(20-91-22)]
[Ok][Addition] - [BE->FE] [P: CesLayerClearRule,CesLayerClearRule,(20-6-42)] [O: CesConstraint,MASK_TO_RESISTOR,(20-92-22)]
[Ok][Addition] - [BE->FE] [P: CesLayerClearRule,CesLayerClearRule,(20-6-42)] [O: CesConstraint,MASK_TO_TRACE,(20-93-22)]
[Ok][Addition] - [BE->FE] [P: CesLayerClearRule,CesLayerClearRule,(20-6-42)] [O: CesConstraint,MASK_TO_VIA,(20-94-22)]
[Ok][Addition] - [BE->FE] [P: CesLayerClearRule,CesLayerClearRule,(20-6-42)] [O: CesConstraint,PAD_TO_PAD,(20-95-22)]
[Ok][Addition] - [BE->FE] [P: CesLayerClearRule,CesLayerClearRule,(20-6-42)] [O: CesConstraint,PAD_TO_PLANE,(20-96-22)]
[Ok][Addition] - [BE->FE] [P: CesLayerClearRule,CesLayerClearRule,(20-6-42)] [O: CesConstraint,PAD_TO_VIA,(20-97-22)]
[Ok][Addition] - [BE->FE] [P: CesLayerClearRule,CesLayerClearRule,(20-6-42)] [O: CesConstraint,PLANE_TO_PLANE,(20-98-22)]
[Ok][Addition] - [BE->FE] [P: CesLayerClearRule,CesLayerClearRule,(20-6-42)] [O: CesConstraint,RESISTOR_TO_PAD,(20-99-22)]
[Ok][Addition] - [BE->FE] [P: CesLayerClearRule,CesLayerClearRule,(20-6-42)] [O: CesConstraint,RESISTOR_TO_RESISTOR,(20-100-22)]
[Ok][Addition] - [BE->FE] [P: CesLayerClearRule,CesLayerClearRule,(20-6-42)] [O: CesConstraint,RESISTOR_TO_TRACE,(20-101-22)]
[Ok][Addition] - [BE->FE] [P: CesLayerClearRule,CesLayerClearRule,(20-6-42)] [O: CesConstraint,RESISTOR_TO_VIA,(20-102-22)]
[Ok][Addition] - [BE->FE] [P: CesLayerClearRule,CesLayerClearRule,(20-6-42)] [O: CesConstraint,SMDPAD_TO_TRACE,(20-103-22)]
[Ok][Addition] - [BE->FE] [P: CesLayerClearRule,CesLayerClearRule,(20-6-42)] [O: CesConstraint,SMDPAD_TO_VIA,(20-104-22)]
[Ok][Addition] - [BE->FE] [P: CesLayerClearRule,CesLayerClearRule,(20-6-42)] [O: CesConstraint,TRACE_TO_PAD,(20-105-22)]
[Ok][Addition] - [BE->FE] [P: CesLayerClearRule,CesLayerClearRule,(20-6-42)] [O: CesConstraint,TRACE_TO_PLANE,(20-106-22)]
[Ok][Addition] - [BE->FE] [P: CesLayerClearRule,CesLayerClearRule,(20-6-42)] [O: CesConstraint,TRACE_TO_TRACE,(20-107-22)]
[Ok][Addition] - [BE->FE] [P: CesLayerClearRule,CesLayerClearRule,(20-6-42)] [O: CesConstraint,TRACE_TO_VIA,(20-108-22)]
[Ok][Addition] - [BE->FE] [P: CesLayerClearRule,CesLayerClearRule,(20-6-42)] [O: CesConstraint,VIA_TO_PLANE,(20-109-22)]
[Ok][Addition] - [BE->FE] [P: CesLayerClearRule,CesLayerClearRule,(20-6-42)] [O: CesConstraint,VIA_TO_VIA,(20-110-22)]
[Ok][Addition] - [BE->FE] [P: CesLayer,L10_SIG,(20-5-23)] [O: CesConstraint,HEIGHT,(20-111-22)]
[Ok][Addition] - [BE->FE] [P: CesLayer,L10_SIG,(20-5-23)] [O: CesConstraint,BULK_RES,(20-112-22)]
[Ok][Addition] - [BE->FE] [P: CesLayer,L10_SIG,(20-5-23)] [O: CesConstraint,DIELCONST,(20-113-22)]
[Ok][Addition] - [BE->FE] [P: CesLayer,L10_SIG,(20-5-23)] [O: CesConstraint,LAYER_DESC,(20-114-22)]
[Ok][Addition] - [BE->FE] [P: CesLayer,L10_SIG,(20-5-23)] [O: CesConstraint,LAYER_USAGE,(20-115-22)]
[Ok][Addition] - [BE->FE] [P: CesLayer,L10_SIG,(20-5-23)] [O: CesConstraint,PLANE_TYPE,(20-116-22)]
[Ok][Addition] - [BE->FE] [P: CesLayer,L10_SIG,(20-5-23)] [O: CesConstraint,LAYER_ENABLED,(20-117-22)]
[Ok][Addition] - [BE->FE] [P: CesLayer,L10_SIG,(20-5-23)] [O: CesConstraint,DIRECTIONAL_BIAS,(20-118-22)]
[Ok][Addition] - [BE->FE] [P: CesLayer,DIELECTRIC_21,(20-6-23)] [O: CesConstraint,HEIGHT,(20-119-22)]
[Ok][Addition] - [BE->FE] [P: CesLayer,DIELECTRIC_21,(20-6-23)] [O: CesConstraint,BULK_RES,(20-120-22)]
[Ok][Addition] - [BE->FE] [P: CesLayer,DIELECTRIC_21,(20-6-23)] [O: CesConstraint,DIELCONST,(20-121-22)]
[Ok][Addition] - [BE->FE] [P: CesLayer,DIELECTRIC_21,(20-6-23)] [O: CesConstraint,LAYER_DESC,(20-122-22)]
[Ok][Addition] - [BE->FE] [P: CesLayer,DIELECTRIC_21,(20-6-23)] [O: CesConstraint,LAYER_USAGE,(20-123-22)]
[Ok][Addition] - [BE->FE] [P: CesLayer,DIELECTRIC_21,(20-6-23)] [O: CesConstraint,PLANE_TYPE,(20-124-22)]
[Ok][Addition] - [BE->FE] [P: CesLayer,DIELECTRIC_21,(20-6-23)] [O: CesConstraint,LAYER_ENABLED,(20-125-22)]
[Ok][Addition] - [BE->FE] [P: CesLayer,DIELECTRIC_21,(20-6-23)] [O: CesConstraint,DIRECTIONAL_BIAS,(20-126-22)]
[Ok][Addition] - [BE->FE] [P: CesLayerRule,CesLayerRule,(20-8-40)] [O: CesConstraint,DIFF_SPACING,(20-127-22)]
[Ok][Addition] - [BE->FE] [P: CesLayerRule,CesLayerRule,(20-8-40)] [O: CesConstraint,EXP_TRACE_WIDTH,(20-128-22)]
[Ok][Addition] - [BE->FE] [P: CesLayerRule,CesLayerRule,(20-8-40)] [O: CesConstraint,MIN_TRACE_WIDTH,(20-129-22)]
[Ok][Addition] - [BE->FE] [P: CesLayerRule,CesLayerRule,(20-8-40)] [O: CesConstraint,ROUTE,(20-130-22)]
[Ok][Addition] - [BE->FE] [P: CesLayerRule,CesLayerRule,(20-8-40)] [O: CesConstraint,TYP_IMPEDANCE,(20-131-22)]
[Ok][Addition] - [BE->FE] [P: CesLayerRule,CesLayerRule,(20-8-40)] [O: CesConstraint,TYP_TRACE_WIDTH,(20-132-22)]
[Ok][Addition] - [BE->FE] [P: CesLayerClearRule,CesLayerClearRule,(20-8-42)] [O: CesConstraint,MASK_TO_PAD,(20-133-22)]
[Ok][Addition] - [BE->FE] [P: CesLayerClearRule,CesLayerClearRule,(20-8-42)] [O: CesConstraint,MASK_TO_RESISTOR,(20-134-22)]
[Ok][Addition] - [BE->FE] [P: CesLayerClearRule,CesLayerClearRule,(20-8-42)] [O: CesConstraint,MASK_TO_TRACE,(20-135-22)]
[Ok][Addition] - [BE->FE] [P: CesLayerClearRule,CesLayerClearRule,(20-8-42)] [O: CesConstraint,MASK_TO_VIA,(20-136-22)]
[Ok][Addition] - [BE->FE] [P: CesLayerClearRule,CesLayerClearRule,(20-8-42)] [O: CesConstraint,PAD_TO_PAD,(20-137-22)]
[Ok][Addition] - [BE->FE] [P: CesLayerClearRule,CesLayerClearRule,(20-8-42)] [O: CesConstraint,PAD_TO_PLANE,(20-138-22)]
[Ok][Addition] - [BE->FE] [P: CesLayerClearRule,CesLayerClearRule,(20-8-42)] [O: CesConstraint,PAD_TO_VIA,(20-139-22)]
[Ok][Addition] - [BE->FE] [P: CesLayerClearRule,CesLayerClearRule,(20-8-42)] [O: CesConstraint,PLANE_TO_PLANE,(20-140-22)]
[Ok][Addition] - [BE->FE] [P: CesLayerClearRule,CesLayerClearRule,(20-8-42)] [O: CesConstraint,RESISTOR_TO_PAD,(20-141-22)]
[Ok][Addition] - [BE->FE] [P: CesLayerClearRule,CesLayerClearRule,(20-8-42)] [O: CesConstraint,RESISTOR_TO_RESISTOR,(20-142-22)]
[Ok][Addition] - [BE->FE] [P: CesLayerClearRule,CesLayerClearRule,(20-8-42)] [O: CesConstraint,RESISTOR_TO_TRACE,(20-143-22)]
[Ok][Addition] - [BE->FE] [P: CesLayerClearRule,CesLayerClearRule,(20-8-42)] [O: CesConstraint,RESISTOR_TO_VIA,(20-144-22)]
[Ok][Addition] - [BE->FE] [P: CesLayerClearRule,CesLayerClearRule,(20-8-42)] [O: CesConstraint,SMDPAD_TO_TRACE,(20-145-22)]
[Ok][Addition] - [BE->FE] [P: CesLayerClearRule,CesLayerClearRule,(20-8-42)] [O: CesConstraint,SMDPAD_TO_VIA,(20-146-22)]
[Ok][Addition] - [BE->FE] [P: CesLayerClearRule,CesLayerClearRule,(20-8-42)] [O: CesConstraint,TRACE_TO_PAD,(20-147-22)]
[Ok][Addition] - [BE->FE] [P: CesLayerClearRule,CesLayerClearRule,(20-8-42)] [O: CesConstraint,TRACE_TO_PLANE,(20-148-22)]
[Ok][Addition] - [BE->FE] [P: CesLayerClearRule,CesLayerClearRule,(20-8-42)] [O: CesConstraint,TRACE_TO_TRACE,(20-149-22)]
[Ok][Addition] - [BE->FE] [P: CesLayerClearRule,CesLayerClearRule,(20-8-42)] [O: CesConstraint,TRACE_TO_VIA,(20-150-22)]
[Ok][Addition] - [BE->FE] [P: CesLayerClearRule,CesLayerClearRule,(20-8-42)] [O: CesConstraint,VIA_TO_PLANE,(20-151-22)]
[Ok][Addition] - [BE->FE] [P: CesLayerClearRule,CesLayerClearRule,(20-8-42)] [O: CesConstraint,VIA_TO_VIA,(20-152-22)]
[Ok][Addition] - [BE->FE] [P: CesLayer,L11_GND,(20-7-23)] [O: CesConstraint,HEIGHT,(20-153-22)]
[Ok][Addition] - [BE->FE] [P: CesLayer,L11_GND,(20-7-23)] [O: CesConstraint,BULK_RES,(20-154-22)]
[Ok][Addition] - [BE->FE] [P: CesLayer,L11_GND,(20-7-23)] [O: CesConstraint,DIELCONST,(20-155-22)]
[Ok][Addition] - [BE->FE] [P: CesLayer,L11_GND,(20-7-23)] [O: CesConstraint,LAYER_DESC,(20-156-22)]
[Ok][Addition] - [BE->FE] [P: CesLayer,L11_GND,(20-7-23)] [O: CesConstraint,LAYER_USAGE,(20-157-22)]
[Ok][Addition] - [BE->FE] [P: CesLayer,L11_GND,(20-7-23)] [O: CesConstraint,PLANE_TYPE,(20-158-22)]
[Ok][Addition] - [BE->FE] [P: CesLayer,L11_GND,(20-7-23)] [O: CesConstraint,LAYER_ENABLED,(20-159-22)]
[Ok][Addition] - [BE->FE] [P: CesLayer,L11_GND,(20-7-23)] [O: CesConstraint,DIRECTIONAL_BIAS,(20-160-22)]
[Ok][Addition] - [BE->FE] [P: CesLayer,DIELECTRIC_23,(20-8-23)] [O: CesConstraint,HEIGHT,(20-161-22)]
[Ok][Addition] - [BE->FE] [P: CesLayer,DIELECTRIC_23,(20-8-23)] [O: CesConstraint,BULK_RES,(20-162-22)]
[Ok][Addition] - [BE->FE] [P: CesLayer,DIELECTRIC_23,(20-8-23)] [O: CesConstraint,DIELCONST,(20-163-22)]
[Ok][Addition] - [BE->FE] [P: CesLayer,DIELECTRIC_23,(20-8-23)] [O: CesConstraint,LAYER_DESC,(20-164-22)]
[Ok][Addition] - [BE->FE] [P: CesLayer,DIELECTRIC_23,(20-8-23)] [O: CesConstraint,LAYER_USAGE,(20-165-22)]
[Ok][Addition] - [BE->FE] [P: CesLayer,DIELECTRIC_23,(20-8-23)] [O: CesConstraint,PLANE_TYPE,(20-166-22)]
[Ok][Addition] - [BE->FE] [P: CesLayer,DIELECTRIC_23,(20-8-23)] [O: CesConstraint,LAYER_ENABLED,(20-167-22)]
[Ok][Addition] - [BE->FE] [P: CesLayer,DIELECTRIC_23,(20-8-23)] [O: CesConstraint,DIRECTIONAL_BIAS,(20-168-22)]
[Ok][Addition] - [BE->FE] [P: CesLayer,L8_SIG,(20-1-23)] [O: CesConstraint,LAYER_PAIR,(20-169-22)]
[Ok][Addition] - [BE->FE] [P: CesLayer,L8_SIG,(20-1-23)] [O: CesConstraint,LAYER_DIFFPAIR,(20-170-22)]
[Ok][Addition] - [BE->FE] [P: CesLayer,L9_PWR,(20-3-23)] [O: CesConstraint,LAYER_PAIR,(20-171-22)]
[Ok][Addition] - [BE->FE] [P: CesLayer,L9_PWR,(20-3-23)] [O: CesConstraint,LAYER_DIFFPAIR,(20-172-22)]
[Ok][Addition] - [BE->FE] [P: CesLayer,L10_SIG,(20-5-23)] [O: CesConstraint,LAYER_PAIR,(20-173-22)]
[Ok][Addition] - [BE->FE] [P: CesLayer,L10_SIG,(20-5-23)] [O: CesConstraint,LAYER_DIFFPAIR,(20-174-22)]
[Ok][Addition] - [BE->FE] [P: CesLayer,L11_GND,(20-7-23)] [O: CesConstraint,LAYER_PAIR,(20-175-22)]
[Ok][Addition] - [BE->FE] [P: CesLayer,L11_GND,(20-7-23)] [O: CesConstraint,LAYER_DIFFPAIR,(20-176-22)]
[Ok][Addition] - [BE->FE] [P: CesLayer,DIELECTRIC_1,(13-1-23)] [O: CesConstraint,DIELCONST,(21-1-22)]
[Ok][Addition] - [BE->FE] [P: CesLayer,DIELECTRIC_1,(13-1-23)] [O: CesConstraint,ER_FREQ,(21-2-22)]
[Ok][Addition] - [BE->FE] [P: CesLayer,DIELECTRIC_1,(13-1-23)] [O: CesConstraint,LOSS_TAN_FREQ,(21-3-22)]
[Ok][Addition] - [BE->FE] [P: CesLayer,DIELECTRIC_1,(13-1-23)] [O: CesConstraint,LOSS_TAN,(21-4-22)]
[Ok][Addition] - [BE->FE] [P: CesLayer,DIELECTRIC_1,(13-1-23)] [O: CesConstraint,THERMAL_COND,(21-5-22)]
[Ok][Addition] - [BE->FE] [P: CesLayer,DIELECTRIC_1,(13-1-23)] [O: CesConstraint,LAYER_TECH,(21-6-22)]
[Ok][Addition] - [BE->FE] [P: CesLayer,TOP,(13-2-23)] [O: CesConstraint,LAYER_COLOR,(21-7-22)]
[Ok][Addition] - [BE->FE] [P: CesLayer,TOP,(13-2-23)] [O: CesConstraint,CONDUCTOR,(21-8-22)]
[Ok][Addition] - [BE->FE] [P: CesLayer,TOP,(13-2-23)] [O: CesConstraint,TEMP_COEF,(21-9-22)]
[Ok][Addition] - [BE->FE] [P: CesLayer,TOP,(13-2-23)] [O: CesConstraint,POUR_DRAW_STYLE,(21-10-22)]
[Ok][Addition] - [BE->FE] [P: CesLayer,TOP,(13-2-23)] [O: CesConstraint,DIELCONST,(21-11-22)]
[Ok][Addition] - [BE->FE] [P: CesLayer,TOP,(13-2-23)] [O: CesConstraint,ER_FREQ,(21-12-22)]
[Ok][Addition] - [BE->FE] [P: CesLayer,TOP,(13-2-23)] [O: CesConstraint,LOSS_TAN_FREQ,(21-13-22)]
[Ok][Addition] - [BE->FE] [P: CesLayer,TOP,(13-2-23)] [O: CesConstraint,LOSS_TAN,(21-14-22)]
[Ok][Addition] - [BE->FE] [P: CesLayer,TOP,(13-2-23)] [O: CesConstraint,THERMAL_COND,(21-15-22)]
[Ok][Addition] - [BE->FE] [P: CesLayer,TOP,(13-2-23)] [O: CesConstraint,TRACE_WIDTH,(21-16-22)]
[Ok][Addition] - [BE->FE] [P: CesLayer,TOP,(13-2-23)] [O: CesConstraint,TARGET_Z0,(21-17-22)]
[Ok][Addition] - [BE->FE] [P: CesLayer,TOP,(13-2-23)] [O: CesConstraint,ZZ_WIDTH,(21-18-22)]
[Ok][Addition] - [BE->FE] [P: CesLayer,TOP,(13-2-23)] [O: CesConstraint,GAP,(21-19-22)]
[Ok][Addition] - [BE->FE] [P: CesLayer,DIELECTRIC_3,(13-3-23)] [O: CesConstraint,ER_FREQ,(21-20-22)]
[Ok][Addition] - [BE->FE] [P: CesLayer,DIELECTRIC_3,(13-3-23)] [O: CesConstraint,LOSS_TAN_FREQ,(21-21-22)]
[Ok][Addition] - [BE->FE] [P: CesLayer,DIELECTRIC_3,(13-3-23)] [O: CesConstraint,LOSS_TAN,(21-22-22)]
[Ok][Addition] - [BE->FE] [P: CesLayer,DIELECTRIC_3,(13-3-23)] [O: CesConstraint,THERMAL_COND,(21-23-22)]
[Ok][Addition] - [BE->FE] [P: CesLayer,DIELECTRIC_3,(13-3-23)] [O: CesConstraint,LAYER_TECH,(21-24-22)]
[Ok][Addition] - [BE->FE] [P: CesLayer,L2_GND,(13-4-23)] [O: CesConstraint,LAYER_COLOR,(21-25-22)]
[Ok][Addition] - [BE->FE] [P: CesLayer,L2_GND,(13-4-23)] [O: CesConstraint,CONDUCTOR,(21-26-22)]
[Ok][Addition] - [BE->FE] [P: CesLayer,L2_GND,(13-4-23)] [O: CesConstraint,TEMP_COEF,(21-27-22)]
[Ok][Addition] - [BE->FE] [P: CesLayer,L2_GND,(13-4-23)] [O: CesConstraint,POUR_DRAW_STYLE,(21-28-22)]
[Ok][Addition] - [BE->FE] [P: CesLayer,L2_GND,(13-4-23)] [O: CesConstraint,DIELCONST,(21-29-22)]
[Ok][Addition] - [BE->FE] [P: CesLayer,L2_GND,(13-4-23)] [O: CesConstraint,ER_FREQ,(21-30-22)]
[Ok][Addition] - [BE->FE] [P: CesLayer,L2_GND,(13-4-23)] [O: CesConstraint,LOSS_TAN_FREQ,(21-31-22)]
[Ok][Addition] - [BE->FE] [P: CesLayer,L2_GND,(13-4-23)] [O: CesConstraint,LOSS_TAN,(21-32-22)]
[Ok][Addition] - [BE->FE] [P: CesLayer,L2_GND,(13-4-23)] [O: CesConstraint,THERMAL_COND,(21-33-22)]
[Ok][Addition] - [BE->FE] [P: CesLayer,L2_GND,(13-4-23)] [O: CesConstraint,TRACE_WIDTH,(21-34-22)]
[Ok][Addition] - [BE->FE] [P: CesLayer,L2_GND,(13-4-23)] [O: CesConstraint,TARGET_Z0,(21-35-22)]
[Ok][Addition] - [BE->FE] [P: CesLayer,L2_GND,(13-4-23)] [O: CesConstraint,ZZ_WIDTH,(21-36-22)]
[Ok][Addition] - [BE->FE] [P: CesLayer,L2_GND,(13-4-23)] [O: CesConstraint,GAP,(21-37-22)]
[Ok][Addition] - [BE->FE] [P: CesLayer,DIELECTRIC_5,(13-5-23)] [O: CesConstraint,ER_FREQ,(21-38-22)]
[Ok][Addition] - [BE->FE] [P: CesLayer,DIELECTRIC_5,(13-5-23)] [O: CesConstraint,LOSS_TAN_FREQ,(21-39-22)]
[Ok][Addition] - [BE->FE] [P: CesLayer,DIELECTRIC_5,(13-5-23)] [O: CesConstraint,LOSS_TAN,(21-40-22)]
[Ok][Addition] - [BE->FE] [P: CesLayer,DIELECTRIC_5,(13-5-23)] [O: CesConstraint,THERMAL_COND,(21-41-22)]
[Ok][Addition] - [BE->FE] [P: CesLayer,DIELECTRIC_5,(13-5-23)] [O: CesConstraint,LAYER_TECH,(21-42-22)]
[Ok][Addition] - [BE->FE] [P: CesLayer,L3_SIG,(13-6-23)] [O: CesConstraint,LAYER_COLOR,(21-43-22)]
[Ok][Addition] - [BE->FE] [P: CesLayer,L3_SIG,(13-6-23)] [O: CesConstraint,CONDUCTOR,(21-44-22)]
[Ok][Addition] - [BE->FE] [P: CesLayer,L3_SIG,(13-6-23)] [O: CesConstraint,TEMP_COEF,(21-45-22)]
[Ok][Addition] - [BE->FE] [P: CesLayer,L3_SIG,(13-6-23)] [O: CesConstraint,POUR_DRAW_STYLE,(21-46-22)]
[Ok][Addition] - [BE->FE] [P: CesLayer,L3_SIG,(13-6-23)] [O: CesConstraint,DIELCONST,(21-47-22)]
[Ok][Addition] - [BE->FE] [P: CesLayer,L3_SIG,(13-6-23)] [O: CesConstraint,ER_FREQ,(21-48-22)]
[Ok][Addition] - [BE->FE] [P: CesLayer,L3_SIG,(13-6-23)] [O: CesConstraint,LOSS_TAN_FREQ,(21-49-22)]
[Ok][Addition] - [BE->FE] [P: CesLayer,L3_SIG,(13-6-23)] [O: CesConstraint,LOSS_TAN,(21-50-22)]
[Ok][Addition] - [BE->FE] [P: CesLayer,L3_SIG,(13-6-23)] [O: CesConstraint,THERMAL_COND,(21-51-22)]
[Ok][Addition] - [BE->FE] [P: CesLayer,L3_SIG,(13-6-23)] [O: CesConstraint,TRACE_WIDTH,(21-52-22)]
[Ok][Addition] - [BE->FE] [P: CesLayer,L3_SIG,(13-6-23)] [O: CesConstraint,TARGET_Z0,(21-53-22)]
[Ok][Addition] - [BE->FE] [P: CesLayer,L3_SIG,(13-6-23)] [O: CesConstraint,ZZ_WIDTH,(21-54-22)]
[Ok][Addition] - [BE->FE] [P: CesLayer,L3_SIG,(13-6-23)] [O: CesConstraint,GAP,(21-55-22)]
[Ok][Addition] - [BE->FE] [P: CesLayer,DIELECTRIC_7,(13-7-23)] [O: CesConstraint,ER_FREQ,(21-56-22)]
[Ok][Addition] - [BE->FE] [P: CesLayer,DIELECTRIC_7,(13-7-23)] [O: CesConstraint,LOSS_TAN_FREQ,(21-57-22)]
[Ok][Addition] - [BE->FE] [P: CesLayer,DIELECTRIC_7,(13-7-23)] [O: CesConstraint,LOSS_TAN,(21-58-22)]
[Ok][Addition] - [BE->FE] [P: CesLayer,DIELECTRIC_7,(13-7-23)] [O: CesConstraint,THERMAL_COND,(21-59-22)]
[Ok][Addition] - [BE->FE] [P: CesLayer,DIELECTRIC_7,(13-7-23)] [O: CesConstraint,LAYER_TECH,(21-60-22)]
[Ok][Addition] - [BE->FE] [P: CesLayer,L4_GND,(13-10-23)] [O: CesConstraint,LAYER_COLOR,(21-61-22)]
[Ok][Addition] - [BE->FE] [P: CesLayer,L4_GND,(13-10-23)] [O: CesConstraint,CONDUCTOR,(21-62-22)]
[Ok][Addition] - [BE->FE] [P: CesLayer,L4_GND,(13-10-23)] [O: CesConstraint,TEMP_COEF,(21-63-22)]
[Ok][Addition] - [BE->FE] [P: CesLayer,L4_GND,(13-10-23)] [O: CesConstraint,POUR_DRAW_STYLE,(21-64-22)]
[Ok][Addition] - [BE->FE] [P: CesLayer,L4_GND,(13-10-23)] [O: CesConstraint,DIELCONST,(21-65-22)]
[Ok][Addition] - [BE->FE] [P: CesLayer,L4_GND,(13-10-23)] [O: CesConstraint,ER_FREQ,(21-66-22)]
[Ok][Addition] - [BE->FE] [P: CesLayer,L4_GND,(13-10-23)] [O: CesConstraint,LOSS_TAN_FREQ,(21-67-22)]
[Ok][Addition] - [BE->FE] [P: CesLayer,L4_GND,(13-10-23)] [O: CesConstraint,LOSS_TAN,(21-68-22)]
[Ok][Addition] - [BE->FE] [P: CesLayer,L4_GND,(13-10-23)] [O: CesConstraint,THERMAL_COND,(21-69-22)]
[Ok][Addition] - [BE->FE] [P: CesLayer,L4_GND,(13-10-23)] [O: CesConstraint,TRACE_WIDTH,(21-70-22)]
[Ok][Addition] - [BE->FE] [P: CesLayer,L4_GND,(13-10-23)] [O: CesConstraint,TARGET_Z0,(21-71-22)]
[Ok][Addition] - [BE->FE] [P: CesLayer,L4_GND,(13-10-23)] [O: CesConstraint,ZZ_WIDTH,(21-72-22)]
[Ok][Addition] - [BE->FE] [P: CesLayer,L4_GND,(13-10-23)] [O: CesConstraint,GAP,(21-73-22)]
[Ok][Addition] - [BE->FE] [P: CesLayer,DIELECTRIC_9,(13-11-23)] [O: CesConstraint,ER_FREQ,(21-74-22)]
[Ok][Addition] - [BE->FE] [P: CesLayer,DIELECTRIC_9,(13-11-23)] [O: CesConstraint,LOSS_TAN_FREQ,(21-75-22)]
[Ok][Addition] - [BE->FE] [P: CesLayer,DIELECTRIC_9,(13-11-23)] [O: CesConstraint,LOSS_TAN,(21-76-22)]
[Ok][Addition] - [BE->FE] [P: CesLayer,DIELECTRIC_9,(13-11-23)] [O: CesConstraint,THERMAL_COND,(21-77-22)]
[Ok][Addition] - [BE->FE] [P: CesLayer,L5_SIG,(13-12-23)] [O: CesConstraint,LAYER_COLOR,(21-78-22)]
[Ok][Addition] - [BE->FE] [P: CesLayer,L5_SIG,(13-12-23)] [O: CesConstraint,CONDUCTOR,(21-79-22)]
[Ok][Addition] - [BE->FE] [P: CesLayer,L5_SIG,(13-12-23)] [O: CesConstraint,TEMP_COEF,(21-80-22)]
[Ok][Addition] - [BE->FE] [P: CesLayer,L5_SIG,(13-12-23)] [O: CesConstraint,POUR_DRAW_STYLE,(21-81-22)]
[Ok][Addition] - [BE->FE] [P: CesLayer,L5_SIG,(13-12-23)] [O: CesConstraint,DIELCONST,(21-82-22)]
[Ok][Addition] - [BE->FE] [P: CesLayer,L5_SIG,(13-12-23)] [O: CesConstraint,ER_FREQ,(21-83-22)]
[Ok][Addition] - [BE->FE] [P: CesLayer,L5_SIG,(13-12-23)] [O: CesConstraint,LOSS_TAN_FREQ,(21-84-22)]
[Ok][Addition] - [BE->FE] [P: CesLayer,L5_SIG,(13-12-23)] [O: CesConstraint,LOSS_TAN,(21-85-22)]
[Ok][Addition] - [BE->FE] [P: CesLayer,L5_SIG,(13-12-23)] [O: CesConstraint,THERMAL_COND,(21-86-22)]
[Ok][Addition] - [BE->FE] [P: CesLayer,L5_SIG,(13-12-23)] [O: CesConstraint,TRACE_WIDTH,(21-87-22)]
[Ok][Addition] - [BE->FE] [P: CesLayer,L5_SIG,(13-12-23)] [O: CesConstraint,TARGET_Z0,(21-88-22)]
[Ok][Addition] - [BE->FE] [P: CesLayer,L5_SIG,(13-12-23)] [O: CesConstraint,ZZ_WIDTH,(21-89-22)]
[Ok][Addition] - [BE->FE] [P: CesLayer,L5_SIG,(13-12-23)] [O: CesConstraint,GAP,(21-90-22)]
[Ok][Addition] - [BE->FE] [P: CesLayer,DIELECTRIC_11,(13-13-23)] [O: CesConstraint,ER_FREQ,(21-91-22)]
[Ok][Addition] - [BE->FE] [P: CesLayer,DIELECTRIC_11,(13-13-23)] [O: CesConstraint,LOSS_TAN_FREQ,(21-92-22)]
[Ok][Addition] - [BE->FE] [P: CesLayer,DIELECTRIC_11,(13-13-23)] [O: CesConstraint,LOSS_TAN,(21-93-22)]
[Ok][Addition] - [BE->FE] [P: CesLayer,DIELECTRIC_11,(13-13-23)] [O: CesConstraint,THERMAL_COND,(21-94-22)]
[Ok][Addition] - [BE->FE] [P: CesLayer,L6_POWER,(13-14-23)] [O: CesConstraint,LAYER_COLOR,(21-95-22)]
[Ok][Addition] - [BE->FE] [P: CesLayer,L6_POWER,(13-14-23)] [O: CesConstraint,CONDUCTOR,(21-96-22)]
[Ok][Addition] - [BE->FE] [P: CesLayer,L6_POWER,(13-14-23)] [O: CesConstraint,TEMP_COEF,(21-97-22)]
[Ok][Addition] - [BE->FE] [P: CesLayer,L6_POWER,(13-14-23)] [O: CesConstraint,POUR_DRAW_STYLE,(21-98-22)]
[Ok][Addition] - [BE->FE] [P: CesLayer,L6_POWER,(13-14-23)] [O: CesConstraint,DIELCONST,(21-99-22)]
[Ok][Addition] - [BE->FE] [P: CesLayer,L6_POWER,(13-14-23)] [O: CesConstraint,ER_FREQ,(21-100-22)]
[Ok][Addition] - [BE->FE] [P: CesLayer,L6_POWER,(13-14-23)] [O: CesConstraint,LOSS_TAN_FREQ,(21-101-22)]
[Ok][Addition] - [BE->FE] [P: CesLayer,L6_POWER,(13-14-23)] [O: CesConstraint,LOSS_TAN,(21-102-22)]
[Ok][Addition] - [BE->FE] [P: CesLayer,L6_POWER,(13-14-23)] [O: CesConstraint,THERMAL_COND,(21-103-22)]
[Ok][Addition] - [BE->FE] [P: CesLayer,L6_POWER,(13-14-23)] [O: CesConstraint,TRACE_WIDTH,(21-104-22)]
[Ok][Addition] - [BE->FE] [P: CesLayer,L6_POWER,(13-14-23)] [O: CesConstraint,TARGET_Z0,(21-105-22)]
[Ok][Addition] - [BE->FE] [P: CesLayer,L6_POWER,(13-14-23)] [O: CesConstraint,ZZ_WIDTH,(21-106-22)]
[Ok][Addition] - [BE->FE] [P: CesLayer,L6_POWER,(13-14-23)] [O: CesConstraint,GAP,(21-107-22)]
[Ok][Addition] - [BE->FE] [P: CesLayer,DIELECTRIC_13,(13-15-23)] [O: CesConstraint,ER_FREQ,(21-108-22)]
[Ok][Addition] - [BE->FE] [P: CesLayer,DIELECTRIC_13,(13-15-23)] [O: CesConstraint,LOSS_TAN_FREQ,(21-109-22)]
[Ok][Addition] - [BE->FE] [P: CesLayer,DIELECTRIC_13,(13-15-23)] [O: CesConstraint,LOSS_TAN,(21-110-22)]
[Ok][Addition] - [BE->FE] [P: CesLayer,DIELECTRIC_13,(13-15-23)] [O: CesConstraint,THERMAL_COND,(21-111-22)]
[Ok][Addition] - [BE->FE] [P: CesLayer,L7_PWR,(13-16-23)] [O: CesConstraint,LAYER_COLOR,(21-112-22)]
[Ok][Addition] - [BE->FE] [P: CesLayer,L7_PWR,(13-16-23)] [O: CesConstraint,CONDUCTOR,(21-113-22)]
[Ok][Addition] - [BE->FE] [P: CesLayer,L7_PWR,(13-16-23)] [O: CesConstraint,TEMP_COEF,(21-114-22)]
[Ok][Addition] - [BE->FE] [P: CesLayer,L7_PWR,(13-16-23)] [O: CesConstraint,POUR_DRAW_STYLE,(21-115-22)]
[Ok][Addition] - [BE->FE] [P: CesLayer,L7_PWR,(13-16-23)] [O: CesConstraint,DIELCONST,(21-116-22)]
[Ok][Addition] - [BE->FE] [P: CesLayer,L7_PWR,(13-16-23)] [O: CesConstraint,ER_FREQ,(21-117-22)]
[Ok][Addition] - [BE->FE] [P: CesLayer,L7_PWR,(13-16-23)] [O: CesConstraint,LOSS_TAN_FREQ,(21-118-22)]
[Ok][Addition] - [BE->FE] [P: CesLayer,L7_PWR,(13-16-23)] [O: CesConstraint,LOSS_TAN,(21-119-22)]
[Ok][Addition] - [BE->FE] [P: CesLayer,L7_PWR,(13-16-23)] [O: CesConstraint,THERMAL_COND,(21-120-22)]
[Ok][Addition] - [BE->FE] [P: CesLayer,L7_PWR,(13-16-23)] [O: CesConstraint,TRACE_WIDTH,(21-121-22)]
[Ok][Addition] - [BE->FE] [P: CesLayer,L7_PWR,(13-16-23)] [O: CesConstraint,TARGET_Z0,(21-122-22)]
[Ok][Addition] - [BE->FE] [P: CesLayer,L7_PWR,(13-16-23)] [O: CesConstraint,ZZ_WIDTH,(21-123-22)]
[Ok][Addition] - [BE->FE] [P: CesLayer,L7_PWR,(13-16-23)] [O: CesConstraint,GAP,(21-124-22)]
[Ok][Addition] - [BE->FE] [P: CesLayer,DIELECTRIC_15,(13-17-23)] [O: CesConstraint,ER_FREQ,(21-125-22)]
[Ok][Addition] - [BE->FE] [P: CesLayer,DIELECTRIC_15,(13-17-23)] [O: CesConstraint,LOSS_TAN_FREQ,(21-126-22)]
[Ok][Addition] - [BE->FE] [P: CesLayer,DIELECTRIC_15,(13-17-23)] [O: CesConstraint,LOSS_TAN,(21-127-22)]
[Ok][Addition] - [BE->FE] [P: CesLayer,DIELECTRIC_15,(13-17-23)] [O: CesConstraint,THERMAL_COND,(21-128-22)]
[Ok][Addition] - [BE->FE] [P: CesLayer,L8_SIG,(20-1-23)] [O: CesConstraint,LAYER_COLOR,(21-129-22)]
[Ok][Addition] - [BE->FE] [P: CesLayer,L8_SIG,(20-1-23)] [O: CesConstraint,CONDUCTOR,(21-130-22)]
[Ok][Addition] - [BE->FE] [P: CesLayer,L8_SIG,(20-1-23)] [O: CesConstraint,TEMP_COEF,(21-131-22)]
[Ok][Addition] - [BE->FE] [P: CesLayer,L8_SIG,(20-1-23)] [O: CesConstraint,POUR_DRAW_STYLE,(21-132-22)]
[Ok][Addition] - [BE->FE] [P: CesLayer,L8_SIG,(20-1-23)] [O: CesConstraint,ER_FREQ,(21-133-22)]
[Ok][Addition] - [BE->FE] [P: CesLayer,L8_SIG,(20-1-23)] [O: CesConstraint,LOSS_TAN_FREQ,(21-134-22)]
[Ok][Addition] - [BE->FE] [P: CesLayer,L8_SIG,(20-1-23)] [O: CesConstraint,LOSS_TAN,(21-135-22)]
[Ok][Addition] - [BE->FE] [P: CesLayer,L8_SIG,(20-1-23)] [O: CesConstraint,THERMAL_COND,(21-136-22)]
[Ok][Addition] - [BE->FE] [P: CesLayer,L8_SIG,(20-1-23)] [O: CesConstraint,TRACE_WIDTH,(21-137-22)]
[Ok][Addition] - [BE->FE] [P: CesLayer,L8_SIG,(20-1-23)] [O: CesConstraint,TARGET_Z0,(21-138-22)]
[Ok][Addition] - [BE->FE] [P: CesLayer,L8_SIG,(20-1-23)] [O: CesConstraint,ZZ_WIDTH,(21-139-22)]
[Ok][Addition] - [BE->FE] [P: CesLayer,L8_SIG,(20-1-23)] [O: CesConstraint,GAP,(21-140-22)]
[Ok][Addition] - [BE->FE] [P: CesLayer,DIELECTRIC_18,(20-2-23)] [O: CesConstraint,ER_FREQ,(21-141-22)]
[Ok][Addition] - [BE->FE] [P: CesLayer,DIELECTRIC_18,(20-2-23)] [O: CesConstraint,LOSS_TAN_FREQ,(21-142-22)]
[Ok][Addition] - [BE->FE] [P: CesLayer,DIELECTRIC_18,(20-2-23)] [O: CesConstraint,LOSS_TAN,(21-143-22)]
[Ok][Addition] - [BE->FE] [P: CesLayer,DIELECTRIC_18,(20-2-23)] [O: CesConstraint,THERMAL_COND,(21-144-22)]
[Ok][Addition] - [BE->FE] [P: CesLayer,DIELECTRIC_18,(20-2-23)] [O: CesConstraint,LAYER_TECH,(21-145-22)]
[Ok][Addition] - [BE->FE] [P: CesLayer,L9_PWR,(20-3-23)] [O: CesConstraint,LAYER_COLOR,(21-146-22)]
[Ok][Addition] - [BE->FE] [P: CesLayer,L9_PWR,(20-3-23)] [O: CesConstraint,CONDUCTOR,(21-147-22)]
[Ok][Addition] - [BE->FE] [P: CesLayer,L9_PWR,(20-3-23)] [O: CesConstraint,TEMP_COEF,(21-148-22)]
[Ok][Addition] - [BE->FE] [P: CesLayer,L9_PWR,(20-3-23)] [O: CesConstraint,POUR_DRAW_STYLE,(21-149-22)]
[Ok][Addition] - [BE->FE] [P: CesLayer,L9_PWR,(20-3-23)] [O: CesConstraint,ER_FREQ,(21-150-22)]
[Ok][Addition] - [BE->FE] [P: CesLayer,L9_PWR,(20-3-23)] [O: CesConstraint,LOSS_TAN_FREQ,(21-151-22)]
[Ok][Addition] - [BE->FE] [P: CesLayer,L9_PWR,(20-3-23)] [O: CesConstraint,LOSS_TAN,(21-152-22)]
[Ok][Addition] - [BE->FE] [P: CesLayer,L9_PWR,(20-3-23)] [O: CesConstraint,THERMAL_COND,(21-153-22)]
[Ok][Addition] - [BE->FE] [P: CesLayer,L9_PWR,(20-3-23)] [O: CesConstraint,TRACE_WIDTH,(21-154-22)]
[Ok][Addition] - [BE->FE] [P: CesLayer,L9_PWR,(20-3-23)] [O: CesConstraint,TARGET_Z0,(21-155-22)]
[Ok][Addition] - [BE->FE] [P: CesLayer,L9_PWR,(20-3-23)] [O: CesConstraint,ZZ_WIDTH,(21-156-22)]
[Ok][Addition] - [BE->FE] [P: CesLayer,L9_PWR,(20-3-23)] [O: CesConstraint,GAP,(21-157-22)]
[Ok][Addition] - [BE->FE] [P: CesLayer,DIELECTRIC_19,(20-4-23)] [O: CesConstraint,ER_FREQ,(21-158-22)]
[Ok][Addition] - [BE->FE] [P: CesLayer,DIELECTRIC_19,(20-4-23)] [O: CesConstraint,LOSS_TAN_FREQ,(21-159-22)]
[Ok][Addition] - [BE->FE] [P: CesLayer,DIELECTRIC_19,(20-4-23)] [O: CesConstraint,LOSS_TAN,(21-160-22)]
[Ok][Addition] - [BE->FE] [P: CesLayer,DIELECTRIC_19,(20-4-23)] [O: CesConstraint,THERMAL_COND,(21-161-22)]
[Ok][Addition] - [BE->FE] [P: CesLayer,DIELECTRIC_19,(20-4-23)] [O: CesConstraint,LAYER_TECH,(21-162-22)]
[Ok][Addition] - [BE->FE] [P: CesLayer,L10_SIG,(20-5-23)] [O: CesConstraint,LAYER_COLOR,(21-163-22)]
[Ok][Addition] - [BE->FE] [P: CesLayer,L10_SIG,(20-5-23)] [O: CesConstraint,CONDUCTOR,(21-164-22)]
[Ok][Addition] - [BE->FE] [P: CesLayer,L10_SIG,(20-5-23)] [O: CesConstraint,TEMP_COEF,(21-165-22)]
[Ok][Addition] - [BE->FE] [P: CesLayer,L10_SIG,(20-5-23)] [O: CesConstraint,POUR_DRAW_STYLE,(21-166-22)]
[Ok][Addition] - [BE->FE] [P: CesLayer,L10_SIG,(20-5-23)] [O: CesConstraint,ER_FREQ,(21-167-22)]
[Ok][Addition] - [BE->FE] [P: CesLayer,L10_SIG,(20-5-23)] [O: CesConstraint,LOSS_TAN_FREQ,(21-168-22)]
[Ok][Addition] - [BE->FE] [P: CesLayer,L10_SIG,(20-5-23)] [O: CesConstraint,LOSS_TAN,(21-169-22)]
[Ok][Addition] - [BE->FE] [P: CesLayer,L10_SIG,(20-5-23)] [O: CesConstraint,THERMAL_COND,(21-170-22)]
[Ok][Addition] - [BE->FE] [P: CesLayer,L10_SIG,(20-5-23)] [O: CesConstraint,TRACE_WIDTH,(21-171-22)]
[Ok][Addition] - [BE->FE] [P: CesLayer,L10_SIG,(20-5-23)] [O: CesConstraint,TARGET_Z0,(21-172-22)]
[Ok][Addition] - [BE->FE] [P: CesLayer,L10_SIG,(20-5-23)] [O: CesConstraint,ZZ_WIDTH,(21-173-22)]
[Ok][Addition] - [BE->FE] [P: CesLayer,L10_SIG,(20-5-23)] [O: CesConstraint,GAP,(21-174-22)]
[Ok][Addition] - [BE->FE] [P: CesLayer,DIELECTRIC_21,(20-6-23)] [O: CesConstraint,ER_FREQ,(21-175-22)]
[Ok][Addition] - [BE->FE] [P: CesLayer,DIELECTRIC_21,(20-6-23)] [O: CesConstraint,LOSS_TAN_FREQ,(21-176-22)]
[Ok][Addition] - [BE->FE] [P: CesLayer,DIELECTRIC_21,(20-6-23)] [O: CesConstraint,LOSS_TAN,(21-177-22)]
[Ok][Addition] - [BE->FE] [P: CesLayer,DIELECTRIC_21,(20-6-23)] [O: CesConstraint,THERMAL_COND,(21-178-22)]
[Ok][Addition] - [BE->FE] [P: CesLayer,DIELECTRIC_21,(20-6-23)] [O: CesConstraint,LAYER_TECH,(21-179-22)]
[Ok][Addition] - [BE->FE] [P: CesLayer,L11_GND,(20-7-23)] [O: CesConstraint,LAYER_COLOR,(21-180-22)]
[Ok][Addition] - [BE->FE] [P: CesLayer,L11_GND,(20-7-23)] [O: CesConstraint,CONDUCTOR,(21-181-22)]
[Ok][Addition] - [BE->FE] [P: CesLayer,L11_GND,(20-7-23)] [O: CesConstraint,TEMP_COEF,(21-182-22)]
[Ok][Addition] - [BE->FE] [P: CesLayer,L11_GND,(20-7-23)] [O: CesConstraint,POUR_DRAW_STYLE,(21-183-22)]
[Ok][Addition] - [BE->FE] [P: CesLayer,L11_GND,(20-7-23)] [O: CesConstraint,ER_FREQ,(21-184-22)]
[Ok][Addition] - [BE->FE] [P: CesLayer,L11_GND,(20-7-23)] [O: CesConstraint,LOSS_TAN_FREQ,(21-185-22)]
[Ok][Addition] - [BE->FE] [P: CesLayer,L11_GND,(20-7-23)] [O: CesConstraint,LOSS_TAN,(21-186-22)]
[Ok][Addition] - [BE->FE] [P: CesLayer,L11_GND,(20-7-23)] [O: CesConstraint,THERMAL_COND,(21-187-22)]
[Ok][Addition] - [BE->FE] [P: CesLayer,L11_GND,(20-7-23)] [O: CesConstraint,TRACE_WIDTH,(21-188-22)]
[Ok][Addition] - [BE->FE] [P: CesLayer,L11_GND,(20-7-23)] [O: CesConstraint,TARGET_Z0,(21-189-22)]
[Ok][Addition] - [BE->FE] [P: CesLayer,L11_GND,(20-7-23)] [O: CesConstraint,ZZ_WIDTH,(21-190-22)]
[Ok][Addition] - [BE->FE] [P: CesLayer,L11_GND,(20-7-23)] [O: CesConstraint,GAP,(21-191-22)]
[Ok][Addition] - [BE->FE] [P: CesLayer,DIELECTRIC_23,(20-8-23)] [O: CesConstraint,ER_FREQ,(21-192-22)]
[Ok][Addition] - [BE->FE] [P: CesLayer,DIELECTRIC_23,(20-8-23)] [O: CesConstraint,LOSS_TAN_FREQ,(21-193-22)]
[Ok][Addition] - [BE->FE] [P: CesLayer,DIELECTRIC_23,(20-8-23)] [O: CesConstraint,LOSS_TAN,(21-194-22)]
[Ok][Addition] - [BE->FE] [P: CesLayer,DIELECTRIC_23,(20-8-23)] [O: CesConstraint,THERMAL_COND,(21-195-22)]
[Ok][Addition] - [BE->FE] [P: CesLayer,DIELECTRIC_23,(20-8-23)] [O: CesConstraint,LAYER_TECH,(21-196-22)]
[Ok][Addition] - [BE->FE] [P: CesLayer,BOTTOM,(13-8-23)] [O: CesConstraint,LAYER_COLOR,(21-197-22)]
[Ok][Addition] - [BE->FE] [P: CesLayer,BOTTOM,(13-8-23)] [O: CesConstraint,CONDUCTOR,(21-198-22)]
[Ok][Addition] - [BE->FE] [P: CesLayer,BOTTOM,(13-8-23)] [O: CesConstraint,TEMP_COEF,(21-199-22)]
[Ok][Addition] - [BE->FE] [P: CesLayer,BOTTOM,(13-8-23)] [O: CesConstraint,POUR_DRAW_STYLE,(21-200-22)]
[Ok][Addition] - [BE->FE] [P: CesLayer,BOTTOM,(13-8-23)] [O: CesConstraint,DIELCONST,(21-201-22)]
[Ok][Addition] - [BE->FE] [P: CesLayer,BOTTOM,(13-8-23)] [O: CesConstraint,ER_FREQ,(21-202-22)]
[Ok][Addition] - [BE->FE] [P: CesLayer,BOTTOM,(13-8-23)] [O: CesConstraint,LOSS_TAN_FREQ,(21-203-22)]
[Ok][Addition] - [BE->FE] [P: CesLayer,BOTTOM,(13-8-23)] [O: CesConstraint,LOSS_TAN,(21-204-22)]
[Ok][Addition] - [BE->FE] [P: CesLayer,BOTTOM,(13-8-23)] [O: CesConstraint,THERMAL_COND,(21-205-22)]
[Ok][Addition] - [BE->FE] [P: CesLayer,BOTTOM,(13-8-23)] [O: CesConstraint,TRACE_WIDTH,(21-206-22)]
[Ok][Addition] - [BE->FE] [P: CesLayer,BOTTOM,(13-8-23)] [O: CesConstraint,TARGET_Z0,(21-207-22)]
[Ok][Addition] - [BE->FE] [P: CesLayer,BOTTOM,(13-8-23)] [O: CesConstraint,ZZ_WIDTH,(21-208-22)]
[Ok][Addition] - [BE->FE] [P: CesLayer,BOTTOM,(13-8-23)] [O: CesConstraint,GAP,(21-209-22)]
[Ok][Addition] - [BE->FE] [P: CesLayer,DIELECTRIC_25,(13-9-23)] [O: CesConstraint,DIELCONST,(21-210-22)]
[Ok][Addition] - [BE->FE] [P: CesLayer,DIELECTRIC_25,(13-9-23)] [O: CesConstraint,ER_FREQ,(21-211-22)]
[Ok][Addition] - [BE->FE] [P: CesLayer,DIELECTRIC_25,(13-9-23)] [O: CesConstraint,LOSS_TAN_FREQ,(21-212-22)]
[Ok][Addition] - [BE->FE] [P: CesLayer,DIELECTRIC_25,(13-9-23)] [O: CesConstraint,LOSS_TAN,(21-213-22)]
[Ok][Addition] - [BE->FE] [P: CesLayer,DIELECTRIC_25,(13-9-23)] [O: CesConstraint,THERMAL_COND,(21-214-22)]
[Ok][Addition] - [BE->FE] [P: CesLayer,DIELECTRIC_25,(13-9-23)] [O: CesConstraint,LAYER_TECH,(21-215-22)]
[Ok][Addition] - [BE->FE] [P: CesLayer,L2_GND,(13-4-23)] [O: CesConstraint,PLANE_TYPE,(22-1-22)]
[Ok][Addition] - [BE->FE] [P: CesLayer,L2_GND,(13-4-23)] [O: CesConstraint,PLANE_NETS,(22-2-22)]
[Ok][Addition] - [BE->FE] [P: CesLayer,L2_GND,(13-4-23)] [O: CesConstraint,PNET_CLEARANCES,(22-3-22)]
[Ok][Addition] - [BE->FE] [P: CesLayer,L2_GND,(13-4-23)] [O: CesConstraint,PNET_UBORDERS,(22-4-22)]
[Ok][Addition] - [BE->FE] [P: CesLayer,L4_GND,(13-10-23)] [O: CesConstraint,PLANE_NETS,(22-5-22)]
[Ok][Addition] - [BE->FE] [P: CesLayer,L4_GND,(13-10-23)] [O: CesConstraint,PNET_CLEARANCES,(22-6-22)]
[Ok][Addition] - [BE->FE] [P: CesLayer,L4_GND,(13-10-23)] [O: CesConstraint,PNET_UBORDERS,(22-7-22)]
[Ok][Addition] - [BE->FE] [P: CesLayer,L6_POWER,(13-14-23)] [O: CesConstraint,PLANE_NETS,(22-8-22)]
[Ok][Addition] - [BE->FE] [P: CesLayer,L6_POWER,(13-14-23)] [O: CesConstraint,PNET_CLEARANCES,(22-9-22)]
[Ok][Addition] - [BE->FE] [P: CesLayer,L6_POWER,(13-14-23)] [O: CesConstraint,PNET_UBORDERS,(22-10-22)]
[Ok][Addition] - [BE->FE] [P: CesLayer,L7_PWR,(13-16-23)] [O: CesConstraint,PLANE_NETS,(22-11-22)]
[Ok][Addition] - [BE->FE] [P: CesLayer,L7_PWR,(13-16-23)] [O: CesConstraint,PNET_CLEARANCES,(22-12-22)]
[Ok][Addition] - [BE->FE] [P: CesLayer,L7_PWR,(13-16-23)] [O: CesConstraint,PNET_UBORDERS,(22-13-22)]
[Ok][Addition] - [BE->FE] [P: CesLayer,L9_PWR,(20-3-23)] [O: CesConstraint,PLANE_NETS,(22-14-22)]
[Ok][Addition] - [BE->FE] [P: CesLayer,L9_PWR,(20-3-23)] [O: CesConstraint,PNET_CLEARANCES,(22-15-22)]
[Ok][Addition] - [BE->FE] [P: CesLayer,L9_PWR,(20-3-23)] [O: CesConstraint,PNET_UBORDERS,(22-16-22)]
[Ok][Addition] - [BE->FE] [P: CesLayer,L11_GND,(20-7-23)] [O: CesConstraint,PLANE_NETS,(22-17-22)]
[Ok][Addition] - [BE->FE] [P: CesLayer,L11_GND,(20-7-23)] [O: CesConstraint,PNET_CLEARANCES,(22-18-22)]
[Ok][Addition] - [BE->FE] [P: CesLayer,L11_GND,(20-7-23)] [O: CesConstraint,PNET_UBORDERS,(22-19-22)]
--------------------------------------------------------------------------------
 CES synchronization - END (2015-10-23 16:12:32) 
--------------------------------------------------------------------------------
--------------------------------------------------------------------------------
 VMVariant synchronization - START (2015-10-23 16:12:32) 
--------------------------------------------------------------------------------
--------------------------------------------------------------------------------
 VMVariant synchronization - END (2015-10-23 16:12:32) 
--------------------------------------------------------------------------------
--------------------------------------------------------------------------------
 Project integration - END (2015-10-23 16:12:32) 
--------------------------------------------------------------------------------
