--------------------------------------------------------------------------------
 Project integration - START (2018-05-20 00:02:08) 
--------------------------------------------------------------------------------
FE snapshot name: DxD
BE snapshot name: parallella_layout_temp
Top level block: (3-1-5)
Parameters: FAConstraints,FEWin,
--------------------------------------------------------------------------------
--------------------------------------------------------------------------------
 CES synchronization - START (2018-05-20 00:02:08) 
--------------------------------------------------------------------------------

--------------------------------------------------------------------------------
 TOPOLOGY synchronization - START (2018-05-20 00:02:08) 
--------------------------------------------------------------------------------
--------------------------------------------------------------------------------
 TOPOLOGY synchronization - END (2018-05-20 00:02:08) 
--------------------------------------------------------------------------------
[Skipped][Addition] - [FE->BE] [P: CesComp,C?,(1315-5-51)] [O: CesConstraint,DEF_VALUE,(1315-13-22)]
[Skipped][Addition] - [FE->BE] [P: CesPin,1,(1315-9-52)] [O: CesConstraint,ASSIGN_PIN_GROUP,(1315-14-22)]
[Skipped][Addition] - [FE->BE] [P: CesPin,2,(1315-10-52)] [O: CesConstraint,ASSIGN_PIN_GROUP,(1315-15-22)]
[Skipped][Addition] - [FE->BE] [P: CesComp,C?,(1315-6-51)] [O: CesConstraint,DEF_VALUE,(1315-16-22)]
[Skipped][Addition] - [FE->BE] [P: CesPin,1,(1315-11-52)] [O: CesConstraint,ASSIGN_PIN_GROUP,(1315-17-22)]
[Skipped][Addition] - [FE->BE] [P: CesPin,2,(1315-12-52)] [O: CesConstraint,ASSIGN_PIN_GROUP,(1315-18-22)]
--------------------------------------------------------------------------------
 CES synchronization - END (2018-05-20 00:02:08) 
--------------------------------------------------------------------------------
--------------------------------------------------------------------------------
 Project integration - END (2018-05-20 00:02:08) 
--------------------------------------------------------------------------------
